Log file open, 03/13/18 16:21:07
LogWindows: Failed to load 'aqProf.dll' (GetLastError=126)
LogWindows: File 'aqProf.dll' does not exist
LogWindows: Failed to load 'VSPerf140.dll' (GetLastError=126)
LogWindows: File 'VSPerf140.dll' does not exist
LogWindows: Failed to load 'VtuneApi.dll' (GetLastError=126)
LogWindows: File 'VtuneApi.dll' does not exist
LogWindows: Failed to load 'VtuneApi32e.dll' (GetLastError=126)
LogWindows: File 'VtuneApi32e.dll' does not exist
LogInit: Display: Running engine for game: MyProject3
LogPlatformFile: Not using cached read wrapper
LogInit: Display: RandInit(-1767893085) SRandInit(-1767893085).
LogInit: Read version file with build ID '3709383'
LogInit: Overriding engine version to CL 3754814, compatible CL 3709383
LogInit: Registered custom module enumerator with build ID '3709383'
LogTaskGraph: Started task graph with 5 named threads and 14 total threads with 3 sets of task threads.
LogStats: Stats thread started at 0.196961
LogD3D11RHI: Aftermath initialized
LogModuleManager: Display: Found up-to-date module file ../../../Engine/Plugins/2D/Paper2D/Binaries/Win64/UE4Editor-Paper2D.dll (API version 3709383).
LogModuleManager: Display: Found up-to-date module file ../../../Engine/Plugins/2D/Paper2D/Binaries/Win64/UE4Editor-Paper2DEditor.dll (API version 3709383).
LogModuleManager: Display: Found up-to-date module file ../../../Engine/Plugins/2D/Paper2D/Binaries/Win64/UE4Editor-PaperSpriteSheetImporter.dll (API version 3709383).
LogModuleManager: Display: Found up-to-date module file ../../../Engine/Plugins/2D/Paper2D/Binaries/Win64/UE4Editor-PaperTiledImporter.dll (API version 3709383).
LogModuleManager: Display: Found up-to-date module file ../../../Engine/Plugins/2D/Paper2D/Binaries/Win64/UE4Editor-SmartSnapping.dll (API version 3709383).
LogModuleManager: Display: Found up-to-date module file ../../../Engine/Plugins/Blendables/LightPropagationVolume/Binaries/Win64/UE4Editor-LightPropagationVolumeRuntime.dll (API version 3709383).
LogModuleManager: Display: Found up-to-date module file ../../../Engine/Plugins/Blendables/LightPropagationVolume/Binaries/Win64/UE4Editor-LightPropagationVolumeEditor.dll (API version 3709383).
LogModuleManager: Display: Found up-to-date module file ../../../Engine/Plugins/Developer/GitSourceControl/Binaries/Win64/UE4Editor-GitSourceControl.dll (API version 3709383).
LogModuleManager: Display: Found up-to-date module file ../../../Engine/Plugins/Developer/PerforceSourceControl/Binaries/Win64/UE4Editor-PerforceSourceControl.dll (API version 3709383).
LogModuleManager: Display: Found up-to-date module file ../../../Engine/Plugins/Developer/SubversionSourceControl/Binaries/Win64/UE4Editor-SubversionSourceControl.dll (API version 3709383).
LogModuleManager: Display: Found up-to-date module file ../../../Engine/Plugins/Developer/UObjectPlugin/Binaries/Win64/UE4Editor-UObjectPlugin.dll (API version 3709383).
LogModuleManager: Display: Found up-to-date module file ../../../Engine/Plugins/Developer/VisualStudioCodeSourceCodeAccess/Binaries/Win64/UE4Editor-VisualStudioCodeSourceCodeAccess.dll (API version 3709383).
LogModuleManager: Display: Found up-to-date module file ../../../Engine/Plugins/Developer/VisualStudioSourceCodeAccess/Binaries/Win64/UE4Editor-VisualStudioSourceCodeAccess.dll (API version 3709383).
LogModuleManager: Display: Found up-to-date module file ../../../Engine/Plugins/Editor/AssetManagerEditor/Binaries/Win64/UE4Editor-AssetManagerEditor.dll (API version 3709383).
LogModuleManager: Display: Found up-to-date module file ../../../Engine/Plugins/Editor/AudioCapture/Binaries/Win64/UE4Editor-AudioCapture.dll (API version 3709383).
LogModuleManager: Display: Found up-to-date module file ../../../Engine/Plugins/Editor/FacialAnimation/Binaries/Win64/UE4Editor-FacialAnimation.dll (API version 3709383).
LogModuleManager: Display: Found up-to-date module file ../../../Engine/Plugins/Editor/FacialAnimation/Binaries/Win64/UE4Editor-FacialAnimationEditor.dll (API version 3709383).
LogModuleManager: Display: Found up-to-date module file ../../../Engine/Plugins/Editor/GameplayTagsEditor/Binaries/Win64/UE4Editor-GameplayTagsEditor.dll (API version 3709383).
LogModuleManager: Display: Found up-to-date module file ../../../Engine/Plugins/Editor/MobileLauncherProfileWizard/Binaries/Win64/UE4Editor-MobileLauncherProfileWizard.dll (API version 3709383).
LogModuleManager: Display: Found up-to-date module file ../../../Engine/Plugins/Editor/PluginBrowser/Binaries/Win64/UE4Editor-PluginBrowser.dll (API version 3709383).
LogModuleManager: Display: Found up-to-date module file ../../../Engine/Plugins/Editor/SpeedTreeImporter/Binaries/Win64/UE4Editor-SpeedTreeImporter.dll (API version 3709383).
LogModuleManager: Display: Found up-to-date module file ../../../Engine/Plugins/Experimental/AlembicImporter/Binaries/Win64/UE4Editor-AlembicImporter.dll (API version 3709383).
LogModuleManager: Display: Found up-to-date module file ../../../Engine/Plugins/Experimental/AlembicImporter/Binaries/Win64/UE4Editor-AlembicLibrary.dll (API version 3709383).
LogModuleManager: Display: Found up-to-date module file ../../../Engine/Plugins/Experimental/CharacterAI/Binaries/Win64/UE4Editor-CharacterAI.dll (API version 3709383).
LogModuleManager: Display: Found up-to-date module file ../../../Engine/Plugins/Experimental/HTML5Networking/Binaries/Win64/UE4Editor-HTML5Networking.dll (API version 3709383).
LogModuleManager: Display: Found up-to-date module file ../../../Engine/Plugins/Media/AndroidMedia/Binaries/Win64/UE4Editor-AndroidMediaEditor.dll (API version 3709383).
LogModuleManager: Display: Found up-to-date module file ../../../Engine/Plugins/Media/AndroidMedia/Binaries/Win64/UE4Editor-AndroidMediaFactory.dll (API version 3709383).
LogModuleManager: Display: Found up-to-date module file ../../../Engine/Plugins/Media/AvfMedia/Binaries/Win64/UE4Editor-AvfMediaEditor.dll (API version 3709383).
LogModuleManager: Display: Found up-to-date module file ../../../Engine/Plugins/Media/AvfMedia/Binaries/Win64/UE4Editor-AvfMediaFactory.dll (API version 3709383).
LogModuleManager: Display: Found up-to-date module file ../../../Engine/Plugins/Media/AvfMedia/Binaries/Win64/UE4Editor-AvfMediaFactory.dll (API version 3709383).
LogModuleManager: Display: Found up-to-date module file ../../../Engine/Plugins/Media/ImgMedia/Binaries/Win64/UE4Editor-ImgMedia.dll (API version 3709383).
LogModuleManager: Display: Found up-to-date module file ../../../Engine/Plugins/Media/ImgMedia/Binaries/Win64/UE4Editor-ImgMediaEditor.dll (API version 3709383).
LogModuleManager: Display: Found up-to-date module file ../../../Engine/Plugins/Media/ImgMedia/Binaries/Win64/UE4Editor-ImgMediaFactory.dll (API version 3709383).
LogModuleManager: Display: Found up-to-date module file ../../../Engine/Plugins/Media/ImgMedia/Binaries/Win64/UE4Editor-ImgMediaFactory.dll (API version 3709383).
LogModuleManager: Display: Found up-to-date module file ../../../Engine/Plugins/Media/ImgMedia/Binaries/Win64/UE4Editor-OpenExrWrapper.dll (API version 3709383).
LogModuleManager: Display: Found up-to-date module file ../../../Engine/Plugins/Media/MediaCompositing/Binaries/Win64/UE4Editor-MediaCompositing.dll (API version 3709383).
LogModuleManager: Display: Found up-to-date module file ../../../Engine/Plugins/Media/MediaCompositing/Binaries/Win64/UE4Editor-MediaCompositingEditor.dll (API version 3709383).
LogModuleManager: Display: Found up-to-date module file ../../../Engine/Plugins/Media/MediaPlayerEditor/Binaries/Win64/UE4Editor-MediaPlayerEditor.dll (API version 3709383).
LogModuleManager: Display: Found up-to-date module file ../../../Engine/Plugins/Media/WmfMedia/Binaries/Win64/UE4Editor-WmfMedia.dll (API version 3709383).
LogModuleManager: Display: Found up-to-date module file ../../../Engine/Plugins/Media/WmfMedia/Binaries/Win64/UE4Editor-WmfMediaEditor.dll (API version 3709383).
LogModuleManager: Display: Found up-to-date module file ../../../Engine/Plugins/Media/WmfMedia/Binaries/Win64/UE4Editor-WmfMediaFactory.dll (API version 3709383).
LogModuleManager: Display: Found up-to-date module file ../../../Engine/Plugins/Media/WmfMedia/Binaries/Win64/UE4Editor-WmfMediaFactory.dll (API version 3709383).
LogModuleManager: Display: Found up-to-date module file ../../../Engine/Plugins/Messaging/TcpMessaging/Binaries/Win64/UE4Editor-TcpMessaging.dll (API version 3709383).
LogModuleManager: Display: Found up-to-date module file ../../../Engine/Plugins/Messaging/UdpMessaging/Binaries/Win64/UE4Editor-UdpMessaging.dll (API version 3709383).
LogModuleManager: Display: Found up-to-date module file ../../../Engine/Plugins/MovieScene/ActorSequence/Binaries/Win64/UE4Editor-ActorSequence.dll (API version 3709383).
LogModuleManager: Display: Found up-to-date module file ../../../Engine/Plugins/MovieScene/LevelSequenceEditor/Binaries/Win64/UE4Editor-LevelSequenceEditor.dll (API version 3709383).
LogModuleManager: Display: Found up-to-date module file ../../../Engine/Plugins/MovieScene/MatineeToLevelSequence/Binaries/Win64/UE4Editor-MatineeToLevelSequence.dll (API version 3709383).
LogModuleManager: Display: Found up-to-date module file ../../../Engine/Plugins/Online/OnlineSubsystem/Binaries/Win64/UE4Editor-OnlineSubsystem.dll (API version 3709383).
LogModuleManager: Display: Found up-to-date module file ../../../Engine/Plugins/Runtime/AndroidPermission/Binaries/Win64/UE4Editor-AndroidPermission.dll (API version 3709383).
LogModuleManager: Display: Found up-to-date module file ../../../Engine/Plugins/Online/OnlineSubsystemNull/Binaries/Win64/UE4Editor-OnlineSubsystemNull.dll (API version 3709383).
LogModuleManager: Display: Found up-to-date module file ../../../Engine/Plugins/Online/OnlineSubsystemUtils/Binaries/Win64/UE4Editor-OnlineSubsystemUtils.dll (API version 3709383).
LogModuleManager: Display: Found up-to-date module file ../../../Engine/Plugins/Online/OnlineSubsystemUtils/Binaries/Win64/UE4Editor-OnlineBlueprintSupport.dll (API version 3709383).
LogModuleManager: Display: Found up-to-date module file ../../../Engine/Plugins/Runtime/AndroidDeviceProfileSelector/Binaries/Win64/UE4Editor-AndroidDeviceProfileSelector.dll (API version 3709383).
LogModuleManager: Display: Found up-to-date module file ../../../Engine/Plugins/Runtime/AppleARKit/Binaries/Win64/UE4Editor-AppleARKit.dll (API version 3709383).
LogModuleManager: Display: Found up-to-date module file ../../../Engine/Plugins/Runtime/ArchVisCharacter/Binaries/Win64/UE4Editor-ArchVisCharacter.dll (API version 3709383).
LogModuleManager: Display: Found up-to-date module file ../../../Engine/Plugins/Runtime/CableComponent/Binaries/Win64/UE4Editor-CableComponent.dll (API version 3709383).
LogModuleManager: Display: Found up-to-date module file ../../../Engine/Plugins/Runtime/CustomMeshComponent/Binaries/Win64/UE4Editor-CustomMeshComponent.dll (API version 3709383).
LogModuleManager: Display: Found up-to-date module file ../../../Engine/Plugins/Runtime/ExampleDeviceProfileSelector/Binaries/Win64/UE4Editor-ExampleDeviceProfileSelector.dll (API version 3709383).
LogModuleManager: Display: Found up-to-date module file ../../../Engine/Plugins/Runtime/ImmediatePhysics/Binaries/Win64/UE4Editor-ImmediatePhysics.dll (API version 3709383).
LogModuleManager: Display: Found up-to-date module file ../../../Engine/Plugins/Runtime/ImmediatePhysics/Binaries/Win64/UE4Editor-ImmediatePhysicsEditor.dll (API version 3709383).
LogModuleManager: Display: Found up-to-date module file ../../../Engine/Plugins/Runtime/LocationServicesBPLibrary/Binaries/Win64/UE4Editor-LocationServicesBPLibrary.dll (API version 3709383).
LogModuleManager: Display: Found up-to-date module file ../../../Engine/Plugins/Runtime/MobilePatchingUtils/Binaries/Win64/UE4Editor-MobilePatchingUtils.dll (API version 3709383).
LogModuleManager: Display: Found up-to-date module file ../../../Engine/Plugins/Runtime/Oculus/OculusVR/Binaries/Win64/UE4Editor-OculusHMD.dll (API version 3709383).
LogModuleManager: Display: Found up-to-date module file ../../../Engine/Plugins/Runtime/Oculus/OculusVR/Binaries/Win64/UE4Editor-OculusInput.dll (API version 3709383).
LogModuleManager: Display: Found up-to-date module file ../../../Engine/Plugins/Runtime/Oculus/OculusVR/Binaries/Win64/UE4Editor-OculusEditor.dll (API version 3709383).
LogModuleManager: Display: Found up-to-date module file ../../../Engine/Plugins/Runtime/PhysXVehicles/Binaries/Win64/UE4Editor-PhysXVehicles.dll (API version 3709383).
LogModuleManager: Display: Found up-to-date module file ../../../Engine/Plugins/Runtime/PhysXVehicles/Binaries/Win64/UE4Editor-PhysXVehiclesEditor.dll (API version 3709383).
LogModuleManager: Display: Found up-to-date module file ../../../Engine/Plugins/Runtime/ProceduralMeshComponent/Binaries/Win64/UE4Editor-ProceduralMeshComponent.dll (API version 3709383).
LogModuleManager: Display: Found up-to-date module file ../../../Engine/Plugins/Runtime/ProceduralMeshComponent/Binaries/Win64/UE4Editor-ProceduralMeshComponentEditor.dll (API version 3709383).
LogModuleManager: Display: Found up-to-date module file ../../../Engine/Plugins/Runtime/RuntimePhysXCooking/Binaries/Win64/UE4Editor-RuntimePhysXCooking.dll (API version 3709383).
LogModuleManager: Display: Found up-to-date module file ../../../Engine/Plugins/Runtime/Steam/SteamVR/Binaries/Win64/UE4Editor-SteamVR.dll (API version 3709383).
LogModuleManager: Display: Found up-to-date module file ../../../Engine/Plugins/Runtime/Steam/SteamVR/Binaries/Win64/UE4Editor-SteamVRController.dll (API version 3709383).
LogModuleManager: Display: Found up-to-date module file ../../../Engine/Plugins/Runtime/WindowsMoviePlayer/Binaries/Win64/UE4Editor-WindowsMoviePlayer.dll (API version 3709383).
LogPluginManager: Mounting plugin Paper2D
LogPluginManager: Mounting plugin LightPropagationVolume
LogPluginManager: Mounting plugin CodeLiteSourceCodeAccess
LogPluginManager: Mounting plugin GitSourceControl
LogPluginManager: Mounting plugin KDevelopSourceCodeAccess
LogPluginManager: Mounting plugin NullSourceCodeAccess
LogPluginManager: Mounting plugin PerforceSourceControl
LogPluginManager: Mounting plugin SubversionSourceControl
LogPluginManager: Mounting plugin UObjectPlugin
LogPluginManager: Mounting plugin VisualStudioCodeSourceCodeAccess
LogPluginManager: Mounting plugin VisualStudioSourceCodeAccess
LogPluginManager: Mounting plugin XCodeSourceCodeAccess
LogPluginManager: Mounting plugin AssetManagerEditor
LogPluginManager: Mounting plugin AudioCapture
LogPluginManager: Mounting plugin FacialAnimation
LogPluginManager: Mounting plugin GameplayTagsEditor
LogPluginManager: Mounting plugin MobileLauncherProfileWizard
LogPluginManager: Mounting plugin PluginBrowser
LogPluginManager: Mounting plugin SpeedTreeImporter
LogPluginManager: Mounting plugin AlembicImporter
LogPluginManager: Mounting plugin CharacterAI
LogPluginManager: Mounting plugin HTML5Networking
LogPluginManager: Mounting plugin AndroidMedia
LogPluginManager: Mounting plugin AvfMedia
LogPluginManager: Mounting plugin ImgMedia
LogPluginManager: Mounting plugin MediaCompositing
LogPluginManager: Mounting plugin MediaPlayerEditor
LogPluginManager: Mounting plugin WmfMedia
LogPluginManager: Mounting plugin TcpMessaging
LogPluginManager: Mounting plugin UdpMessaging
LogPluginManager: Mounting plugin ActorSequence
LogPluginManager: Mounting plugin LevelSequenceEditor
LogPluginManager: Mounting plugin MatineeToLevelSequence
LogPluginManager: Mounting plugin OnlineSubsystemGooglePlay
LogPluginManager: Mounting plugin OnlineSubsystemIOS
LogPluginManager: Mounting plugin OnlineSubsystem
LogPluginManager: Mounting plugin OnlineSubsystemNull
LogPluginManager: Mounting plugin OnlineSubsystemUtils
LogPluginManager: Mounting plugin AndroidDeviceProfileSelector
LogPluginManager: Mounting plugin AndroidMoviePlayer
LogPluginManager: Mounting plugin AndroidPermission
LogPluginManager: Mounting plugin AppleARKit
LogPluginManager: Mounting plugin AppleMoviePlayer
LogPluginManager: Mounting plugin ArchVisCharacter
LogPluginManager: Mounting plugin CableComponent
LogPluginManager: Mounting plugin CustomMeshComponent
LogPluginManager: Mounting plugin ExampleDeviceProfileSelector
LogPluginManager: Mounting plugin GoogleCloudMessaging
LogPluginManager: Mounting plugin ImmediatePhysics
LogPluginManager: Mounting plugin IOSDeviceProfileSelector
LogPluginManager: Mounting plugin LinuxDeviceProfileSelector
LogPluginManager: Mounting plugin LocationServicesBPLibrary
LogPluginManager: Mounting plugin MobilePatchingUtils
LogPluginManager: Mounting plugin OculusVR
LogPluginManager: Plugin shader directory ../../../Engine/Plugins/Runtime/Oculus/OculusVR/Shaders found
LogPluginManager: Mapping shader source directory ../../../Engine/Plugins/Runtime/Oculus/OculusVR/Shaders to virtual directory /Plugin/OculusVR
LogPluginManager: Mounting plugin PhysXVehicles
LogPluginManager: Mounting plugin ProceduralMeshComponent
LogPluginManager: Mounting plugin RuntimePhysXCooking
LogPluginManager: Mounting plugin SteamVR
LogPluginManager: Mounting plugin WindowsMoviePlayer
LogInit: Using libcurl 7.47.1
LogInit:  - built for x86_64-pc-win32
LogInit:  - supports SSL with OpenSSL/1.0.2g
LogInit:  - supports HTTP deflate (compression) using libz 1.2.8
LogInit:  - other features:
LogInit:      CURL_VERSION_SSL
LogInit:      CURL_VERSION_LIBZ
LogInit:      CURL_VERSION_IPV6
LogInit:      CURL_VERSION_ASYNCHDNS
LogInit:      CURL_VERSION_LARGEFILE
LogInit:      CURL_VERSION_IDN
LogInit:  CurlRequestOptions (configurable via config and command line):
LogInit:  - bVerifyPeer = false  - Libcurl will NOT verify peer certificate
LogInit:  - bUseHttpProxy = false  - Libcurl will NOT use HTTP proxy
LogInit:  - bDontReuseConnections = false  - Libcurl will reuse connections
LogInit:  - CertBundlePath = nullptr  - Libcurl will use whatever was configured at build time.
LogInit: Build: ++UE4+Release-4.18-CL-3754814
LogInit: Engine Version: 4.18.1-3754814+++UE4+Release-4.18
LogInit: Compatible Engine Version: 4.18.0-3709383+++UE4+Release-4.18
LogInit: Net CL: 3709383
LogDevObjectVersion: Number of dev versions registered: 16
LogDevObjectVersion:   Dev-Blueprints (B0D832E4-1F89-4F0D-ACCF-7EB736FD4AA2): 10
LogDevObjectVersion:   Dev-Build (E1C64328-A22C-4D53-A36C-8E866417BD8C): 0
LogDevObjectVersion:   Dev-Core (375EC13C-06E4-48FB-B500-84F0262A717E): 2
LogDevObjectVersion:   Dev-Editor (E4B068ED-F494-42E9-A231-DA0B2E46BB41): 20
LogDevObjectVersion:   Dev-Framework (CFFC743F-43B0-4480-9391-14DF171D2073): 30
LogDevObjectVersion:   Dev-Mobile (B02B49B5-BB20-44E9-A304-32B752E40360): 0
LogDevObjectVersion:   Dev-Networking (A4E4105C-59A1-49B5-A7C5-40C4547EDFEE): 0
LogDevObjectVersion:   Dev-Online (39C831C9-5AE6-47DC-9A44-9C173E1C8E7C): 0
LogDevObjectVersion:   Dev-Physics (78F01B33-EBEA-4F98-B9B4-84EACCB95AA2): 0
LogDevObjectVersion:   Dev-Platform (6631380F-2D4D-43E0-8009-CF276956A95A): 0
LogDevObjectVersion:   Dev-Rendering (12F88B9F-8875-4AFC-A67C-D90C383ABD29): 20
LogDevObjectVersion:   Dev-Sequencer (7B5AE74C-D270-4C10-A958-57980B212A5A): 4
LogDevObjectVersion:   Dev-VR (D7296918-1DD6-4BDD-9DE2-64A83CC13884): 0
LogDevObjectVersion:   Dev-LoadTimes (C2A15278-BFE7-4AFE-6C17-90FF531DF755): 1
LogDevObjectVersion:   Private-Geometry (6EACA3D4-40EC-4CC1-B786-8BED09428FC5): 1
LogDevObjectVersion:   Dev-AnimPhys (29E575DD-E0A3-4627-9D10-D276232CDCEA): 12
LogInit: Compiled (64-bit): Nov 14 2017 02:05:55
LogInit: Compiled with Visual C++: 19.00.24215.01
LogInit: Build Configuration: Development
LogInit: Branch Name: ++UE4+Release-4.18
LogInit: Command line:  
LogInit: Base directory: C:/Program Files/Epic Games/UE_4.18/Engine/Binaries/Win64/
LogInit: Installed Engine Build: 1
LogInit: Presizing for max 8388607 objects, including 0 objects not considered by GC, pre-allocating 0 bytes for permanent pool.
LogInit: Object subsystem initialized
[2018.03.13-15.21.09:468][  0]LogInit: Selected Device Profile: [Windows]
[2018.03.13-15.21.09:468][  0]LogInit: Applying CVar settings loaded from the selected device profile: [Windows]
[2018.03.13-15.21.09:482][  0]LogInit: Computer: WET-FOR-NICOLAS
[2018.03.13-15.21.09:482][  0]LogInit: User: dancy
[2018.03.13-15.21.09:482][  0]LogInit: CPU Page size=4096, Cores=4
[2018.03.13-15.21.09:482][  0]LogInit: High frequency timer resolution =2.437496 MHz
[2018.03.13-15.21.09:483][  0]LogMemory: Memory total: Physical=7.9GB (8GB approx)
[2018.03.13-15.21.09:483][  0]LogMemory: Platform Memory Stats for Windows
[2018.03.13-15.21.09:483][  0]LogMemory: Process Physical Memory: 273.71 MB used, 273.71 MB peak
[2018.03.13-15.21.09:483][  0]LogMemory: Process Virtual Memory: 269.59 MB used, 269.59 MB peak
[2018.03.13-15.21.09:483][  0]LogMemory: Physical Memory: 5363.59 MB used,  2712.01 MB free, 8075.60 MB total
[2018.03.13-15.21.09:483][  0]LogMemory: Virtual Memory: 677.14 MB used,  2712.01 MB free, 134217728.00 MB total
[2018.03.13-15.21.09:694][  0]LogInit: Using OS detected language (fr-FR).
[2018.03.13-15.21.09:694][  0]LogInit: Using OS detected locale (en-GB).
[2018.03.13-15.21.09:697][  0]LogTextLocalizationManager: No localization for 'fr-FR' exists, so 'en' will be used for the language.
[2018.03.13-15.21.10:228][  0]LogInit: Setting process to per monitor DPI aware
[2018.03.13-15.21.10:563][  0]LogD3D11RHI: D3D11 adapters:
[2018.03.13-15.21.10:618][  0]LogD3D11RHI:    0. 'NVIDIA GeForce GTX 1050 Ti' (Feature Level 11_0)
[2018.03.13-15.21.10:618][  0]LogD3D11RHI:       4029/0/4037 MB DedicatedVideo/DedicatedSystem/SharedSystem, Outputs:1, VendorId:0x10de
[2018.03.13-15.21.10:627][  0]LogD3D11RHI:    1. 'Intel(R) HD Graphics 630' (Feature Level 11_0)
[2018.03.13-15.21.10:627][  0]LogD3D11RHI:       128/0/4037 MB DedicatedVideo/DedicatedSystem/SharedSystem, Outputs:0, VendorId:0x8086
[2018.03.13-15.21.10:630][  0]LogD3D11RHI:    2. 'Microsoft Basic Render Driver' (Feature Level 11_0)
[2018.03.13-15.21.10:630][  0]LogD3D11RHI:       0/0/4037 MB DedicatedVideo/DedicatedSystem/SharedSystem, Outputs:0, VendorId:0x1414
[2018.03.13-15.21.10:630][  0]LogD3D11RHI: Chosen D3D11 Adapter: 0
[2018.03.13-15.21.10:637][  0]LogD3D11RHI: Creating new Direct3DDevice
[2018.03.13-15.21.10:637][  0]LogD3D11RHI:     GPU DeviceId: 0x1c8c (for the marketing name, search the web for "GPU Device Id")
[2018.03.13-15.21.10:637][  0]LogWindows: EnumDisplayDevices:
[2018.03.13-15.21.10:637][  0]LogWindows:    0. 'Intel(R) HD Graphics 630' (P:1 D:1)
[2018.03.13-15.21.10:637][  0]LogWindows:    1. 'Intel(R) HD Graphics 630' (P:0 D:0)
[2018.03.13-15.21.10:637][  0]LogWindows:    2. 'Intel(R) HD Graphics 630' (P:0 D:0)
[2018.03.13-15.21.10:637][  0]LogWindows:    3. 'NVIDIA GeForce GTX 1050 Ti' (P:0 D:0)
[2018.03.13-15.21.10:638][  0]LogWindows: DebugString: GetVideoDriverDetailsInvalid PrimaryIsNotTheChoosenAdapter GetVideoDriverDetailsInvalid PrimaryIsNotTheChoosenAdapter GetVideoDriverDetailsInvalid PrimaryIsNotTheChoosenAdapter GetVideoDriverDetailsInvalid PrimaryIsNotTheChoosenAdapter FoundDriverCount:0 
[2018.03.13-15.21.10:638][  0]LogD3D11RHI:     Adapter Name: NVIDIA GeForce GTX 1050 Ti
[2018.03.13-15.21.10:638][  0]LogD3D11RHI:   Driver Version: Unknown (internal:Unknown, unified:Unknown)
[2018.03.13-15.21.10:638][  0]LogD3D11RHI:      Driver Date: Unknown
[2018.03.13-15.21.10:638][  0]LogRHI: Texture pool is 2820 MB (70% of 4029 MB)
[2018.03.13-15.21.10:669][  0]LogD3D11RHI: Async texture creation enabled
[2018.03.13-15.21.10:697][  0]LogD3D11RHI: GPU Timing Frequency: 1000.000000 (Debug: 2 1)
[2018.03.13-15.21.10:698][  0]LogShaderCompilers: Guid format shader working directory is -17 characters bigger than the processId version (../../../../../../Users/dancy/Documents/Unreal Projects/Level4/Intermediate/Shaders/WorkingDirectory/11828/).
[2018.03.13-15.21.10:698][  0]LogShaderCompilers: Cleaned the shader compiler working directory 'C:/Users/dancy/AppData/Local/Temp/UnrealShaderWorkingDir/A9D896284EA69B17407C4EBD312CB69E/'.
[2018.03.13-15.21.10:698][  0]LogShaderCompilers: Display: Using Local Shader Compiler.
[2018.03.13-15.21.11:990][  0]LogTemp: Display: Loaded TP AllDesktopTargetPlatform
[2018.03.13-15.21.12:056][  0]LogTemp: Display: Loaded TP MacClientTargetPlatform
[2018.03.13-15.21.12:140][  0]LogTemp: Display: Loaded TP MacNoEditorTargetPlatform
[2018.03.13-15.21.12:210][  0]LogTemp: Display: Loaded TP MacServerTargetPlatform
[2018.03.13-15.21.12:274][  0]LogTemp: Display: Loaded TP MacTargetPlatform
[2018.03.13-15.21.12:338][  0]LogTemp: Display: Loaded TP WindowsClientTargetPlatform
[2018.03.13-15.21.12:404][  0]LogTemp: Display: Loaded TP WindowsNoEditorTargetPlatform
[2018.03.13-15.21.12:475][  0]LogTemp: Display: Loaded TP WindowsServerTargetPlatform
[2018.03.13-15.21.12:531][  0]LogTemp: Display: Loaded TP WindowsTargetPlatform
[2018.03.13-15.21.12:625][  0]LogTemp: Display: Loaded TP Android_ASTCTargetPlatform
[2018.03.13-15.21.12:699][  0]LogTemp: Display: Loaded TP Android_ATCTargetPlatform
[2018.03.13-15.21.12:759][  0]LogTemp: Display: Loaded TP Android_DXTTargetPlatform
[2018.03.13-15.21.12:820][  0]LogTemp: Display: Loaded TP Android_ETC1TargetPlatform
[2018.03.13-15.21.12:888][  0]LogTemp: Display: Loaded TP Android_ETC2TargetPlatform
[2018.03.13-15.21.13:052][  0]LogTemp: Display: Loaded TP Android_MultiTargetPlatform
[2018.03.13-15.21.13:052][  0]LogTemp: Display: Loaded TP Android_PVRTCTargetPlatform
[2018.03.13-15.21.13:145][  0]LogTemp: Display: Loaded TP AndroidTargetPlatform
[2018.03.13-15.21.13:226][  0]LogTemp: Display: Loaded TP HTML5TargetPlatform
[2018.03.13-15.21.13:358][  0]LogTemp: Display: Loaded TP IOSTargetPlatform
[2018.03.13-15.21.13:390][  0]LogTemp: Display: Loaded TP TVOSTargetPlatform
[2018.03.13-15.21.13:484][  0]LogTemp: Display: Loaded TP LinuxClientTargetPlatform
[2018.03.13-15.21.13:560][  0]LogTemp: Display: Loaded TP LinuxNoEditorTargetPlatform
[2018.03.13-15.21.13:669][  0]LogTemp: Display: Loaded TP LinuxServerTargetPlatform
[2018.03.13-15.21.13:791][  0]LogTemp: Display: Loaded TP LinuxTargetPlatform
[2018.03.13-15.21.13:791][  0]LogTargetPlatformManager: Display: Building Assets For Windows
[2018.03.13-15.21.14:733][  0]LogDerivedDataCache: Display: Max Cache Size: 512 MB
[2018.03.13-15.21.14:865][  0]LogDerivedDataCache: Loaded boot cache 0.13s 78MB C:/Users/dancy/AppData/Local/UnrealEngine/4.18/DerivedDataCache/Boot.ddc.
[2018.03.13-15.21.14:865][  0]LogDerivedDataCache: Display: Loaded Boot cache: C:/Users/dancy/AppData/Local/UnrealEngine/4.18/DerivedDataCache/Boot.ddc
[2018.03.13-15.21.14:865][  0]LogDerivedDataCache: FDerivedDataBackendGraph:  Pak pak cache file ../../../../../../Users/dancy/Documents/Unreal Projects/Level4/DerivedDataCache/DDC.ddp not found, will not use a pak cache.
[2018.03.13-15.21.14:865][  0]LogDerivedDataCache: Unable to find inner node Pak for hierarchical cache Hierarchy.
[2018.03.13-15.21.14:865][  0]LogDerivedDataCache: FDerivedDataBackendGraph:  CompressedPak pak cache file ../../../../../../Users/dancy/Documents/Unreal Projects/Level4/DerivedDataCache/Compressed.ddp not found, will not use a pak cache.
[2018.03.13-15.21.14:865][  0]LogDerivedDataCache: Unable to find inner node CompressedPak for hierarchical cache Hierarchy.
[2018.03.13-15.21.14:883][  0]LogDerivedDataCache: Display: Pak cache opened for reading ../../../Engine/DerivedDataCache/Compressed.ddp.
[2018.03.13-15.21.14:895][  0]LogDerivedDataCache: Using Local data cache path C:/Users/dancy/AppData/Local/UnrealEngine/Common/DerivedDataCache: Writable
[2018.03.13-15.21.14:907][  0]LogMaterial: Verifying Global Shaders for PCD3D_SM5
[2018.03.13-15.21.14:908][  0]LogSlate: Using Freetype 2.6.0
[2018.03.13-15.21.14:908][  0]LogSlate: SlateFontCache - WITH_FREETYPE: 1, WITH_HARFBUZZ: 1
[2018.03.13-15.21.14:908][  0]LogSlate: SlateFontCache - WITH_FREETYPE: 1, WITH_HARFBUZZ: 1
[2018.03.13-15.21.15:377][  0]LogInit: Selected Device Profile: [Windows]
[2018.03.13-15.21.15:863][  0]LogSimplygon: Simplygon DLL not present - disabling.
[2018.03.13-15.21.15:917][  0]LogMeshReduction: Using SimplygonSwarm for distributed automatic mesh merging
[2018.03.13-15.21.15:917][  0]LogMeshReduction: Using QuadricMeshReduction for automatic static mesh reduction
[2018.03.13-15.21.15:917][  0]LogMeshReduction: No automatic skeletal mesh reduction module available
[2018.03.13-15.21.15:917][  0]LogMeshReduction: No automatic mesh merging module available
[2018.03.13-15.21.15:917][  0]LogMeshMerging: No automatic mesh merging module available
[2018.03.13-15.21.15:961][  0]LogNetVersion: MyProject3 , NetCL: 3709383, EngineNetVer: 2, GameNetVer: 0 (Checksum: 3540592630)
[2018.03.13-15.21.16:204][  0]LogAssetRegistry: FAssetRegistry took 0.0280 seconds to start up
[2018.03.13-15.21.22:917][  0]LogAssetRegistry: Error: Failed to open file for write ../../../../../../Users/dancy/Documents/Unreal Projects/Level4/Intermediate/AssetRegistryCache/8c0e1344.bin
[2018.03.13-15.21.22:929][  0]LogAssetRegistry: Error: Failed to open file for write ../../../../../../Users/dancy/Documents/Unreal Projects/Level4/Intermediate/AssetRegistryCache/2f5244c7.bin
[2018.03.13-15.21.22:935][  0]LogFileManager: Warning: MoveFile was unable to move '../../../../../../Users/dancy/Documents/Unreal Projects/Level4/Intermediate/AssetRegistryCache/f0d5030c.bin.tmp' to '../../../../../../Users/dancy/Documents/Unreal Projects/Level4/Intermediate/AssetRegistryCache/f0d5030c.bin', retrying in .5s...
[2018.03.13-15.21.23:436][  0]LogFileManager: Warning: MoveFile was unable to move '../../../../../../Users/dancy/Documents/Unreal Projects/Level4/Intermediate/AssetRegistryCache/f0d5030c.bin.tmp' to '../../../../../../Users/dancy/Documents/Unreal Projects/Level4/Intermediate/AssetRegistryCache/f0d5030c.bin', retrying in .5s...
[2018.03.13-15.21.23:936][  0]LogFileManager: Warning: MoveFile was unable to move '../../../../../../Users/dancy/Documents/Unreal Projects/Level4/Intermediate/AssetRegistryCache/f0d5030c.bin.tmp' to '../../../../../../Users/dancy/Documents/Unreal Projects/Level4/Intermediate/AssetRegistryCache/f0d5030c.bin', retrying in .5s...
[2018.03.13-15.21.24:437][  0]LogFileManager: Warning: MoveFile was unable to move '../../../../../../Users/dancy/Documents/Unreal Projects/Level4/Intermediate/AssetRegistryCache/f0d5030c.bin.tmp' to '../../../../../../Users/dancy/Documents/Unreal Projects/Level4/Intermediate/AssetRegistryCache/f0d5030c.bin', retrying in .5s...
[2018.03.13-15.21.24:938][  0]LogFileManager: Warning: MoveFile was unable to move '../../../../../../Users/dancy/Documents/Unreal Projects/Level4/Intermediate/AssetRegistryCache/f0d5030c.bin.tmp' to '../../../../../../Users/dancy/Documents/Unreal Projects/Level4/Intermediate/AssetRegistryCache/f0d5030c.bin', retrying in .5s...
[2018.03.13-15.21.25:438][  0]LogFileManager: Warning: MoveFile was unable to move '../../../../../../Users/dancy/Documents/Unreal Projects/Level4/Intermediate/AssetRegistryCache/f0d5030c.bin.tmp' to '../../../../../../Users/dancy/Documents/Unreal Projects/Level4/Intermediate/AssetRegistryCache/f0d5030c.bin', retrying in .5s...
[2018.03.13-15.21.25:939][  0]LogFileManager: Warning: MoveFile was unable to move '../../../../../../Users/dancy/Documents/Unreal Projects/Level4/Intermediate/AssetRegistryCache/f0d5030c.bin.tmp' to '../../../../../../Users/dancy/Documents/Unreal Projects/Level4/Intermediate/AssetRegistryCache/f0d5030c.bin', retrying in .5s...
[2018.03.13-15.21.26:440][  0]LogFileManager: Warning: MoveFile was unable to move '../../../../../../Users/dancy/Documents/Unreal Projects/Level4/Intermediate/AssetRegistryCache/f0d5030c.bin.tmp' to '../../../../../../Users/dancy/Documents/Unreal Projects/Level4/Intermediate/AssetRegistryCache/f0d5030c.bin', retrying in .5s...
[2018.03.13-15.21.26:942][  0]LogFileManager: Warning: MoveFile was unable to move '../../../../../../Users/dancy/Documents/Unreal Projects/Level4/Intermediate/AssetRegistryCache/f0d5030c.bin.tmp' to '../../../../../../Users/dancy/Documents/Unreal Projects/Level4/Intermediate/AssetRegistryCache/f0d5030c.bin', retrying in .5s...
[2018.03.13-15.21.27:443][  0]LogFileManager: Warning: MoveFile was unable to move '../../../../../../Users/dancy/Documents/Unreal Projects/Level4/Intermediate/AssetRegistryCache/f0d5030c.bin.tmp' to '../../../../../../Users/dancy/Documents/Unreal Projects/Level4/Intermediate/AssetRegistryCache/f0d5030c.bin', retrying in .5s...
[2018.03.13-15.21.27:944][  0]LogFileManager: Error: Error moving file '../../../../../../Users/dancy/Documents/Unreal Projects/Level4/Intermediate/AssetRegistryCache/f0d5030c.bin.tmp' to '../../../../../../Users/dancy/Documents/Unreal Projects/Level4/Intermediate/AssetRegistryCache/f0d5030c.bin'.
[2018.03.13-15.21.27:952][  0]LogPackageLocalizationCache: Processed 7 localized package path(s) for 1 prioritized culture(s) in 5.144520 seconds
[2018.03.13-15.21.27:962][  0]LogUObjectArray: 35900 objects as part of root set at end of initial load.
[2018.03.13-15.21.27:962][  0]LogUObjectAllocator: 7372024 out of 0 bytes used by permanent object pool.
[2018.03.13-15.21.27:962][  0]LogUObjectArray: CloseDisregardForGC: 0/0 objects in disregard for GC pool
[2018.03.13-15.21.28:039][  0]LogInit: WinSock: version 1.1 (2.2), MaxSocks=32767, MaxUdp=65467
[2018.03.13-15.22.01:347][  0]LogTcpMessaging: Initializing TcpMessaging bridge
[2018.03.13-15.22.01:472][  0]LogUdpMessaging: Initializing bridge on interface 0.0.0.0:0 to multicast group 230.0.0.1:6666.
[2018.03.13-15.22.04:267][  0]LogMaterial: Uniform references updated for custom material expression Custom.
[2018.03.13-15.22.06:178][  0]SourceControl: Source control is disabled
[2018.03.13-15.22.06:187][  0]SourceControl: Source control is disabled
[2018.03.13-15.22.06:347][  0]SourceControl: Source control is disabled
[2018.03.13-15.22.06:554][  0]SourceControl: Source control is disabled
[2018.03.13-15.22.09:429][  0]LogAndroidPermission: UAndroidPermissionCallbackProxy::GetInstance
[2018.03.13-15.22.09:959][  0]LogOcInput: OculusInput pre-init called
[2018.03.13-15.22.11:198][  0]LogEngine: Initializing Engine...
[2018.03.13-15.22.11:265][  0]LogHMD: Failed to initialize OpenVR with code 110
[2018.03.13-15.22.12:882][  0]LogStats: UGameplayTagsManager::ConstructGameplayTagTree: Construct from data asset -  0.000 s
[2018.03.13-15.22.12:883][  0]LogStats: UGameplayTagsManager::ConstructGameplayTagTree: GameplayTagTreeChangedEvent.Broadcast -  0.000 s
[2018.03.13-15.22.13:726][  0]LogAIModule: Creating AISystem for world Untitled
[2018.03.13-15.22.13:900][  0]LogInit: XAudio2 using 'Haut-parleurs (Realtek High Definition Audio(SST))' : 2 channels at 48 kHz using 32 bits per sample (channel mask 0x3)
[2018.03.13-15.22.13:929][  0]LogInit: FAudioDevice initialized.
[2018.03.13-15.22.17:189][  0]LogDerivedDataCache: Saved boot cache 3.24s 78MB C:/Users/dancy/AppData/Local/UnrealEngine/4.18/DerivedDataCache/Boot.ddc.
[2018.03.13-15.22.17:220][  0]LogInit: Texture streaming: Enabled
[2018.03.13-15.22.17:366][  0]LogEngineSessionManager: EngineSessionManager initialized
[2018.03.13-15.22.17:545][  0]LogInit: Transaction tracking system initialized
[2018.03.13-15.22.19:835][  0]BlueprintLog: New page: Editor Load
[2018.03.13-15.22.23:393][  0]LocalizationService: Localization service is disabled
[2018.03.13-15.22.25:872][  0]LogConsoleResponse: Display: 
[2018.03.13-15.22.30:568][  0]LogFileCache: Scanning file cache for directory 'C:/Users/dancy/Documents/Unreal Projects/Level4/Content/' took 0.04s
[2018.03.13-15.22.30:568][  0]LogCook: Display: Max memory allowance for cook 16384mb min free memory 0mb
[2018.03.13-15.22.30:568][  0]LogCook: Display: Mobile HDR setting 1
[2018.03.13-15.22.30:581][  0]LogGameplayTags: Display: UGameplayTagsManager::DoneAddingNativeTags. DelegateIsBound: 0
[2018.03.13-15.22.34:407][  0]SourceControl: Source control is disabled
[2018.03.13-15.22.34:778][  0]LogWindowsTextInputMethodSystem: Display: IME system now deactivated.
[2018.03.13-15.22.34:911][  0]LogSlate: Took 0.014040 seconds to synchronously load lazily loaded font '../../../Engine/Content/Slate/Fonts/Roboto-Regular.ttf' (155K)
[2018.03.13-15.23.57:783][  0]LogWindowsTextInputMethodSystem: Display: IME system now deactivated.
[2018.03.13-15.23.57:787][  0]LogWindowsTextInputMethodSystem: Display: IME system now deactivated.
[2018.03.13-15.23.57:978][  0]Cmd: MAP LOAD FILE="../../../Engine/Content/Maps/Templates/Template_Default.umap" TEMPLATE=1 SHOWPROGRESS=1 FEATURELEVEL=3
[2018.03.13-15.23.58:076][  0]LightingResults: New page: Lighting Build
[2018.03.13-15.23.58:317][  0]MapCheck: New page: Map Check
[2018.03.13-15.23.58:317][  0]LightingResults: New page: Lighting Build
[2018.03.13-15.24.00:944][  0]LogAIModule: Creating AISystem for world Untitled_1
[2018.03.13-15.24.01:524][  0]LogEditorServer: Finished looking for orphan Actors (0.000 secs)
[2018.03.13-15.24.01:710][  0]Cmd: MAP CHECKDEP NOCLEARLOG
[2018.03.13-15.24.01:831][  0]MapCheck: Map check complete: 0 Error(s), 0 Warning(s), took 121.304ms to complete.
[2018.03.13-15.24.01:832][  0]LogFileHelpers: Loading map 'Template_Default' took 3.882
[2018.03.13-15.24.03:748][  0]LogStats: Warning: MetaData mismatch. Did you assign a stat to two groups? New //STATGROUP_Threads//SplashScreenThread///Thread_15fc_0///####STATCAT_Advanced#### old //STATGROUP_Threads//SplashScreenThread///Thread_12a8_0///####STATCAT_Advanced####
[2018.03.13-15.24.03:748][  0]LogCollectionManager: Loaded 0 collections in 0.003141 seconds
[2018.03.13-15.24.04:145][  0]LogFileCache: Scanning file cache for directory 'C:/Users/dancy/Documents/Unreal Projects/Level4/Saved/Collections/' took 0.01s
[2018.03.13-15.24.04:146][  0]LogFileCache: Scanning file cache for directory 'C:/Users/dancy/Documents/Unreal Projects/Level4/Content/Developers/dancy/Collections/' took 0.01s
[2018.03.13-15.24.04:146][  0]LogFileCache: Scanning file cache for directory 'C:/Users/dancy/Documents/Unreal Projects/Level4/Content/Collections/' took 0.01s
[2018.03.13-15.24.04:146][  0]LogCollectionManager: Rebuilt the GUID cache for 0 collections in 0.000000 seconds
[2018.03.13-15.24.04:193][  0]LogContentBrowser: Native class hierarchy populated in 0.0276 seconds. Added 2363 classes and 519 folders.
[2018.03.13-15.24.04:418][  0]LogContentBrowser: Native class hierarchy updated for 'WidgetCarousel' in 0.0006 seconds. Added 0 classes and 0 folders.
[2018.03.13-15.24.06:044][  0]LogContentBrowser: Native class hierarchy updated for 'AddContentDialog' in 0.0002 seconds. Added 0 classes and 0 folders.
[2018.03.13-15.24.06:216][  0]LogContentBrowser: Native class hierarchy updated for 'SceneOutliner' in 0.0004 seconds. Added 1 classes and 2 folders.
[2018.03.13-15.24.07:927][  0]LogSlate: Took 0.018734 seconds to synchronously load lazily loaded font '../../../Engine/Content/Slate/Fonts/Roboto-Bold.ttf' (160K)
[2018.03.13-15.24.07:981][  0]LogSlate: Took 0.020911 seconds to synchronously load lazily loaded font '../../../Engine/Content/Editor/Slate/Fonts/FontAwesome.ttf' (139K)
[2018.03.13-15.24.08:706][  0]LogRenderer: Reallocating scene render targets to support 1208x576 Format 10 NumSamples 1 (Frame:1).
[2018.03.13-15.24.09:893][  0]LogContentBrowser: Native class hierarchy updated for 'HierarchicalLODOutliner' in 0.0003 seconds. Added 1 classes and 2 folders.
[2018.03.13-15.24.09:893][  0]LogLoad: (Engine Initialization) Total time: 184.09 seconds
[2018.03.13-15.24.09:893][  0]LogLoad: (Engine Initialization) Total Blueprint compile time: 0.00 seconds
[2018.03.13-15.24.09:899][  0]LogExternalProfiler: No external profilers were discovered.  External profiling features will not be available.
[2018.03.13-15.24.10:134][  0]LogContentStreaming: Texture pool size now 1000 MB
[2018.03.13-15.24.10:352][  1]LogAssetRegistry: Asset discovery search completed in 174.1706 seconds
[2018.03.13-15.24.10:355][  1]LogCollectionManager: Rebuilt the object cache for 0 collections in 0.000000 seconds (found 0 objects)
[2018.03.13-15.24.10:355][  1]LogCollectionManager: Fixed up redirectors for 0 collections in 0.000085 seconds (updated 0 objects)
[2018.03.13-15.24.11:034][ 18]LogSlate: Took 0.064289 seconds to synchronously load lazily loaded font '../../../Engine/Content/Slate/Fonts/Roboto-Light.ttf' (159K)
[2018.03.13-15.24.14:387][214]LogSlate: Took 0.000218 seconds to synchronously load lazily loaded font '../../../Engine/Content/Slate/Fonts/Roboto-Light.ttf' (159K)
[2018.03.13-15.25.04:885][216]LogSlate: Took 0.000198 seconds to synchronously load lazily loaded font '../../../Engine/Content/Slate/Fonts/Roboto-Light.ttf' (159K)
[2018.03.13-15.25.05:326][216]LogLinker: Warning: Can't find file '/Game/Materials/Activated'
[2018.03.13-15.25.05:327][216]LogLinker: Warning: Can't find file for asset '/Game/Materials/Activated' while loading ../../../../../../Users/dancy/Documents/Unreal Projects/Level4/Content/Blueprints/Actors/BP_Button.uasset.
[2018.03.13-15.25.05:327][216]LoadErrors: Error: /Game/Blueprints/Actors/BP_Button : Can't find file for asset. /Game/Materials/Activated
[2018.03.13-15.25.05:327][216]LogLinker: Warning: Can't find file '/Game/Materials/Desactivated'
[2018.03.13-15.25.05:327][216]LogLinker: Warning: Can't find file for asset '/Game/Materials/Desactivated' while loading ../../../../../../Users/dancy/Documents/Unreal Projects/Level4/Content/Blueprints/Actors/BP_Button.uasset.
[2018.03.13-15.25.05:327][216]LoadErrors: Error: /Game/Blueprints/Actors/BP_Button : Can't find file for asset. /Game/Materials/Desactivated
[2018.03.13-15.25.05:328][216]LogLinker: Warning: Can't find file '/Game/Materials/Activated'
[2018.03.13-15.25.05:329][216]LogLinker: Warning: Can't find file for asset '/Game/Materials/Activated' while loading ../../../../../../Users/dancy/Documents/Unreal Projects/Level4/Content/Blueprints/Actors/BP_Button.uasset.
[2018.03.13-15.25.05:329][216]LogLinker: Warning: Can't find file '/Game/Materials/Desactivated'
[2018.03.13-15.25.05:329][216]LogLinker: Warning: Can't find file for asset '/Game/Materials/Desactivated' while loading ../../../../../../Users/dancy/Documents/Unreal Projects/Level4/Content/Blueprints/Actors/BP_Button.uasset.
[2018.03.13-15.25.05:332][216]LogLinker: Warning: Can't find file '/Game/Materials/Desactivated'
[2018.03.13-15.25.05:332][216]LoadErrors: Failed to load /Game/Materials/Desactivated.Desactivated Referenced by Sphere_GEN_VARIABLE
[2018.03.13-15.25.05:332][216]LogLinker: Warning: Can't find file for asset '/Game/Materials/Desactivated' while loading ../../../../../../Users/dancy/Documents/Unreal Projects/Level4/Content/Blueprints/Players/PC_Main.uasset.
[2018.03.13-15.25.05:332][216]LoadErrors: Error: /Game/Blueprints/Players/PC_Main : Can't find file for asset. /Game/Materials/Desactivated
[2018.03.13-15.25.05:334][216]LogLinker: Warning: Can't find file '/Game/Materials/Activated'
[2018.03.13-15.25.05:334][216]LogLinker: Warning: Can't find file for asset '/Game/Materials/Activated' while loading ../../../../../../Users/dancy/Documents/Unreal Projects/Level4/Content/Blueprints/Players/PC_Main.uasset.
[2018.03.13-15.25.05:334][216]LoadErrors: Error: /Game/Blueprints/Players/PC_Main : Can't find file for asset. /Game/Materials/Activated
[2018.03.13-15.25.05:334][216]LogLinker: Warning: Can't find file '/Game/Materials/Desactivated'
[2018.03.13-15.25.05:334][216]LogLinker: Warning: Can't find file for asset '/Game/Materials/Desactivated' while loading ../../../../../../Users/dancy/Documents/Unreal Projects/Level4/Content/Blueprints/Players/PC_Main.uasset.
[2018.03.13-15.25.05:334][216]LogLinker: Warning: Can't find file '/Game/Materials/Activated'
[2018.03.13-15.25.05:334][216]LogLinker: Warning: Can't find file for asset '/Game/Materials/Activated' while loading ../../../../../../Users/dancy/Documents/Unreal Projects/Level4/Content/Blueprints/Players/PC_Main.uasset.
[2018.03.13-15.25.05:335][216]LogLinker: Warning: Can't find file '/Game/Materials/Desactivated'
[2018.03.13-15.25.05:335][216]LogLinker: Warning: Can't find file for asset '/Game/Materials/Desactivated' while loading ../../../../../../Users/dancy/Documents/Unreal Projects/Level4/Content/Blueprints/Players/PC_Main.uasset.
[2018.03.13-15.25.05:335][216]LogLinker: Warning: Can't find file '/Game/Materials/Activated'
[2018.03.13-15.25.05:335][216]LoadErrors: Failed to load /Game/Materials/Activated.Activated Referenced by K2Node_CallFunction_28
[2018.03.13-15.25.05:336][216]LogLinker: Warning: Can't find file for asset '/Game/Materials/Activated' while loading ../../../../../../Users/dancy/Documents/Unreal Projects/Level4/Content/Blueprints/Players/PC_Main.uasset.
[2018.03.13-15.25.05:705][216]LogAIModule: Creating AISystem for world Level_004
[2018.03.13-15.25.05:783][216]Cmd: MAP LOAD FILE="../../../../../../Users/dancy/Documents/Unreal Projects/Level4/Content/_LEVELS/Level_004.umap" TEMPLATE=0 SHOWPROGRESS=1 FEATURELEVEL=3
[2018.03.13-15.25.05:783][216]LightingResults: New page: Lighting Build
[2018.03.13-15.25.05:784][216]LoadErrors: New page: Loading map: Level_004.umap
[2018.03.13-15.25.05:791][216]MapCheck: New page: Map Check
[2018.03.13-15.25.05:791][216]LightingResults: New page: Lighting Build
[2018.03.13-15.25.06:011][216]LogEditorServer: Finished looking for orphan Actors (0.000 secs)
[2018.03.13-15.25.06:151][216]Cmd: MAP CHECKDEP NOCLEARLOG
[2018.03.13-15.25.06:214][216]MapCheck: Map check complete: 0 Error(s), 0 Warning(s), took 62.66ms to complete.
[2018.03.13-15.25.06:215][216]LogFileHelpers: Loading map 'Level_004' took 0.450
[2018.03.13-15.25.14:333][658]LogEditorViewport: Clicking on Actor (LMB): BP_Teleporter_C (BP_Teleporter)
[2018.03.13-15.25.15:180][677]LogEditorViewport: Clicking on Actor (LMB): BP_Teleporter_C (BP_Teleporter)
[2018.03.13-15.25.22:819][110]LogEditorViewport: Clicking on Actor (LMB): BP_Teleporter_C (BP_Teleporter2)
[2018.03.13-15.25.35:667][855]Cmd: OBJ SAVEPACKAGE PACKAGE="/Game/_LEVELS/Level_004" FILE="../../../../../../Users/dancy/Documents/Unreal Projects/Level4/Content/_LEVELS/Level_004.umap" SILENT=true AUTOSAVING=false KEEPDIRTY=false
[2018.03.13-15.25.35:944][855]LogSavePackage: Save=167.82ms
[2018.03.13-15.25.35:944][855]LogSavePackage: Moving '../../../../../../Users/dancy/Documents/Unreal Projects/Level4/Saved/Level_004D36228DA4F9F27E519541290B98E62AA.tmp' to '../../../../../../Users/dancy/Documents/Unreal Projects/Level4/Content/_LEVELS/Level_004.umap'
[2018.03.13-15.25.35:950][855]LogSavePackage: Display: Finished SavePackage ../../../../../../Users/dancy/Documents/Unreal Projects/Level4/Content/_LEVELS/Level_004.umap
[2018.03.13-15.25.35:983][855]Cmd: OBJ SAVEPACKAGE PACKAGE="/Game/_LEVELS/Level_004_BuiltData" FILE="../../../../../../Users/dancy/Documents/Unreal Projects/Level4/Content/_LEVELS/Level_004_BuiltData.uasset" SILENT=true
[2018.03.13-15.25.36:031][855]LogSavePackage: Save=36.03ms
[2018.03.13-15.25.36:031][855]LogSavePackage: Moving '../../../../../../Users/dancy/Documents/Unreal Projects/Level4/Saved/Level_004_BuiltData6F0BE24B46EE7ABA6B5AC8BFDB8E53E4.tmp' to '../../../../../../Users/dancy/Documents/Unreal Projects/Level4/Content/_LEVELS/Level_004_BuiltData.uasset'
[2018.03.13-15.25.36:033][855]LogSavePackage: Display: Finished SavePackage ../../../../../../Users/dancy/Documents/Unreal Projects/Level4/Content/_LEVELS/Level_004_BuiltData.uasset
[2018.03.13-21.05.53:348][118]LogEditorViewport: Clicking on Actor (LMB): BP_Teleporter_C (BP_Teleporter)
[2018.03.13-21.05.55:541][238]LogEditorViewport: Clicking on Actor (LMB): BP_Teleporter_C (BP_Teleporter3)
[2018.03.13-21.05.57:817][358]LogTemp: Repeating last play command: Selected Viewport
[2018.03.13-21.05.58:632][358]LogPlayLevel: PlayLevel: No blueprints needed recompiling
[2018.03.13-21.05.58:742][358]PIE: New page: PIE session: Level_004 (13 Mar 2018 23:05:58)
[2018.03.13-21.05.58:750][358]LogPlayLevel: Creating play world package: /Game/_LEVELS/UEDPIE_0_Level_004
[2018.03.13-21.05.58:903][358]LogPlayLevel: PIE: StaticDuplicateObject took: (0.153534s)
[2018.03.13-21.05.58:904][358]LogAIModule: Creating AISystem for world Level_004
[2018.03.13-21.05.58:934][358]LogPlayLevel: PIE: World Init took: (0.030913s)
[2018.03.13-21.05.58:946][358]LogPlayLevel: PIE: Created PIE world by copying editor world from /Game/_LEVELS/Level_004.Level_004 to /Game/_LEVELS/UEDPIE_0_Level_004.Level_004 (0.195661s)
[2018.03.13-21.05.59:023][358]LogInit: XAudio2 using 'Haut-parleurs (Realtek High Definition Audio(SST))' : 2 channels at 48 kHz using 32 bits per sample (channel mask 0x3)
[2018.03.13-21.05.59:037][358]LogInit: FAudioDevice initialized.
[2018.03.13-21.05.59:137][358]LogLoad: Game class is 'GM_Main_C'
[2018.03.13-21.05.59:329][358]LogWorld: Bringing World /Game/_LEVELS/UEDPIE_0_Level_004.Level_004 up for play (max tick rate 60) at 2018.03.13-22.05.59
[2018.03.13-21.05.59:423][358]LogWorld: Bringing up level for play took: 0.109832
[2018.03.13-21.05.59:773][358]LogContentBrowser: Native class hierarchy updated for 'MovieSceneCapture' in 0.0125 seconds. Added 11 classes and 0 folders.
[2018.03.13-21.05.59:793][358]LogGameMode: Display: Match State Changed from EnteringMap to WaitingToStart
[2018.03.13-21.05.59:793][358]LogGameState: Match State Changed from EnteringMap to WaitingToStart
[2018.03.13-21.05.59:793][358]LogGameMode: Display: Match State Changed from WaitingToStart to InProgress
[2018.03.13-21.06.00:486][358]LogGameState: Match State Changed from WaitingToStart to InProgress
[2018.03.13-21.06.00:528][358]PIE: Play in editor start time for /Game/_LEVELS/UEDPIE_0_Level_004 1.394
[2018.03.13-21.06.13:812][ 35]LogEditorViewport: Clicking on Actor (LMB): BP_Hori_Platform_C (BP_Hori_Platform)
[2018.03.13-21.06.14:774][ 87]Cmd: DELETE
[2018.03.13-21.06.14:774][ 87]Cmd: ACTOR DELETE
[2018.03.13-21.06.15:381][ 87]LogEditorActor: Deleted Actor: BP_Hori_Platform_C
[2018.03.13-21.06.15:413][ 87]LogEditorActor: Deleted 1 Actors (0.232 secs)
[2018.03.13-21.06.15:942][119]LogEditorViewport: Clicking on Actor (LMB): BP_Hori_PlatformFast_C (BP_Hori_PlatformFast)
[2018.03.13-21.06.16:054][123]Cmd: DELETE
[2018.03.13-21.06.16:054][123]Cmd: ACTOR DELETE
[2018.03.13-21.06.16:057][123]LogEditorActor: Deleted Actor: BP_Hori_PlatformFast_C
[2018.03.13-21.06.16:070][123]LogEditorActor: Deleted 1 Actors (0.016 secs)
[2018.03.13-21.06.17:603][214]LogEditorViewport: Clicking on Actor (LMB): BP_Box_C (BP_Box)
[2018.03.13-21.06.17:762][219]Cmd: DELETE
[2018.03.13-21.06.17:762][219]Cmd: ACTOR DELETE
[2018.03.13-21.06.17:764][219]LogEditorActor: Deleted Actor: BP_Box_C
[2018.03.13-21.06.17:777][219]LogEditorActor: Deleted 1 Actors (0.014 secs)
[2018.03.13-21.06.25:271][651]LogTemp: Repeating last play command: Selected Viewport
[2018.03.13-21.06.25:379][651]LogPlayLevel: PlayLevel: No blueprints needed recompiling
[2018.03.13-21.06.25:379][651]PIE: New page: PIE session: Level_004 (13 Mar 2018 23:06:25)
[2018.03.13-21.06.25:379][651]LogPlayLevel: Creating play world package: /Game/_LEVELS/UEDPIE_0_Level_004
[2018.03.13-21.06.25:391][651]LogPlayLevel: PIE: StaticDuplicateObject took: (0.011270s)
[2018.03.13-21.06.25:392][651]LogAIModule: Creating AISystem for world Level_004
[2018.03.13-21.06.25:392][651]LogPlayLevel: PIE: World Init took: (0.001415s)
[2018.03.13-21.06.25:392][651]LogPlayLevel: PIE: Created PIE world by copying editor world from /Game/_LEVELS/Level_004.Level_004 to /Game/_LEVELS/UEDPIE_0_Level_004.Level_004 (0.013095s)
[2018.03.13-21.06.25:405][651]LogInit: XAudio2 using 'Haut-parleurs (Realtek High Definition Audio(SST))' : 2 channels at 48 kHz using 32 bits per sample (channel mask 0x3)
[2018.03.13-21.06.25:420][651]LogInit: FAudioDevice initialized.
[2018.03.13-21.06.25:457][651]LogLoad: Game class is 'GM_Main_C'
[2018.03.13-21.06.25:459][651]LogWorld: Bringing World /Game/_LEVELS/UEDPIE_0_Level_004.Level_004 up for play (max tick rate 60) at 2018.03.13-22.06.25
[2018.03.13-21.06.25:460][651]LogWorld: Bringing up level for play took: 0.001968
[2018.03.13-21.06.25:461][651]LogGameMode: Display: Match State Changed from EnteringMap to WaitingToStart
[2018.03.13-21.06.25:461][651]LogGameState: Match State Changed from EnteringMap to WaitingToStart
[2018.03.13-21.06.25:461][651]LogGameMode: Display: Match State Changed from WaitingToStart to InProgress
[2018.03.13-21.06.25:462][651]LogGameState: Match State Changed from WaitingToStart to InProgress
[2018.03.13-21.06.25:462][651]PIE: Play in editor start time for /Game/_LEVELS/UEDPIE_0_Level_004 0.328
[2018.03.13-21.06.32:240][ 50]LogTemp: Repeating last play command: Selected Viewport
[2018.03.13-21.06.32:615][ 50]LogPlayLevel: PlayLevel: No blueprints needed recompiling
[2018.03.13-21.06.32:615][ 50]PIE: New page: PIE session: Level_004 (13 Mar 2018 23:06:32)
[2018.03.13-21.06.32:615][ 50]LogPlayLevel: Creating play world package: /Game/_LEVELS/UEDPIE_0_Level_004
[2018.03.13-21.06.32:625][ 50]LogPlayLevel: PIE: StaticDuplicateObject took: (0.010010s)
[2018.03.13-21.06.32:626][ 50]LogAIModule: Creating AISystem for world Level_004
[2018.03.13-21.06.32:627][ 50]LogPlayLevel: PIE: World Init took: (0.001415s)
[2018.03.13-21.06.32:627][ 50]LogPlayLevel: PIE: Created PIE world by copying editor world from /Game/_LEVELS/Level_004.Level_004 to /Game/_LEVELS/UEDPIE_0_Level_004.Level_004 (0.011875s)
[2018.03.13-21.06.32:642][ 50]LogInit: XAudio2 using 'Haut-parleurs (Realtek High Definition Audio(SST))' : 2 channels at 48 kHz using 32 bits per sample (channel mask 0x3)
[2018.03.13-21.06.32:656][ 50]LogInit: FAudioDevice initialized.
[2018.03.13-21.06.32:693][ 50]LogLoad: Game class is 'GM_Main_C'
[2018.03.13-21.06.32:696][ 50]LogWorld: Bringing World /Game/_LEVELS/UEDPIE_0_Level_004.Level_004 up for play (max tick rate 60) at 2018.03.13-22.06.32
[2018.03.13-21.06.32:696][ 50]LogWorld: Bringing up level for play took: 0.001718
[2018.03.13-21.06.32:697][ 50]LogGameMode: Display: Match State Changed from EnteringMap to WaitingToStart
[2018.03.13-21.06.32:697][ 50]LogGameState: Match State Changed from EnteringMap to WaitingToStart
[2018.03.13-21.06.32:697][ 50]LogGameMode: Display: Match State Changed from WaitingToStart to InProgress
[2018.03.13-21.06.32:698][ 50]LogGameState: Match State Changed from WaitingToStart to InProgress
[2018.03.13-21.06.32:698][ 50]PIE: Play in editor start time for /Game/_LEVELS/UEDPIE_0_Level_004 -0.436
[2018.03.13-21.06.37:719][346]LogTemp: Repeating last play command: Selected Viewport
[2018.03.13-21.06.37:739][346]LogPlayLevel: PlayLevel: No blueprints needed recompiling
[2018.03.13-21.06.37:739][346]PIE: New page: PIE session: Level_004 (13 Mar 2018 23:06:37)
[2018.03.13-21.06.37:739][346]LogPlayLevel: Creating play world package: /Game/_LEVELS/UEDPIE_0_Level_004
[2018.03.13-21.06.37:748][346]LogPlayLevel: PIE: StaticDuplicateObject took: (0.009379s)
[2018.03.13-21.06.37:751][346]LogAIModule: Creating AISystem for world Level_004
[2018.03.13-21.06.37:751][346]LogPlayLevel: PIE: World Init took: (0.002574s)
[2018.03.13-21.06.37:751][346]LogPlayLevel: PIE: Created PIE world by copying editor world from /Game/_LEVELS/Level_004.Level_004 to /Game/_LEVELS/UEDPIE_0_Level_004.Level_004 (0.012391s)
[2018.03.13-21.06.37:762][346]LogInit: XAudio2 using 'Haut-parleurs (Realtek High Definition Audio(SST))' : 2 channels at 48 kHz using 32 bits per sample (channel mask 0x3)
[2018.03.13-21.06.37:778][346]LogInit: FAudioDevice initialized.
[2018.03.13-21.06.37:813][346]LogLoad: Game class is 'GM_Main_C'
[2018.03.13-21.06.37:815][346]LogWorld: Bringing World /Game/_LEVELS/UEDPIE_0_Level_004.Level_004 up for play (max tick rate 60) at 2018.03.13-22.06.37
[2018.03.13-21.06.37:815][346]LogWorld: Bringing up level for play took: 0.001973
[2018.03.13-21.06.37:817][346]LogGameMode: Display: Match State Changed from EnteringMap to WaitingToStart
[2018.03.13-21.06.37:817][346]LogGameState: Match State Changed from EnteringMap to WaitingToStart
[2018.03.13-21.06.37:817][346]LogGameMode: Display: Match State Changed from WaitingToStart to InProgress
[2018.03.13-21.06.37:818][346]LogGameState: Match State Changed from WaitingToStart to InProgress
[2018.03.13-21.06.37:818][346]PIE: Play in editor start time for /Game/_LEVELS/UEDPIE_0_Level_004 0.684
[2018.03.13-21.07.06:886][ 82]LogTemp: Repeating last play command: Selected Viewport
[2018.03.13-21.07.06:905][ 82]LogPlayLevel: PlayLevel: No blueprints needed recompiling
[2018.03.13-21.07.06:906][ 82]PIE: New page: PIE session: Level_004 (13 Mar 2018 23:07:06)
[2018.03.13-21.07.06:906][ 82]LogPlayLevel: Creating play world package: /Game/_LEVELS/UEDPIE_0_Level_004
[2018.03.13-21.07.06:915][ 82]LogPlayLevel: PIE: StaticDuplicateObject took: (0.009571s)
[2018.03.13-21.07.06:916][ 82]LogAIModule: Creating AISystem for world Level_004
[2018.03.13-21.07.06:917][ 82]LogPlayLevel: PIE: World Init took: (0.001316s)
[2018.03.13-21.07.06:917][ 82]LogPlayLevel: PIE: Created PIE world by copying editor world from /Game/_LEVELS/Level_004.Level_004 to /Game/_LEVELS/UEDPIE_0_Level_004.Level_004 (0.011229s)
[2018.03.13-21.07.06:930][ 82]LogInit: XAudio2 using 'Haut-parleurs (Realtek High Definition Audio(SST))' : 2 channels at 48 kHz using 32 bits per sample (channel mask 0x3)
[2018.03.13-21.07.06:958][ 82]LogInit: FAudioDevice initialized.
[2018.03.13-21.07.06:999][ 82]LogLoad: Game class is 'GM_Main_C'
[2018.03.13-21.07.07:001][ 82]LogWorld: Bringing World /Game/_LEVELS/UEDPIE_0_Level_004.Level_004 up for play (max tick rate 60) at 2018.03.13-22.07.07
[2018.03.13-21.07.07:002][ 82]LogWorld: Bringing up level for play took: 0.001833
[2018.03.13-21.07.07:002][ 82]LogGameMode: Display: Match State Changed from EnteringMap to WaitingToStart
[2018.03.13-21.07.07:002][ 82]LogGameState: Match State Changed from EnteringMap to WaitingToStart
[2018.03.13-21.07.07:002][ 82]LogGameMode: Display: Match State Changed from WaitingToStart to InProgress
[2018.03.13-21.07.07:003][ 82]LogGameState: Match State Changed from WaitingToStart to InProgress
[2018.03.13-21.07.07:003][ 82]PIE: Play in editor start time for /Game/_LEVELS/UEDPIE_0_Level_004 -0.131
[2018.03.13-21.07.25:980][206]LogEditorViewport: Clicking on Actor (LMB): BP_Sky_Sphere_C (Sky Sphere)
[2018.03.13-21.07.26:592][207]LogEditorViewport: Clicking on Actor (LMB): BP_Button_C (BP_Button)
[2018.03.13-21.07.28:668][329]Cmd: DELETE
[2018.03.13-21.07.28:668][329]Cmd: ACTOR DELETE
[2018.03.13-21.07.28:671][329]LogEditorActor: Deleted Actor: BP_Button_C
[2018.03.13-21.07.28:683][329]LogEditorActor: Deleted 1 Actors (0.015 secs)
[2018.03.13-21.07.34:406][522]Cmd: OBJ SAVEPACKAGE PACKAGE="/Game/_LEVELS/Level_004" FILE="../../../../../../Users/dancy/Documents/Unreal Projects/Level4/Content/_LEVELS/Level_004.umap" SILENT=true AUTOSAVING=false KEEPDIRTY=false
[2018.03.13-21.07.34:582][522]LogSavePackage: Save=102.97ms
[2018.03.13-21.07.34:582][522]LogSavePackage: Moving '../../../../../../Users/dancy/Documents/Unreal Projects/Level4/Saved/Level_004DADC36EA4258D78C7C0A1CAB3B54BC08.tmp' to '../../../../../../Users/dancy/Documents/Unreal Projects/Level4/Content/_LEVELS/Level_004.umap'
[2018.03.13-21.07.34:586][522]LogSavePackage: Display: Finished SavePackage ../../../../../../Users/dancy/Documents/Unreal Projects/Level4/Content/_LEVELS/Level_004.umap
[2018.03.13-21.07.34:613][522]LogFileHelpers: Saving map 'Level_004' took 0.272
[2018.03.13-21.07.34:859][522]LogWindowsTextInputMethodSystem: Display: IME system now deactivated.
[2018.03.13-21.07.35:553][523]Cmd: QUIT_EDITOR
[2018.03.13-21.07.37:117][523]LogExit: Preparing to exit.
[2018.03.13-21.07.38:737][523]LogDirectoryWatcher: A directory notification for 'C:/Users/dancy/Documents/Unreal Projects/Level4/Content/' was aborted.
[2018.03.13-21.07.39:233][523]LogExit: Editor shut down
[2018.03.13-21.07.39:238][523]LogExit: Transaction tracking system shut down
[2018.03.13-21.07.40:780][523]LogDirectoryWatcher: A directory notification for '../../../Engine/Content/' was aborted.
[2018.03.13-21.07.40:780][523]LogDirectoryWatcher: A directory notification for '../../../../../../Users/dancy/Documents/Unreal Projects/Level4/Content/' was aborted.
[2018.03.13-21.07.40:780][523]LogDirectoryWatcher: A directory notification for '../../../Engine/Plugins/2D/Paper2D/Content/' was aborted.
[2018.03.13-21.07.40:780][523]LogDirectoryWatcher: A directory notification for '../../../Engine/Plugins/Media/MediaCompositing/Content/' was aborted.
[2018.03.13-21.07.40:780][523]LogDirectoryWatcher: A directory notification for '../../../Engine/Plugins/Runtime/AppleARKit/Content/' was aborted.
[2018.03.13-21.07.40:780][523]LogDirectoryWatcher: A directory notification for '../../../Engine/Plugins/Runtime/Oculus/OculusVR/Content/' was aborted.
[2018.03.13-21.07.40:780][523]LogDirectoryWatcher: A directory notification for '../../../Engine/Plugins/Runtime/Steam/SteamVR/Content/' was aborted.
[2018.03.13-21.07.43:328][523]LogExit: Object subsystem successfully closed.
[2018.03.13-21.07.43:963][523]LogD3D11RHI: Shutdown
[2018.03.13-21.07.43:969][523]LogD3D11RHI: CleanupD3DDevice
[2018.03.13-21.07.43:988][523]LogD3D11RHI: ~FD3D11DynamicRHI
[2018.03.13-21.07.44:989][523]LogModuleManager: Shutting down and abandoning module MovieSceneCapture (552)
[2018.03.13-21.07.44:989][523]LogModuleManager: Shutting down and abandoning module HierarchicalLODOutliner (550)
[2018.03.13-21.07.44:989][523]LogModuleManager: Shutting down and abandoning module SceneOutliner (548)
[2018.03.13-21.07.44:997][523]LogModuleManager: Shutting down and abandoning module AddContentDialog (546)
[2018.03.13-21.07.45:017][523]LogDirectoryWatcher: A directory notification for 'C:/Program Files/Epic Games/UE_4.18/FeaturePacks/' was aborted.
[2018.03.13-21.07.45:019][523]LogModuleManager: Shutting down and abandoning module WidgetCarousel (545)
[2018.03.13-21.07.45:019][523]LogModuleManager: Shutting down and abandoning module EditorWidgets (542)
[2018.03.13-21.07.45:019][523]LogModuleManager: Shutting down and abandoning module CollectionManager (540)
[2018.03.13-21.07.45:027][523]LogDirectoryWatcher: A directory notification for 'C:/Users/dancy/Documents/Unreal Projects/Level4/Content/Collections/' was aborted.
[2018.03.13-21.07.45:027][523]LogDirectoryWatcher: A directory notification for 'C:/Users/dancy/Documents/Unreal Projects/Level4/Content/Developers/dancy/Collections/' was aborted.
[2018.03.13-21.07.45:027][523]LogDirectoryWatcher: A directory notification for 'C:/Users/dancy/Documents/Unreal Projects/Level4/Saved/Collections/' was aborted.
[2018.03.13-21.07.45:027][523]LogModuleManager: Shutting down and abandoning module HierarchicalLODUtilities (538)
[2018.03.13-21.07.45:027][523]LogModuleManager: Shutting down and abandoning module StatsViewer (536)
[2018.03.13-21.07.45:043][523]LogModuleManager: Shutting down and abandoning module FoliageEdit (534)
[2018.03.13-21.07.45:043][523]LogModuleManager: Shutting down and abandoning module LandscapeEditor (532)
[2018.03.13-21.07.45:086][523]LogModuleManager: Shutting down and abandoning module MeshPaintMode (530)
[2018.03.13-21.07.45:099][523]LogModuleManager: Shutting down and abandoning module SceneDepthPickerMode (528)
[2018.03.13-21.07.45:099][523]LogModuleManager: Shutting down and abandoning module ActorPickerMode (526)
[2018.03.13-21.07.45:099][523]LogModuleManager: Shutting down and abandoning module GeometryMode (524)
[2018.03.13-21.07.45:099][523]LogModuleManager: Shutting down and abandoning module TextureAlignMode (522)
[2018.03.13-21.07.45:099][523]LogModuleManager: Shutting down and abandoning module BspMode (520)
[2018.03.13-21.07.45:099][523]LogModuleManager: Shutting down and abandoning module PIEPreviewDeviceProfileSelector (518)
[2018.03.13-21.07.45:099][523]LogModuleManager: Shutting down and abandoning module HardwareSurvey (516)
[2018.03.13-21.07.45:099][523]LogModuleManager: Shutting down and abandoning module SequenceRecorderSections (514)
[2018.03.13-21.07.45:099][523]LogModuleManager: Shutting down and abandoning module AutomationWorker (512)
[2018.03.13-21.07.45:107][523]LogModuleManager: Shutting down and abandoning module MatineeToLevelSequence (510)
[2018.03.13-21.07.45:118][523]LogModuleManager: Shutting down and abandoning module LevelSequenceEditor (508)
[2018.03.13-21.07.45:150][523]LogModuleManager: Shutting down and abandoning module PlacementMode (507)
[2018.03.13-21.07.45:151][523]LogModuleManager: Shutting down and abandoning module WmfMediaFactory (504)
[2018.03.13-21.07.45:151][523]LogModuleManager: Shutting down and abandoning module WmfMediaEditor (502)
[2018.03.13-21.07.45:151][523]LogModuleManager: Shutting down and abandoning module OpenExrWrapper (500)
[2018.03.13-21.07.45:151][523]LogModuleManager: Shutting down and abandoning module ImgMediaFactory (498)
[2018.03.13-21.07.45:151][523]LogModuleManager: Shutting down and abandoning module ImgMediaEditor (496)
[2018.03.13-21.07.45:151][523]LogModuleManager: Shutting down and abandoning module AvfMediaFactory (494)
[2018.03.13-21.07.45:151][523]LogModuleManager: Shutting down and abandoning module AvfMediaEditor (492)
[2018.03.13-21.07.45:151][523]LogModuleManager: Shutting down and abandoning module AndroidMediaFactory (490)
[2018.03.13-21.07.45:151][523]LogModuleManager: Shutting down and abandoning module AndroidMediaEditor (488)
[2018.03.13-21.07.45:151][523]LogModuleManager: Shutting down and abandoning module CharacterAI (486)
[2018.03.13-21.07.45:151][523]LogModuleManager: Shutting down and abandoning module AudioCapture (484)
[2018.03.13-21.07.45:160][523]LogModuleManager: Shutting down and abandoning module SequenceRecorder (483)
[2018.03.13-21.07.45:160][523]LogModuleManager: Shutting down and abandoning module SmartSnapping (480)
[2018.03.13-21.07.45:160][523]LogModuleManager: Shutting down and abandoning module SessionServices (478)
[2018.03.13-21.07.45:160][523]LogModuleManager: Shutting down and abandoning module ViewportSnapping (476)
[2018.03.13-21.07.45:161][523]LogModuleManager: Shutting down and abandoning module ViewportInteraction (474)
[2018.03.13-21.07.45:161][523]LogModuleManager: Shutting down and abandoning module ClothPainter (472)
[2018.03.13-21.07.45:183][523]LogModuleManager: Shutting down and abandoning module SkeletalMeshEditor (471)
[2018.03.13-21.07.45:198][523]LogModuleManager: Shutting down and abandoning module LogVisualizer (468)
[2018.03.13-21.07.45:221][523]LogModuleManager: Shutting down and abandoning module IntroTutorials (466)
[2018.03.13-21.07.45:271][523]LogModuleManager: Shutting down and abandoning module GameProjectGeneration (465)
[2018.03.13-21.07.45:286][523]LogModuleManager: Shutting down and abandoning module IOSPlatformEditor (462)
[2018.03.13-21.07.45:301][523]LogModuleManager: Shutting down and abandoning module HTML5PlatformEditor (460)
[2018.03.13-21.07.45:301][523]LogModuleManager: Shutting down and abandoning module AndroidPlatformEditor (458)
[2018.03.13-21.07.45:301][523]LogModuleManager: Shutting down and abandoning module AndroidDeviceDetection (457)
[2018.03.13-21.07.45:733][523]LogModuleManager: Shutting down and abandoning module WindowsPlatformEditor (454)
[2018.03.13-21.07.45:733][523]LogModuleManager: Shutting down and abandoning module IOSRuntimeSettings (452)
[2018.03.13-21.07.45:733][523]LogModuleManager: Shutting down and abandoning module AndroidRuntimeSettings (450)
[2018.03.13-21.07.45:733][523]LogModuleManager: Shutting down and abandoning module InputBindingEditor (448)
[2018.03.13-21.07.45:778][523]LogModuleManager: Shutting down and abandoning module MergeActors (446)
[2018.03.13-21.07.45:787][523]LogModuleManager: Shutting down and abandoning module SizeMap (444)
[2018.03.13-21.07.45:787][523]LogModuleManager: Shutting down and abandoning module TreeMap (442)
[2018.03.13-21.07.45:811][523]LogModuleManager: Shutting down and abandoning module ReferenceViewer (440)
[2018.03.13-21.07.45:811][523]LogModuleManager: Shutting down and abandoning module LocalizationDashboard (438)
[2018.03.13-21.07.45:821][523]LogModuleManager: Shutting down and abandoning module LocalizationService (437)
[2018.03.13-21.07.45:833][523]LogModuleManager: Shutting down and abandoning module HardwareTargeting (434)
[2018.03.13-21.07.45:833][523]LogModuleManager: Shutting down and abandoning module DeviceProfileEditor (432)
[2018.03.13-21.07.45:833][523]LogModuleManager: Shutting down and abandoning module UndoHistory (430)
[2018.03.13-21.07.45:833][523]LogModuleManager: Shutting down and abandoning module XmlParser (428)
[2018.03.13-21.07.45:833][523]LogModuleManager: Shutting down and abandoning module Blutility (426)
[2018.03.13-21.07.45:833][523]LogModuleManager: Shutting down and abandoning module ProjectSettingsViewer (424)
[2018.03.13-21.07.45:833][523]LogModuleManager: Shutting down and abandoning module ProjectTargetPlatformEditor (423)
[2018.03.13-21.07.45:834][523]LogModuleManager: Shutting down and abandoning module EditorSettingsViewer (420)
[2018.03.13-21.07.45:834][523]LogModuleManager: Shutting down and abandoning module SettingsEditor (418)
[2018.03.13-21.07.45:847][523]LogModuleManager: Shutting down and abandoning module ProjectLauncher (416)
[2018.03.13-21.07.45:861][523]LogModuleManager: Shutting down and abandoning module SessionFrontend (414)
[2018.03.13-21.07.45:871][523]LogModuleManager: Shutting down and abandoning module ProfilerClient (412)
[2018.03.13-21.07.45:879][523]LogModuleManager: Shutting down and abandoning module DeviceManager (410)
[2018.03.13-21.07.45:891][523]LogModuleManager: Shutting down and abandoning module TargetDeviceServices (409)
[2018.03.13-21.07.45:955][523]LogModuleManager: Shutting down and abandoning module AutomationController (406)
[2018.03.13-21.07.45:978][523]LogModuleManager: Shutting down and abandoning module AutomationWindow (404)
[2018.03.13-21.07.46:000][523]LogModuleManager: Shutting down and abandoning module Layers (402)
[2018.03.13-21.07.46:028][523]LogModuleManager: Shutting down and abandoning module ComponentVisualizers (400)
[2018.03.13-21.07.46:028][523]LogModuleManager: Shutting down and abandoning module DetailCustomizations (398)
[2018.03.13-21.07.46:055][523]LogModuleManager: Shutting down and abandoning module PackagesDialog (396)
[2018.03.13-21.07.46:055][523]LogModuleManager: Shutting down and abandoning module Persona (394)
[2018.03.13-21.07.46:105][523]LogModuleManager: Shutting down and abandoning module AdvancedPreviewScene (393)
[2018.03.13-21.07.46:106][523]LogModuleManager: Shutting down and abandoning module AnimGraph (391)
[2018.03.13-21.07.46:106][523]LogModuleManager: Shutting down and abandoning module Kismet (388)
[2018.03.13-21.07.46:135][523]LogModuleManager: Shutting down and abandoning module ClassViewer (386)
[2018.03.13-21.07.46:136][523]LogModuleManager: Shutting down and abandoning module Toolbox (384)
[2018.03.13-21.07.46:136][523]LogModuleManager: Shutting down and abandoning module ModuleUI (382)
[2018.03.13-21.07.46:138][523]LogModuleManager: Shutting down and abandoning module MovieSceneTools (380)
[2018.03.13-21.07.46:174][523]LogModuleManager: Shutting down and abandoning module OutputLog (378)
[2018.03.13-21.07.46:194][523]LogModuleManager: Shutting down and abandoning module GammaUI (376)
[2018.03.13-21.07.46:204][523]LogModuleManager: Shutting down and abandoning module Documentation (374)
[2018.03.13-21.07.46:204][523]LogModuleManager: Shutting down and abandoning module MovieSceneTracks (372)
[2018.03.13-21.07.46:204][523]LogModuleManager: Shutting down and abandoning module MovieScene (370)
[2018.03.13-21.07.46:204][523]LogModuleManager: Shutting down and abandoning module StreamingPauseRendering (368)
[2018.03.13-21.07.46:204][523]LogModuleManager: Shutting down and abandoning module LauncherPlatform (366)
[2018.03.13-21.07.46:204][523]LogModuleManager: Shutting down and abandoning module AnalyticsET (364)
[2018.03.13-21.07.46:204][523]LogModuleManager: Shutting down and abandoning module PortalServices (362)
[2018.03.13-21.07.46:204][523]LogModuleManager: Shutting down and abandoning module PortalRpc (360)
[2018.03.13-21.07.46:204][523]LogModuleManager: Shutting down and abandoning module MessagingRpc (358)
[2018.03.13-21.07.46:204][523]LogModuleManager: Shutting down and abandoning module AIModule (356)
[2018.03.13-21.07.46:204][523]LogModuleManager: Shutting down and abandoning module GameplayDebugger (355)
[2018.03.13-21.07.46:204][523]LogModuleManager: Shutting down and abandoning module AITestSuite (353)
[2018.03.13-21.07.46:218][523]LogModuleManager: Shutting down and abandoning module DesktopPlatform (350)
[2018.03.13-21.07.46:218][523]LogModuleManager: Shutting down and abandoning module ProfilerService (348)
[2018.03.13-21.07.46:264][523]LogModuleManager: Shutting down and abandoning module TaskGraph (346)
[2018.03.13-21.07.46:362][523]LogModuleManager: Shutting down and abandoning module SteamVRController (344)
[2018.03.13-21.07.46:362][523]LogModuleManager: Shutting down and abandoning module ProceduralMeshComponentEditor (342)
[2018.03.13-21.07.46:362][523]LogModuleManager: Shutting down and abandoning module ProceduralMeshComponent (340)
[2018.03.13-21.07.46:362][523]LogModuleManager: Shutting down and abandoning module OculusInput (338)
[2018.03.13-21.07.46:362][523]LogModuleManager: Shutting down and abandoning module MobilePatchingUtils (336)
[2018.03.13-21.07.46:362][523]LogModuleManager: Shutting down and abandoning module CustomMeshComponent (334)
[2018.03.13-21.07.46:362][523]LogModuleManager: Shutting down and abandoning module CableComponent (332)
[2018.03.13-21.07.46:362][523]LogModuleManager: Shutting down and abandoning module ArchVisCharacter (330)
[2018.03.13-21.07.46:362][523]LogModuleManager: Shutting down and abandoning module AndroidPermission (328)
[2018.03.13-21.07.46:362][523]LogModuleManager: Shutting down and abandoning module ActorSequence (324)
[2018.03.13-21.07.46:362][523]LogModuleManager: Shutting down and abandoning module MediaPlayerEditor (322)
[2018.03.13-21.07.46:670][523]LogModuleManager: Shutting down and abandoning module MediaCompositingEditor (320)
[2018.03.13-21.07.46:670][523]LogModuleManager: Shutting down and abandoning module MediaCompositing (318)
[2018.03.13-21.07.46:670][523]LogModuleManager: Shutting down and abandoning module HTML5Networking (316)
[2018.03.13-21.07.46:670][523]LogModuleManager: Shutting down and abandoning module AlembicImporter (314)
[2018.03.13-21.07.46:677][523]LogModuleManager: Shutting down and abandoning module AlembicLibrary (313)
[2018.03.13-21.07.46:677][523]LogModuleManager: Shutting down and abandoning module GeometryCache (312)
[2018.03.13-21.07.46:683][523]LogModuleManager: Shutting down and abandoning module GeometryCacheEd (311)
[2018.03.13-21.07.46:683][523]LogModuleManager: Shutting down and abandoning module SpeedTreeImporter (306)
[2018.03.13-21.07.46:683][523]LogModuleManager: Shutting down and abandoning module PluginBrowser (304)
[2018.03.13-21.07.46:721][523]LogModuleManager: Shutting down and abandoning module MobileLauncherProfileWizard (302)
[2018.03.13-21.07.46:751][523]LogModuleManager: Shutting down and abandoning module VisualStudioSourceCodeAccess (300)
[2018.03.13-21.07.46:751][523]LogModuleManager: Shutting down and abandoning module VisualStudioCodeSourceCodeAccess (298)
[2018.03.13-21.07.46:751][523]LogModuleManager: Shutting down and abandoning module UObjectPlugin (296)
[2018.03.13-21.07.46:751][523]LogModuleManager: Shutting down and abandoning module SubversionSourceControl (294)
[2018.03.13-21.07.46:784][523]LogModuleManager: Shutting down and abandoning module PerforceSourceControl (292)
[2018.03.13-21.07.46:799][523]LogModuleManager: Shutting down and abandoning module GitSourceControl (290)
[2018.03.13-21.07.46:804][523]LogModuleManager: Shutting down and abandoning module SourceControl (289)
[2018.03.13-21.07.46:826][523]LogModuleManager: Shutting down and abandoning module LightPropagationVolumeEditor (286)
[2018.03.13-21.07.46:826][523]LogModuleManager: Shutting down and abandoning module PaperTiledImporter (284)
[2018.03.13-21.07.46:826][523]LogModuleManager: Shutting down and abandoning module PaperSpriteSheetImporter (282)
[2018.03.13-21.07.46:826][523]LogModuleManager: Shutting down and abandoning module Paper2DEditor (280)
[2018.03.13-21.07.46:890][523]LogModuleManager: Shutting down and abandoning module MeshPaint (279)
[2018.03.13-21.07.46:911][523]LogModuleManager: Shutting down and abandoning module LevelEditor (277)
[2018.03.13-21.07.46:920][523]LogModuleManager: Shutting down and abandoning module PixelInspectorModule (276)
[2018.03.13-21.07.46:930][523]LogModuleManager: Shutting down and abandoning module MainFrame (274)
[2018.03.13-21.07.46:930][523]LogModuleManager: Shutting down and abandoning module HotReload (273)
[2018.03.13-21.07.46:950][523]LogModuleManager: Shutting down and abandoning module RuntimePhysXCooking (268)
[2018.03.13-21.07.46:950][523]LogModuleManager: Shutting down and abandoning module PhysXVehiclesEditor (266)
[2018.03.13-21.07.46:950][523]LogModuleManager: Shutting down and abandoning module PhysXVehicles (264)
[2018.03.13-21.07.46:950][523]LogModuleManager: Shutting down and abandoning module OculusEditor (262)
[2018.03.13-21.07.46:950][523]LogModuleManager: Shutting down and abandoning module LocationServicesBPLibrary (260)
[2018.03.13-21.07.46:950][523]LogModuleManager: Shutting down and abandoning module ImmediatePhysicsEditor (258)
[2018.03.13-21.07.46:950][523]LogModuleManager: Shutting down and abandoning module ImmediatePhysics (256)
[2018.03.13-21.07.46:995][523]LogModuleManager: Shutting down and abandoning module UdpMessaging (254)
[2018.03.13-21.07.47:215][523]LogModuleManager: Shutting down and abandoning module TcpMessaging (252)
[2018.03.13-21.07.47:476][523]LogModuleManager: Shutting down and abandoning module GameplayTagsEditor (250)
[2018.03.13-21.07.48:221][523]LogModuleManager: Shutting down and abandoning module FacialAnimationEditor (248)
[2018.03.13-21.07.48:222][523]LogModuleManager: Shutting down and abandoning module FacialAnimation (246)
[2018.03.13-21.07.48:222][523]LogModuleManager: Shutting down and abandoning module AssetManagerEditor (244)
[2018.03.13-21.07.48:455][523]LogModuleManager: Shutting down and abandoning module GraphEditor (243)
[2018.03.13-21.07.48:610][523]LogModuleManager: Shutting down and abandoning module ContentBrowser (241)
[2018.03.13-21.07.48:611][523]LogModuleManager: Shutting down and abandoning module LightPropagationVolumeRuntime (238)
[2018.03.13-21.07.48:611][523]LogModuleManager: Shutting down and abandoning module Paper2D (236)
[2018.03.13-21.07.48:611][523]LogModuleManager: Shutting down and abandoning module WindowsMoviePlayer (234)
[2018.03.13-21.07.48:611][523]LogModuleManager: Shutting down and abandoning module WmfMedia (232)
[2018.03.13-21.07.48:806][523]LogModuleManager: Shutting down and abandoning module ImgMedia (230)
[2018.03.13-21.07.48:806][523]LogModuleManager: Shutting down and abandoning module PacketHandler (228)
[2018.03.13-21.07.48:806][523]LogModuleManager: Shutting down and abandoning module ClothingSystemEditor (226)
[2018.03.13-21.07.48:806][523]LogModuleManager: Shutting down and abandoning module ClothingSystemRuntime (224)
[2018.03.13-21.07.48:895][523]LogModuleManager: Shutting down and abandoning module MediaAssets (222)
[2018.03.13-21.07.48:895][523]LogModuleManager: Shutting down and abandoning module Media (221)
[2018.03.13-21.07.48:901][523]LogModuleManager: Shutting down and abandoning module Overlay (218)
[2018.03.13-21.07.48:901][523]LogModuleManager: Shutting down and abandoning module OverlayEditor (217)
[2018.03.13-21.07.48:901][523]LogModuleManager: Shutting down and abandoning module VREditor (214)
[2018.03.13-21.07.48:933][523]LogModuleManager: Shutting down and abandoning module StringTableEditor (212)
[2018.03.13-21.07.48:943][523]LogModuleManager: Shutting down and abandoning module GameplayTasksEditor (210)
[2018.03.13-21.07.48:943][523]LogModuleManager: Shutting down and abandoning module BehaviorTreeEditor (208)
[2018.03.13-21.07.49:148][523]LogModuleManager: Shutting down and abandoning module FunctionalTesting (206)
[2018.03.13-21.07.49:172][523]LogModuleManager: Shutting down and abandoning module CollisionAnalyzer (204)
[2018.03.13-21.07.49:230][523]LogModuleManager: Shutting down and abandoning module WorkspaceMenuStructure (203)
[2018.03.13-21.07.49:230][523]LogModuleManager: Shutting down and abandoning module UMG (200)
[2018.03.13-21.07.49:254][523]LogModuleManager: Shutting down and abandoning module UMGEditor (199)
[2018.03.13-21.07.49:409][523]LogModuleManager: Shutting down and abandoning module Sequencer (198)
[2018.03.13-21.07.49:501][523]LogModuleManager: Shutting down and abandoning module MessageLog (195)
[2018.03.13-21.07.49:501][523]LogModuleManager: Shutting down and abandoning module SlateReflector (190)
[2018.03.13-21.07.49:566][523]LogModuleManager: Shutting down and abandoning module Slate (188)
[2018.03.13-21.07.49:566][523]LogModuleManager: Shutting down and abandoning module EditorStyle (186)
[2018.03.13-21.07.49:569][523]LogModuleManager: Shutting down and abandoning module MRMesh (184)
[2018.03.13-21.07.49:569][523]LogModuleManager: Shutting down and abandoning module SourceCodeAccess (182)
[2018.03.13-21.07.49:569][523]LogModuleManager: Shutting down and abandoning module HeadMountedDisplay (180)
[2018.03.13-21.07.49:569][523]LogModuleManager: Shutting down and abandoning module XAudio2 (178)
[2018.03.13-21.07.49:569][523]LogModuleManager: Shutting down and abandoning module Networking (176)
[2018.03.13-21.07.49:569][523]LogModuleManager: Shutting down and abandoning module Core (172)
[2018.03.13-21.07.49:569][523]LogModuleManager: Shutting down and abandoning module LevelSequence (168)
[2018.03.13-21.07.49:579][523]LogModuleManager: Shutting down and abandoning module DirectoryWatcher (166)
[2018.03.13-21.07.49:581][523]LogModuleManager: Shutting down and abandoning module KismetCompiler (164)
[2018.03.13-21.07.49:581][523]LogModuleManager: Shutting down and abandoning module MeshUtilities (162)
[2018.03.13-21.07.49:594][523]LogModuleManager: Shutting down and abandoning module MeshMergeUtilities (161)
[2018.03.13-21.07.49:633][523]LogModuleManager: Shutting down and abandoning module MeshReductionInterface (160)
[2018.03.13-21.07.49:633][523]LogModuleManager: Shutting down and abandoning module SimplygonSwarm (159)
[2018.03.13-21.07.49:669][523]LogModuleManager: Shutting down and abandoning module SimplygonMeshReduction (157)
[2018.03.13-21.07.49:669][523]LogModuleManager: Shutting down and abandoning module QuadricMeshReduction (155)
[2018.03.13-21.07.49:669][523]LogModuleManager: Shutting down and abandoning module MaterialBaking (151)
[2018.03.13-21.07.49:710][523]LogModuleManager: Shutting down and abandoning module DerivedDataCache (148)
[2018.03.13-21.07.49:803][523]LogDerivedDataCache: Shutdown
[2018.03.13-21.07.49:803][523]LogModuleManager: Shutting down and abandoning module TargetPlatform (146)
[2018.03.13-21.07.49:803][523]LogModuleManager: Shutting down and abandoning module VulkanShaderFormat (145)
[2018.03.13-21.07.49:811][523]LogModuleManager: Shutting down and abandoning module ShaderFormatVectorVM (143)
[2018.03.13-21.07.49:820][523]LogModuleManager: Shutting down and abandoning module ShaderFormatOpenGL (141)
[2018.03.13-21.07.49:850][523]LogModuleManager: Shutting down and abandoning module ShaderFormatD3D (139)
[2018.03.13-21.07.49:850][523]LogModuleManager: Shutting down and abandoning module MetalShaderFormat (137)
[2018.03.13-21.07.49:882][523]LogModuleManager: Shutting down and abandoning module TextureFormatUncompressed (135)
[2018.03.13-21.07.49:882][523]LogModuleManager: Shutting down and abandoning module TextureFormatPVR (133)
[2018.03.13-21.07.49:882][523]LogModuleManager: Shutting down and abandoning module TextureFormatDXT (131)
[2018.03.13-21.07.49:882][523]LogModuleManager: Shutting down and abandoning module TextureFormatIntelISPCTexComp (129)
[2018.03.13-21.07.49:882][523]LogModuleManager: Shutting down and abandoning module TextureFormatASTC (127)
[2018.03.13-21.07.49:882][523]LogModuleManager: Shutting down and abandoning module ImageWrapper (126)
[2018.03.13-21.07.49:882][523]LogModuleManager: Shutting down and abandoning module TextureFormatAndroid (123)
[2018.03.13-21.07.49:882][523]LogModuleManager: Shutting down and abandoning module AudioFormatOpus (121)
[2018.03.13-21.07.49:882][523]LogModuleManager: Shutting down and abandoning module AudioFormatOgg (119)
[2018.03.13-21.07.49:882][523]LogModuleManager: Shutting down and abandoning module AudioFormatADPCM (117)
[2018.03.13-21.07.49:882][523]LogModuleManager: Shutting down and abandoning module LinuxTargetPlatform (115)
[2018.03.13-21.07.49:882][523]LogModuleManager: Shutting down and abandoning module LinuxServerTargetPlatform (113)
[2018.03.13-21.07.49:882][523]LogModuleManager: Shutting down and abandoning module LinuxNoEditorTargetPlatform (111)
[2018.03.13-21.07.49:882][523]LogModuleManager: Shutting down and abandoning module LinuxClientTargetPlatform (109)
[2018.03.13-21.07.49:882][523]LogModuleManager: Shutting down and abandoning module TVOSTargetPlatform (107)
[2018.03.13-21.07.49:882][523]LogModuleManager: Shutting down and abandoning module Messaging (105)
[2018.03.13-21.07.49:882][523]LogModuleManager: Shutting down and abandoning module IOSTargetPlatform (103)
[2018.03.13-21.07.49:882][523]LogModuleManager: Shutting down and abandoning module HTML5TargetPlatform (101)
[2018.03.13-21.07.49:882][523]LogModuleManager: Shutting down and abandoning module AndroidTargetPlatform (99)
[2018.03.13-21.07.49:882][523]LogModuleManager: Shutting down and abandoning module Android_PVRTCTargetPlatform (97)
[2018.03.13-21.07.49:882][523]LogModuleManager: Shutting down and abandoning module Android_MultiTargetPlatform (95)
[2018.03.13-21.07.49:882][523]LogModuleManager: Shutting down and abandoning module Android_ETC2TargetPlatform (93)
[2018.03.13-21.07.49:882][523]LogModuleManager: Shutting down and abandoning module Android_ETC1TargetPlatform (91)
[2018.03.13-21.07.49:882][523]LogModuleManager: Shutting down and abandoning module Android_DXTTargetPlatform (89)
[2018.03.13-21.07.49:882][523]LogModuleManager: Shutting down and abandoning module Android_ATCTargetPlatform (87)
[2018.03.13-21.07.49:882][523]LogModuleManager: Shutting down and abandoning module Android_ASTCTargetPlatform (85)
[2018.03.13-21.07.49:882][523]LogModuleManager: Shutting down and abandoning module WindowsTargetPlatform (83)
[2018.03.13-21.07.49:882][523]LogModuleManager: Shutting down and abandoning module WindowsServerTargetPlatform (81)
[2018.03.13-21.07.49:882][523]LogModuleManager: Shutting down and abandoning module WindowsNoEditorTargetPlatform (79)
[2018.03.13-21.07.49:882][523]LogModuleManager: Shutting down and abandoning module WindowsClientTargetPlatform (77)
[2018.03.13-21.07.49:882][523]LogModuleManager: Shutting down and abandoning module MacTargetPlatform (75)
[2018.03.13-21.07.49:882][523]LogModuleManager: Shutting down and abandoning module MacServerTargetPlatform (73)
[2018.03.13-21.07.49:882][523]LogModuleManager: Shutting down and abandoning module MacNoEditorTargetPlatform (71)
[2018.03.13-21.07.49:883][523]LogModuleManager: Shutting down and abandoning module MacClientTargetPlatform (69)
[2018.03.13-21.07.49:883][523]LogModuleManager: Shutting down and abandoning module AllDesktopTargetPlatform (67)
[2018.03.13-21.07.49:883][523]LogModuleManager: Shutting down and abandoning module InputCore (64)
[2018.03.13-21.07.49:883][523]LogModuleManager: Shutting down and abandoning module Settings (62)
[2018.03.13-21.07.49:883][523]LogModuleManager: Shutting down and abandoning module PhysXCooking (60)
[2018.03.13-21.07.49:883][523]LogModuleManager: Shutting down and abandoning module SteamVR (58)
[2018.03.13-21.07.49:883][523]LogModuleManager: Shutting down and abandoning module OculusHMD (56)
[2018.03.13-21.07.49:893][523]LogModuleManager: Shutting down and abandoning module ExampleDeviceProfileSelector (54)
[2018.03.13-21.07.49:893][523]LogModuleManager: Shutting down and abandoning module AppleARKit (52)
[2018.03.13-21.07.49:893][523]LogModuleManager: Shutting down and abandoning module AugmentedReality (51)
[2018.03.13-21.07.49:893][523]LogModuleManager: Shutting down and abandoning module OnlineBlueprintSupport (48)
[2018.03.13-21.07.49:893][523]LogModuleManager: Shutting down and abandoning module OnlineSubsystem (44)
[2018.03.13-21.07.49:917][523]LogModuleManager: Shutting down and abandoning module XMPP (43)
[2018.03.13-21.07.49:927][523]LogModuleManager: Shutting down and abandoning module HTTP (41)
[2018.03.13-21.07.49:927][523]LogHttp: Display: Http module shutting down, but needs to wait on 1 outstanding Http requests:
[2018.03.13-21.07.49:940][523]LogHttp: Display: 	verb=[POST] url=[https://datarouter.ol.epicgames.com/datarouter/api/v1/public/data?SessionID=%7B1A597BC8-44CA-7612-8449-F6B36277E0ED%7D&AppID=UEEditor.Rocket.Release&AppVersion=4.18.1-3754814%2B%2B%2BUE4%2BRelease-4.18&UserID=5f83dcdc4ba72f9e8f9ad8a8c0edf264%7Ca72ba477aae54cda8e23885bae1f4f21%7C49b0afe5-ab0e-4389-abe8-bcec5c700e02&AppEnvironment=datacollector-binary&UploadType=eteventstream] status=Processing
[2018.03.13-21.07.49:975][523]LogModuleManager: Shutting down and abandoning module SSL (40)
[2018.03.13-21.07.49:986][523]LogModuleManager: Shutting down and abandoning module AnimationModifiers (36)
[2018.03.13-21.07.50:047][523]LogModuleManager: Shutting down and abandoning module PropertyEditor (35)
[2018.03.13-21.07.50:047][523]LogModuleManager: Shutting down and abandoning module AudioEditor (32)
[2018.03.13-21.07.50:117][523]LogModuleManager: Shutting down and abandoning module TextureCompressor (30)
[2018.03.13-21.07.50:144][523]LogModuleManager: Shutting down and abandoning module ShaderCore (28)
[2018.03.13-21.07.50:144][523]LogModuleManager: Shutting down and abandoning module Landscape (26)
[2018.03.13-21.07.50:144][523]LogModuleManager: Shutting down and abandoning module SlateRHIRenderer (24)
[2018.03.13-21.07.50:214][523]LogModuleManager: Shutting down and abandoning module OpenGLDrv (22)
[2018.03.13-21.07.50:241][523]LogModuleManager: Shutting down and abandoning module D3D11RHI (20)
[2018.03.13-21.07.50:241][523]LogModuleManager: Shutting down and abandoning module AnimGraphRuntime (18)
[2018.03.13-21.07.50:258][523]LogModuleManager: Shutting down and abandoning module Renderer (16)
[2018.03.13-21.07.50:258][523]LogModuleManager: Shutting down and abandoning module Engine (14)
[2018.03.13-21.07.50:258][523]LogModuleManager: Shutting down and abandoning module CoreUObject (12)
[2018.03.13-21.07.50:258][523]LogModuleManager: Shutting down and abandoning module NetworkFile (10)
[2018.03.13-21.07.50:258][523]LogModuleManager: Shutting down and abandoning module CookedIterativeFile (8)
[2018.03.13-21.07.50:258][523]LogModuleManager: Shutting down and abandoning module StreamingFile (6)
[2018.03.13-21.07.50:258][523]LogModuleManager: Shutting down and abandoning module SandboxFile (4)
[2018.03.13-21.07.50:302][523]LogModuleManager: Shutting down and abandoning module PakFile (2)
[2018.03.13-21.07.50:346][523]LogExit: Exiting.
[2018.03.13-21.07.50:363][523]Log file closed, 03/13/18 22:07:50
