Log file open, 03/15/18 09:03:06
LogWindows: Failed to load 'aqProf.dll' (GetLastError=126)
LogWindows: File 'aqProf.dll' does not exist
LogWindows: Failed to load 'VSPerf140.dll' (GetLastError=126)
LogWindows: File 'VSPerf140.dll' does not exist
LogWindows: Failed to load 'VtuneApi.dll' (GetLastError=126)
LogWindows: File 'VtuneApi.dll' does not exist
LogWindows: Failed to load 'VtuneApi32e.dll' (GetLastError=126)
LogWindows: File 'VtuneApi32e.dll' does not exist
LogInit: Display: Running engine for game: MyProject3
LogPlatformFile: Not using cached read wrapper
LogInit: Display: RandInit(-1089510600) SRandInit(-1089510600).
LogInit: Read version file with build ID '3709383'
LogInit: Overriding engine version to CL 3754814, compatible CL 3709383
LogInit: Registered custom module enumerator with build ID '3709383'
LogTaskGraph: Started task graph with 5 named threads and 14 total threads with 3 sets of task threads.
LogStats: Stats thread started at 0.190537
LogD3D11RHI: Aftermath initialized
LogConfig: Warning: Failed to saved backup for config[Engine]
LogConfig: Warning: Failed to saved backup for config[EditorPerProjectUserSettings]
LogConfig: Warning: Failed to saved backup for config[Compat]
LogConfig: Warning: Failed to saved backup for config[Lightmass]
LogConfig: Warning: Failed to saved backup for config[Scalability]
LogModuleManager: Display: Found up-to-date module file ../../../Engine/Plugins/2D/Paper2D/Binaries/Win64/UE4Editor-Paper2D.dll (API version 3709383).
LogModuleManager: Display: Found up-to-date module file ../../../Engine/Plugins/2D/Paper2D/Binaries/Win64/UE4Editor-Paper2DEditor.dll (API version 3709383).
LogModuleManager: Display: Found up-to-date module file ../../../Engine/Plugins/2D/Paper2D/Binaries/Win64/UE4Editor-PaperSpriteSheetImporter.dll (API version 3709383).
LogModuleManager: Display: Found up-to-date module file ../../../Engine/Plugins/2D/Paper2D/Binaries/Win64/UE4Editor-PaperTiledImporter.dll (API version 3709383).
LogModuleManager: Display: Found up-to-date module file ../../../Engine/Plugins/2D/Paper2D/Binaries/Win64/UE4Editor-SmartSnapping.dll (API version 3709383).
LogModuleManager: Display: Found up-to-date module file ../../../Engine/Plugins/Blendables/LightPropagationVolume/Binaries/Win64/UE4Editor-LightPropagationVolumeRuntime.dll (API version 3709383).
LogModuleManager: Display: Found up-to-date module file ../../../Engine/Plugins/Blendables/LightPropagationVolume/Binaries/Win64/UE4Editor-LightPropagationVolumeEditor.dll (API version 3709383).
LogModuleManager: Display: Found up-to-date module file ../../../Engine/Plugins/Developer/GitSourceControl/Binaries/Win64/UE4Editor-GitSourceControl.dll (API version 3709383).
LogModuleManager: Display: Found up-to-date module file ../../../Engine/Plugins/Developer/PerforceSourceControl/Binaries/Win64/UE4Editor-PerforceSourceControl.dll (API version 3709383).
LogModuleManager: Display: Found up-to-date module file ../../../Engine/Plugins/Developer/SubversionSourceControl/Binaries/Win64/UE4Editor-SubversionSourceControl.dll (API version 3709383).
LogModuleManager: Display: Found up-to-date module file ../../../Engine/Plugins/Developer/UObjectPlugin/Binaries/Win64/UE4Editor-UObjectPlugin.dll (API version 3709383).
LogModuleManager: Display: Found up-to-date module file ../../../Engine/Plugins/Developer/VisualStudioCodeSourceCodeAccess/Binaries/Win64/UE4Editor-VisualStudioCodeSourceCodeAccess.dll (API version 3709383).
LogModuleManager: Display: Found up-to-date module file ../../../Engine/Plugins/Developer/VisualStudioSourceCodeAccess/Binaries/Win64/UE4Editor-VisualStudioSourceCodeAccess.dll (API version 3709383).
LogModuleManager: Display: Found up-to-date module file ../../../Engine/Plugins/Editor/AssetManagerEditor/Binaries/Win64/UE4Editor-AssetManagerEditor.dll (API version 3709383).
LogModuleManager: Display: Found up-to-date module file ../../../Engine/Plugins/Editor/AudioCapture/Binaries/Win64/UE4Editor-AudioCapture.dll (API version 3709383).
LogModuleManager: Display: Found up-to-date module file ../../../Engine/Plugins/Editor/FacialAnimation/Binaries/Win64/UE4Editor-FacialAnimation.dll (API version 3709383).
LogModuleManager: Display: Found up-to-date module file ../../../Engine/Plugins/Editor/FacialAnimation/Binaries/Win64/UE4Editor-FacialAnimationEditor.dll (API version 3709383).
LogModuleManager: Display: Found up-to-date module file ../../../Engine/Plugins/Editor/GameplayTagsEditor/Binaries/Win64/UE4Editor-GameplayTagsEditor.dll (API version 3709383).
LogModuleManager: Display: Found up-to-date module file ../../../Engine/Plugins/Editor/MobileLauncherProfileWizard/Binaries/Win64/UE4Editor-MobileLauncherProfileWizard.dll (API version 3709383).
LogModuleManager: Display: Found up-to-date module file ../../../Engine/Plugins/Editor/PluginBrowser/Binaries/Win64/UE4Editor-PluginBrowser.dll (API version 3709383).
LogModuleManager: Display: Found up-to-date module file ../../../Engine/Plugins/Editor/SpeedTreeImporter/Binaries/Win64/UE4Editor-SpeedTreeImporter.dll (API version 3709383).
LogModuleManager: Display: Found up-to-date module file ../../../Engine/Plugins/Experimental/AlembicImporter/Binaries/Win64/UE4Editor-AlembicImporter.dll (API version 3709383).
LogModuleManager: Display: Found up-to-date module file ../../../Engine/Plugins/Experimental/AlembicImporter/Binaries/Win64/UE4Editor-AlembicLibrary.dll (API version 3709383).
LogModuleManager: Display: Found up-to-date module file ../../../Engine/Plugins/Experimental/CharacterAI/Binaries/Win64/UE4Editor-CharacterAI.dll (API version 3709383).
LogModuleManager: Display: Found up-to-date module file ../../../Engine/Plugins/Experimental/HTML5Networking/Binaries/Win64/UE4Editor-HTML5Networking.dll (API version 3709383).
LogModuleManager: Display: Found up-to-date module file ../../../Engine/Plugins/Media/AndroidMedia/Binaries/Win64/UE4Editor-AndroidMediaEditor.dll (API version 3709383).
LogModuleManager: Display: Found up-to-date module file ../../../Engine/Plugins/Media/AndroidMedia/Binaries/Win64/UE4Editor-AndroidMediaFactory.dll (API version 3709383).
LogModuleManager: Display: Found up-to-date module file ../../../Engine/Plugins/Media/AvfMedia/Binaries/Win64/UE4Editor-AvfMediaEditor.dll (API version 3709383).
LogModuleManager: Display: Found up-to-date module file ../../../Engine/Plugins/Media/AvfMedia/Binaries/Win64/UE4Editor-AvfMediaFactory.dll (API version 3709383).
LogModuleManager: Display: Found up-to-date module file ../../../Engine/Plugins/Media/AvfMedia/Binaries/Win64/UE4Editor-AvfMediaFactory.dll (API version 3709383).
LogModuleManager: Display: Found up-to-date module file ../../../Engine/Plugins/Media/ImgMedia/Binaries/Win64/UE4Editor-ImgMedia.dll (API version 3709383).
LogModuleManager: Display: Found up-to-date module file ../../../Engine/Plugins/Media/ImgMedia/Binaries/Win64/UE4Editor-ImgMediaEditor.dll (API version 3709383).
LogModuleManager: Display: Found up-to-date module file ../../../Engine/Plugins/Media/ImgMedia/Binaries/Win64/UE4Editor-ImgMediaFactory.dll (API version 3709383).
LogModuleManager: Display: Found up-to-date module file ../../../Engine/Plugins/Media/ImgMedia/Binaries/Win64/UE4Editor-ImgMediaFactory.dll (API version 3709383).
LogModuleManager: Display: Found up-to-date module file ../../../Engine/Plugins/Media/ImgMedia/Binaries/Win64/UE4Editor-OpenExrWrapper.dll (API version 3709383).
LogModuleManager: Display: Found up-to-date module file ../../../Engine/Plugins/Media/MediaCompositing/Binaries/Win64/UE4Editor-MediaCompositing.dll (API version 3709383).
LogModuleManager: Display: Found up-to-date module file ../../../Engine/Plugins/Media/MediaCompositing/Binaries/Win64/UE4Editor-MediaCompositingEditor.dll (API version 3709383).
LogModuleManager: Display: Found up-to-date module file ../../../Engine/Plugins/Media/MediaPlayerEditor/Binaries/Win64/UE4Editor-MediaPlayerEditor.dll (API version 3709383).
LogModuleManager: Display: Found up-to-date module file ../../../Engine/Plugins/Media/WmfMedia/Binaries/Win64/UE4Editor-WmfMedia.dll (API version 3709383).
LogModuleManager: Display: Found up-to-date module file ../../../Engine/Plugins/Media/WmfMedia/Binaries/Win64/UE4Editor-WmfMediaEditor.dll (API version 3709383).
LogModuleManager: Display: Found up-to-date module file ../../../Engine/Plugins/Media/WmfMedia/Binaries/Win64/UE4Editor-WmfMediaFactory.dll (API version 3709383).
LogModuleManager: Display: Found up-to-date module file ../../../Engine/Plugins/Media/WmfMedia/Binaries/Win64/UE4Editor-WmfMediaFactory.dll (API version 3709383).
LogModuleManager: Display: Found up-to-date module file ../../../Engine/Plugins/Messaging/TcpMessaging/Binaries/Win64/UE4Editor-TcpMessaging.dll (API version 3709383).
LogModuleManager: Display: Found up-to-date module file ../../../Engine/Plugins/Messaging/UdpMessaging/Binaries/Win64/UE4Editor-UdpMessaging.dll (API version 3709383).
LogModuleManager: Display: Found up-to-date module file ../../../Engine/Plugins/MovieScene/ActorSequence/Binaries/Win64/UE4Editor-ActorSequence.dll (API version 3709383).
LogModuleManager: Display: Found up-to-date module file ../../../Engine/Plugins/MovieScene/LevelSequenceEditor/Binaries/Win64/UE4Editor-LevelSequenceEditor.dll (API version 3709383).
LogModuleManager: Display: Found up-to-date module file ../../../Engine/Plugins/MovieScene/MatineeToLevelSequence/Binaries/Win64/UE4Editor-MatineeToLevelSequence.dll (API version 3709383).
LogModuleManager: Display: Found up-to-date module file ../../../Engine/Plugins/Online/OnlineSubsystem/Binaries/Win64/UE4Editor-OnlineSubsystem.dll (API version 3709383).
LogModuleManager: Display: Found up-to-date module file ../../../Engine/Plugins/Runtime/AndroidPermission/Binaries/Win64/UE4Editor-AndroidPermission.dll (API version 3709383).
LogModuleManager: Display: Found up-to-date module file ../../../Engine/Plugins/Online/OnlineSubsystemNull/Binaries/Win64/UE4Editor-OnlineSubsystemNull.dll (API version 3709383).
LogModuleManager: Display: Found up-to-date module file ../../../Engine/Plugins/Online/OnlineSubsystemUtils/Binaries/Win64/UE4Editor-OnlineSubsystemUtils.dll (API version 3709383).
LogModuleManager: Display: Found up-to-date module file ../../../Engine/Plugins/Online/OnlineSubsystemUtils/Binaries/Win64/UE4Editor-OnlineBlueprintSupport.dll (API version 3709383).
LogModuleManager: Display: Found up-to-date module file ../../../Engine/Plugins/Runtime/AndroidDeviceProfileSelector/Binaries/Win64/UE4Editor-AndroidDeviceProfileSelector.dll (API version 3709383).
LogModuleManager: Display: Found up-to-date module file ../../../Engine/Plugins/Runtime/AppleARKit/Binaries/Win64/UE4Editor-AppleARKit.dll (API version 3709383).
LogModuleManager: Display: Found up-to-date module file ../../../Engine/Plugins/Runtime/ArchVisCharacter/Binaries/Win64/UE4Editor-ArchVisCharacter.dll (API version 3709383).
LogModuleManager: Display: Found up-to-date module file ../../../Engine/Plugins/Runtime/CableComponent/Binaries/Win64/UE4Editor-CableComponent.dll (API version 3709383).
LogModuleManager: Display: Found up-to-date module file ../../../Engine/Plugins/Runtime/CustomMeshComponent/Binaries/Win64/UE4Editor-CustomMeshComponent.dll (API version 3709383).
LogModuleManager: Display: Found up-to-date module file ../../../Engine/Plugins/Runtime/ExampleDeviceProfileSelector/Binaries/Win64/UE4Editor-ExampleDeviceProfileSelector.dll (API version 3709383).
LogModuleManager: Display: Found up-to-date module file ../../../Engine/Plugins/Runtime/ImmediatePhysics/Binaries/Win64/UE4Editor-ImmediatePhysics.dll (API version 3709383).
LogModuleManager: Display: Found up-to-date module file ../../../Engine/Plugins/Runtime/ImmediatePhysics/Binaries/Win64/UE4Editor-ImmediatePhysicsEditor.dll (API version 3709383).
LogModuleManager: Display: Found up-to-date module file ../../../Engine/Plugins/Runtime/LocationServicesBPLibrary/Binaries/Win64/UE4Editor-LocationServicesBPLibrary.dll (API version 3709383).
LogModuleManager: Display: Found up-to-date module file ../../../Engine/Plugins/Runtime/MobilePatchingUtils/Binaries/Win64/UE4Editor-MobilePatchingUtils.dll (API version 3709383).
LogModuleManager: Display: Found up-to-date module file ../../../Engine/Plugins/Runtime/Oculus/OculusVR/Binaries/Win64/UE4Editor-OculusHMD.dll (API version 3709383).
LogModuleManager: Display: Found up-to-date module file ../../../Engine/Plugins/Runtime/Oculus/OculusVR/Binaries/Win64/UE4Editor-OculusInput.dll (API version 3709383).
LogModuleManager: Display: Found up-to-date module file ../../../Engine/Plugins/Runtime/Oculus/OculusVR/Binaries/Win64/UE4Editor-OculusEditor.dll (API version 3709383).
LogModuleManager: Display: Found up-to-date module file ../../../Engine/Plugins/Runtime/PhysXVehicles/Binaries/Win64/UE4Editor-PhysXVehicles.dll (API version 3709383).
LogModuleManager: Display: Found up-to-date module file ../../../Engine/Plugins/Runtime/PhysXVehicles/Binaries/Win64/UE4Editor-PhysXVehiclesEditor.dll (API version 3709383).
LogModuleManager: Display: Found up-to-date module file ../../../Engine/Plugins/Runtime/ProceduralMeshComponent/Binaries/Win64/UE4Editor-ProceduralMeshComponent.dll (API version 3709383).
LogModuleManager: Display: Found up-to-date module file ../../../Engine/Plugins/Runtime/ProceduralMeshComponent/Binaries/Win64/UE4Editor-ProceduralMeshComponentEditor.dll (API version 3709383).
LogModuleManager: Display: Found up-to-date module file ../../../Engine/Plugins/Runtime/RuntimePhysXCooking/Binaries/Win64/UE4Editor-RuntimePhysXCooking.dll (API version 3709383).
LogModuleManager: Display: Found up-to-date module file ../../../Engine/Plugins/Runtime/Steam/SteamVR/Binaries/Win64/UE4Editor-SteamVR.dll (API version 3709383).
LogModuleManager: Display: Found up-to-date module file ../../../Engine/Plugins/Runtime/Steam/SteamVR/Binaries/Win64/UE4Editor-SteamVRController.dll (API version 3709383).
LogModuleManager: Display: Found up-to-date module file ../../../Engine/Plugins/Runtime/WindowsMoviePlayer/Binaries/Win64/UE4Editor-WindowsMoviePlayer.dll (API version 3709383).
LogPluginManager: Mounting plugin Paper2D
LogPluginManager: Mounting plugin LightPropagationVolume
LogPluginManager: Mounting plugin CodeLiteSourceCodeAccess
LogPluginManager: Mounting plugin GitSourceControl
LogPluginManager: Mounting plugin KDevelopSourceCodeAccess
LogPluginManager: Mounting plugin NullSourceCodeAccess
LogPluginManager: Mounting plugin PerforceSourceControl
LogPluginManager: Mounting plugin SubversionSourceControl
LogPluginManager: Mounting plugin UObjectPlugin
LogPluginManager: Mounting plugin VisualStudioCodeSourceCodeAccess
LogPluginManager: Mounting plugin VisualStudioSourceCodeAccess
LogPluginManager: Mounting plugin XCodeSourceCodeAccess
LogPluginManager: Mounting plugin AssetManagerEditor
LogPluginManager: Mounting plugin AudioCapture
LogPluginManager: Mounting plugin FacialAnimation
LogPluginManager: Mounting plugin GameplayTagsEditor
LogPluginManager: Mounting plugin MobileLauncherProfileWizard
LogPluginManager: Mounting plugin PluginBrowser
LogPluginManager: Mounting plugin SpeedTreeImporter
LogPluginManager: Mounting plugin AlembicImporter
LogPluginManager: Mounting plugin CharacterAI
LogPluginManager: Mounting plugin HTML5Networking
LogPluginManager: Mounting plugin AndroidMedia
LogPluginManager: Mounting plugin AvfMedia
LogPluginManager: Mounting plugin ImgMedia
LogPluginManager: Mounting plugin MediaCompositing
LogPluginManager: Mounting plugin MediaPlayerEditor
LogPluginManager: Mounting plugin WmfMedia
LogPluginManager: Mounting plugin TcpMessaging
LogPluginManager: Mounting plugin UdpMessaging
LogPluginManager: Mounting plugin ActorSequence
LogPluginManager: Mounting plugin LevelSequenceEditor
LogPluginManager: Mounting plugin MatineeToLevelSequence
LogPluginManager: Mounting plugin OnlineSubsystemGooglePlay
LogPluginManager: Mounting plugin OnlineSubsystemIOS
LogPluginManager: Mounting plugin OnlineSubsystem
LogPluginManager: Mounting plugin OnlineSubsystemNull
LogPluginManager: Mounting plugin OnlineSubsystemUtils
LogPluginManager: Mounting plugin AndroidDeviceProfileSelector
LogPluginManager: Mounting plugin AndroidMoviePlayer
LogPluginManager: Mounting plugin AndroidPermission
LogPluginManager: Mounting plugin AppleARKit
LogPluginManager: Mounting plugin AppleMoviePlayer
LogPluginManager: Mounting plugin ArchVisCharacter
LogPluginManager: Mounting plugin CableComponent
LogPluginManager: Mounting plugin CustomMeshComponent
LogPluginManager: Mounting plugin ExampleDeviceProfileSelector
LogPluginManager: Mounting plugin GoogleCloudMessaging
LogPluginManager: Mounting plugin ImmediatePhysics
LogPluginManager: Mounting plugin IOSDeviceProfileSelector
LogPluginManager: Mounting plugin LinuxDeviceProfileSelector
LogPluginManager: Mounting plugin LocationServicesBPLibrary
LogPluginManager: Mounting plugin MobilePatchingUtils
LogPluginManager: Mounting plugin OculusVR
LogPluginManager: Plugin shader directory ../../../Engine/Plugins/Runtime/Oculus/OculusVR/Shaders found
LogPluginManager: Mapping shader source directory ../../../Engine/Plugins/Runtime/Oculus/OculusVR/Shaders to virtual directory /Plugin/OculusVR
LogConfig: Warning: Failed to saved backup for config[OculusVR]
LogPluginManager: Mounting plugin PhysXVehicles
LogConfig: Warning: Failed to saved backup for config[PhysXVehicles]
LogPluginManager: Mounting plugin ProceduralMeshComponent
LogPluginManager: Mounting plugin RuntimePhysXCooking
LogPluginManager: Mounting plugin SteamVR
LogPluginManager: Mounting plugin WindowsMoviePlayer
LogInit: Using libcurl 7.47.1
LogInit:  - built for x86_64-pc-win32
LogInit:  - supports SSL with OpenSSL/1.0.2g
LogInit:  - supports HTTP deflate (compression) using libz 1.2.8
LogInit:  - other features:
LogInit:      CURL_VERSION_SSL
LogInit:      CURL_VERSION_LIBZ
LogInit:      CURL_VERSION_IPV6
LogInit:      CURL_VERSION_ASYNCHDNS
LogInit:      CURL_VERSION_LARGEFILE
LogInit:      CURL_VERSION_IDN
LogInit:  CurlRequestOptions (configurable via config and command line):
LogInit:  - bVerifyPeer = false  - Libcurl will NOT verify peer certificate
LogInit:  - bUseHttpProxy = false  - Libcurl will NOT use HTTP proxy
LogInit:  - bDontReuseConnections = false  - Libcurl will reuse connections
LogInit:  - CertBundlePath = nullptr  - Libcurl will use whatever was configured at build time.
LogInit: Build: ++UE4+Release-4.18-CL-3754814
LogInit: Engine Version: 4.18.1-3754814+++UE4+Release-4.18
LogInit: Compatible Engine Version: 4.18.0-3709383+++UE4+Release-4.18
LogInit: Net CL: 3709383
LogDevObjectVersion: Number of dev versions registered: 16
LogDevObjectVersion:   Dev-Blueprints (B0D832E4-1F89-4F0D-ACCF-7EB736FD4AA2): 10
LogDevObjectVersion:   Dev-Build (E1C64328-A22C-4D53-A36C-8E866417BD8C): 0
LogDevObjectVersion:   Dev-Core (375EC13C-06E4-48FB-B500-84F0262A717E): 2
LogDevObjectVersion:   Dev-Editor (E4B068ED-F494-42E9-A231-DA0B2E46BB41): 20
LogDevObjectVersion:   Dev-Framework (CFFC743F-43B0-4480-9391-14DF171D2073): 30
LogDevObjectVersion:   Dev-Mobile (B02B49B5-BB20-44E9-A304-32B752E40360): 0
LogDevObjectVersion:   Dev-Networking (A4E4105C-59A1-49B5-A7C5-40C4547EDFEE): 0
LogDevObjectVersion:   Dev-Online (39C831C9-5AE6-47DC-9A44-9C173E1C8E7C): 0
LogDevObjectVersion:   Dev-Physics (78F01B33-EBEA-4F98-B9B4-84EACCB95AA2): 0
LogDevObjectVersion:   Dev-Platform (6631380F-2D4D-43E0-8009-CF276956A95A): 0
LogDevObjectVersion:   Dev-Rendering (12F88B9F-8875-4AFC-A67C-D90C383ABD29): 20
LogDevObjectVersion:   Dev-Sequencer (7B5AE74C-D270-4C10-A958-57980B212A5A): 4
LogDevObjectVersion:   Dev-VR (D7296918-1DD6-4BDD-9DE2-64A83CC13884): 0
LogDevObjectVersion:   Dev-LoadTimes (C2A15278-BFE7-4AFE-6C17-90FF531DF755): 1
LogDevObjectVersion:   Private-Geometry (6EACA3D4-40EC-4CC1-B786-8BED09428FC5): 1
LogDevObjectVersion:   Dev-AnimPhys (29E575DD-E0A3-4627-9D10-D276232CDCEA): 12
LogInit: Compiled (64-bit): Nov 14 2017 02:05:55
LogInit: Compiled with Visual C++: 19.00.24215.01
LogInit: Build Configuration: Development
LogInit: Branch Name: ++UE4+Release-4.18
LogInit: Command line:  
LogInit: Base directory: C:/Program Files/Epic Games/UE_4.18/Engine/Binaries/Win64/
LogInit: Installed Engine Build: 1
LogInit: Presizing for max 8388607 objects, including 0 objects not considered by GC, pre-allocating 0 bytes for permanent pool.
LogInit: Object subsystem initialized
[2018.03.15-08.03.16:352][  0]LogInit: Selected Device Profile: [Windows]
[2018.03.15-08.03.16:352][  0]LogInit: Applying CVar settings loaded from the selected device profile: [Windows]
[2018.03.15-08.03.16:684][  0]LogInit: Computer: WET-FOR-NICOLAS
[2018.03.15-08.03.16:684][  0]LogInit: User: dancy
[2018.03.15-08.03.16:684][  0]LogInit: CPU Page size=4096, Cores=4
[2018.03.15-08.03.16:684][  0]LogInit: High frequency timer resolution =2.437496 MHz
[2018.03.15-08.03.16:706][  0]LogMemory: Memory total: Physical=7.9GB (8GB approx)
[2018.03.15-08.03.16:706][  0]LogMemory: Platform Memory Stats for Windows
[2018.03.15-08.03.16:706][  0]LogMemory: Process Physical Memory: 273.73 MB used, 273.73 MB peak
[2018.03.15-08.03.16:706][  0]LogMemory: Process Virtual Memory: 269.70 MB used, 269.70 MB peak
[2018.03.15-08.03.16:706][  0]LogMemory: Physical Memory: 4015.75 MB used,  4059.85 MB free, 8075.60 MB total
[2018.03.15-08.03.16:706][  0]LogMemory: Virtual Memory: 677.14 MB used,  4059.85 MB free, 134217728.00 MB total
[2018.03.15-08.03.19:637][  0]LogInit: Using OS detected language (fr-FR).
[2018.03.15-08.03.19:637][  0]LogInit: Using OS detected locale (en-GB).
[2018.03.15-08.03.20:217][  0]LogTextLocalizationManager: No localization for 'fr-FR' exists, so 'en' will be used for the language.
[2018.03.15-08.03.21:833][  0]LogInit: Setting process to per monitor DPI aware
[2018.03.15-08.03.32:768][  0]LogD3D11RHI: D3D11 adapters:
[2018.03.15-08.03.32:913][  0]LogD3D11RHI:    0. 'NVIDIA GeForce GTX 1050 Ti' (Feature Level 11_0)
[2018.03.15-08.03.32:913][  0]LogD3D11RHI:       4029/0/4037 MB DedicatedVideo/DedicatedSystem/SharedSystem, Outputs:1, VendorId:0x10de
[2018.03.15-08.03.32:952][  0]LogD3D11RHI:    1. 'Intel(R) HD Graphics 630' (Feature Level 11_0)
[2018.03.15-08.03.32:952][  0]LogD3D11RHI:       128/0/4037 MB DedicatedVideo/DedicatedSystem/SharedSystem, Outputs:0, VendorId:0x8086
[2018.03.15-08.03.32:954][  0]LogD3D11RHI:    2. 'Microsoft Basic Render Driver' (Feature Level 11_0)
[2018.03.15-08.03.32:954][  0]LogD3D11RHI:       0/0/4037 MB DedicatedVideo/DedicatedSystem/SharedSystem, Outputs:0, VendorId:0x1414
[2018.03.15-08.03.32:954][  0]LogD3D11RHI: Chosen D3D11 Adapter: 0
[2018.03.15-08.03.32:969][  0]LogD3D11RHI: Creating new Direct3DDevice
[2018.03.15-08.03.32:977][  0]LogD3D11RHI:     GPU DeviceId: 0x1c8c (for the marketing name, search the web for "GPU Device Id")
[2018.03.15-08.03.32:977][  0]LogWindows: EnumDisplayDevices:
[2018.03.15-08.03.32:977][  0]LogWindows:    0. 'Intel(R) HD Graphics 630' (P:1 D:1)
[2018.03.15-08.03.32:986][  0]LogWindows:    1. 'Intel(R) HD Graphics 630' (P:0 D:0)
[2018.03.15-08.03.32:986][  0]LogWindows:    2. 'Intel(R) HD Graphics 630' (P:0 D:0)
[2018.03.15-08.03.32:986][  0]LogWindows:    3. 'NVIDIA GeForce GTX 1050 Ti' (P:0 D:0)
[2018.03.15-08.03.32:986][  0]LogWindows: DebugString: GetVideoDriverDetailsInvalid PrimaryIsNotTheChoosenAdapter GetVideoDriverDetailsInvalid PrimaryIsNotTheChoosenAdapter GetVideoDriverDetailsInvalid PrimaryIsNotTheChoosenAdapter GetVideoDriverDetailsInvalid PrimaryIsNotTheChoosenAdapter FoundDriverCount:0 
[2018.03.15-08.03.32:986][  0]LogD3D11RHI:     Adapter Name: NVIDIA GeForce GTX 1050 Ti
[2018.03.15-08.03.32:986][  0]LogD3D11RHI:   Driver Version: Unknown (internal:Unknown, unified:Unknown)
[2018.03.15-08.03.32:986][  0]LogD3D11RHI:      Driver Date: Unknown
[2018.03.15-08.03.32:986][  0]LogRHI: Texture pool is 2820 MB (70% of 4029 MB)
[2018.03.15-08.03.33:074][  0]LogD3D11RHI: Async texture creation enabled
[2018.03.15-08.03.33:597][  0]LogD3D11RHI: GPU Timing Frequency: 1000.000000 (Debug: 2 1)
[2018.03.15-08.03.33:773][  0]LogShaderCompilers: Guid format shader working directory is -17 characters bigger than the processId version (../../../../../../Users/dancy/Documents/Unreal Projects/Level4/Intermediate/Shaders/WorkingDirectory/11632/).
[2018.03.15-08.03.33:773][  0]LogShaderCompilers: Cleaned the shader compiler working directory 'C:/Users/dancy/AppData/Local/Temp/UnrealShaderWorkingDir/8FEBFFBD499EB36E54095E8E7551461B/'.
[2018.03.15-08.03.33:800][  0]LogShaderCompilers: Display: Using Local Shader Compiler.
[2018.03.15-08.03.41:608][  0]LogTemp: Display: Loaded TP AllDesktopTargetPlatform
[2018.03.15-08.03.41:673][  0]LogTemp: Display: Loaded TP MacClientTargetPlatform
[2018.03.15-08.03.41:740][  0]LogTemp: Display: Loaded TP MacNoEditorTargetPlatform
[2018.03.15-08.03.41:834][  0]LogTemp: Display: Loaded TP MacServerTargetPlatform
[2018.03.15-08.03.41:966][  0]LogTemp: Display: Loaded TP MacTargetPlatform
[2018.03.15-08.03.42:073][  0]LogTemp: Display: Loaded TP WindowsClientTargetPlatform
[2018.03.15-08.03.42:189][  0]LogTemp: Display: Loaded TP WindowsNoEditorTargetPlatform
[2018.03.15-08.03.42:292][  0]LogTemp: Display: Loaded TP WindowsServerTargetPlatform
[2018.03.15-08.03.42:406][  0]LogTemp: Display: Loaded TP WindowsTargetPlatform
[2018.03.15-08.03.42:494][  0]LogTemp: Display: Loaded TP Android_ASTCTargetPlatform
[2018.03.15-08.03.42:567][  0]LogTemp: Display: Loaded TP Android_ATCTargetPlatform
[2018.03.15-08.03.42:658][  0]LogTemp: Display: Loaded TP Android_DXTTargetPlatform
[2018.03.15-08.03.42:738][  0]LogTemp: Display: Loaded TP Android_ETC1TargetPlatform
[2018.03.15-08.03.42:821][  0]LogTemp: Display: Loaded TP Android_ETC2TargetPlatform
[2018.03.15-08.03.43:005][  0]LogTemp: Display: Loaded TP Android_MultiTargetPlatform
[2018.03.15-08.03.43:005][  0]LogTemp: Display: Loaded TP Android_PVRTCTargetPlatform
[2018.03.15-08.03.43:118][  0]LogTemp: Display: Loaded TP AndroidTargetPlatform
[2018.03.15-08.03.43:174][  0]LogTemp: Display: Loaded TP HTML5TargetPlatform
[2018.03.15-08.03.43:405][  0]LogTemp: Display: Loaded TP IOSTargetPlatform
[2018.03.15-08.03.43:452][  0]LogTemp: Display: Loaded TP TVOSTargetPlatform
[2018.03.15-08.03.43:545][  0]LogTemp: Display: Loaded TP LinuxClientTargetPlatform
[2018.03.15-08.03.43:635][  0]LogTemp: Display: Loaded TP LinuxNoEditorTargetPlatform
[2018.03.15-08.03.43:740][  0]LogTemp: Display: Loaded TP LinuxServerTargetPlatform
[2018.03.15-08.03.43:884][  0]LogTemp: Display: Loaded TP LinuxTargetPlatform
[2018.03.15-08.03.43:884][  0]LogTargetPlatformManager: Display: Building Assets For Windows
[2018.03.15-08.03.46:117][  0]LogDerivedDataCache: Display: Max Cache Size: 512 MB
[2018.03.15-08.03.47:081][  0]LogDerivedDataCache: Loaded boot cache 0.94s 78MB C:/Users/dancy/AppData/Local/UnrealEngine/4.18/DerivedDataCache/Boot.ddc.
[2018.03.15-08.03.47:081][  0]LogDerivedDataCache: Display: Loaded Boot cache: C:/Users/dancy/AppData/Local/UnrealEngine/4.18/DerivedDataCache/Boot.ddc
[2018.03.15-08.03.47:081][  0]LogDerivedDataCache: FDerivedDataBackendGraph:  Pak pak cache file ../../../../../../Users/dancy/Documents/Unreal Projects/Level4/DerivedDataCache/DDC.ddp not found, will not use a pak cache.
[2018.03.15-08.03.47:081][  0]LogDerivedDataCache: Unable to find inner node Pak for hierarchical cache Hierarchy.
[2018.03.15-08.03.47:081][  0]LogDerivedDataCache: FDerivedDataBackendGraph:  CompressedPak pak cache file ../../../../../../Users/dancy/Documents/Unreal Projects/Level4/DerivedDataCache/Compressed.ddp not found, will not use a pak cache.
[2018.03.15-08.03.47:081][  0]LogDerivedDataCache: Unable to find inner node CompressedPak for hierarchical cache Hierarchy.
[2018.03.15-08.03.47:224][  0]LogDerivedDataCache: Display: Pak cache opened for reading ../../../Engine/DerivedDataCache/Compressed.ddp.
[2018.03.15-08.03.47:249][  0]LogDerivedDataCache: Using Local data cache path C:/Users/dancy/AppData/Local/UnrealEngine/Common/DerivedDataCache: Writable
[2018.03.15-08.03.47:343][  0]LogMaterial: Verifying Global Shaders for PCD3D_SM5
[2018.03.15-08.03.47:408][  0]LogSlate: Using Freetype 2.6.0
[2018.03.15-08.03.47:557][  0]LogSlate: SlateFontCache - WITH_FREETYPE: 1, WITH_HARFBUZZ: 1
[2018.03.15-08.03.47:560][  0]LogSlate: SlateFontCache - WITH_FREETYPE: 1, WITH_HARFBUZZ: 1
[2018.03.15-08.03.57:050][  0]LogInit: Selected Device Profile: [Windows]
[2018.03.15-08.03.59:880][  0]LogSimplygon: Simplygon DLL not present - disabling.
[2018.03.15-08.04.00:035][  0]LogMeshReduction: Using SimplygonSwarm for distributed automatic mesh merging
[2018.03.15-08.04.00:091][  0]LogMeshReduction: Using QuadricMeshReduction for automatic static mesh reduction
[2018.03.15-08.04.00:091][  0]LogMeshReduction: No automatic skeletal mesh reduction module available
[2018.03.15-08.04.00:092][  0]LogMeshReduction: No automatic mesh merging module available
[2018.03.15-08.04.00:092][  0]LogMeshMerging: No automatic mesh merging module available
[2018.03.15-08.04.00:779][  0]LogNetVersion: MyProject3 , NetCL: 3709383, EngineNetVer: 2, GameNetVer: 0 (Checksum: 3540592630)
[2018.03.15-08.04.03:360][  0]LogAssetRegistry: FAssetRegistry took 0.0351 seconds to start up
[2018.03.15-08.04.11:793][  0]LogAssetRegistry: Error: Failed to open file for write ../../../../../../Users/dancy/Documents/Unreal Projects/Level4/Intermediate/AssetRegistryCache/2657c409.bin
[2018.03.15-08.04.11:851][  0]LogAssetRegistry: Error: Failed to open file for write ../../../../../../Users/dancy/Documents/Unreal Projects/Level4/Intermediate/AssetRegistryCache/8c0e1344.bin
[2018.03.15-08.04.11:884][  0]LogPackageLocalizationCache: Processed 7 localized package path(s) for 1 prioritized culture(s) in 0.108629 seconds
[2018.03.15-08.04.11:930][  0]LogUObjectArray: 35900 objects as part of root set at end of initial load.
[2018.03.15-08.04.11:930][  0]LogUObjectAllocator: 7372024 out of 0 bytes used by permanent object pool.
[2018.03.15-08.04.11:930][  0]LogUObjectArray: CloseDisregardForGC: 0/0 objects in disregard for GC pool
[2018.03.15-08.04.12:098][  0]LogInit: WinSock: version 1.1 (2.2), MaxSocks=32767, MaxUdp=65467
[2018.03.15-08.04.52:048][  0]LogTcpMessaging: Initializing TcpMessaging bridge
[2018.03.15-08.04.52:285][  0]LogUdpMessaging: Initializing bridge on interface 0.0.0.0:0 to multicast group 230.0.0.1:6666.
[2018.03.15-08.04.55:294][  0]LogMaterial: Uniform references updated for custom material expression Custom.
[2018.03.15-08.04.57:337][  0]SourceControl: Source control is disabled
[2018.03.15-08.04.57:345][  0]SourceControl: Source control is disabled
[2018.03.15-08.04.57:537][  0]SourceControl: Source control is disabled
[2018.03.15-08.04.57:711][  0]SourceControl: Source control is disabled
[2018.03.15-08.05.00:335][  0]LogAndroidPermission: UAndroidPermissionCallbackProxy::GetInstance
[2018.03.15-08.05.00:921][  0]LogOcInput: OculusInput pre-init called
[2018.03.15-08.05.02:166][  0]LogEngine: Initializing Engine...
[2018.03.15-08.05.02:233][  0]LogHMD: Failed to initialize OpenVR with code 110
[2018.03.15-08.05.04:683][  0]LogStats: UGameplayTagsManager::ConstructGameplayTagTree: Construct from data asset -  0.000 s
[2018.03.15-08.05.04:684][  0]LogStats: UGameplayTagsManager::ConstructGameplayTagTree: GameplayTagTreeChangedEvent.Broadcast -  0.000 s
[2018.03.15-08.05.05:550][  0]LogAIModule: Creating AISystem for world Untitled
[2018.03.15-08.05.05:743][  0]LogInit: XAudio2 using 'Haut-parleurs (Realtek High Definition Audio(SST))' : 2 channels at 48 kHz using 32 bits per sample (channel mask 0x3)
[2018.03.15-08.05.06:771][  0]LogInit: FAudioDevice initialized.
[2018.03.15-08.05.08:232][  0]LogDerivedDataCache: Saved boot cache 1.43s 78MB C:/Users/dancy/AppData/Local/UnrealEngine/4.18/DerivedDataCache/Boot.ddc.
[2018.03.15-08.05.08:258][  0]LogInit: Texture streaming: Enabled
[2018.03.15-08.05.08:474][  0]LogEngineSessionManager: EngineSessionManager initialized
[2018.03.15-08.05.09:867][  0]LogInit: Transaction tracking system initialized
[2018.03.15-08.05.12:782][  0]BlueprintLog: New page: Editor Load
[2018.03.15-08.05.16:872][  0]LocalizationService: Localization service is disabled
[2018.03.15-08.05.20:332][  0]LogConsoleResponse: Display: 
[2018.03.15-08.05.23:825][  0]LogFileCache: Scanning file cache for directory 'C:/Users/dancy/Documents/Unreal Projects/Level4/Content/' took 0.02s
[2018.03.15-08.05.23:825][  0]LogCook: Display: Max memory allowance for cook 16384mb min free memory 0mb
[2018.03.15-08.05.23:825][  0]LogCook: Display: Mobile HDR setting 1
[2018.03.15-08.05.23:839][  0]LogGameplayTags: Display: UGameplayTagsManager::DoneAddingNativeTags. DelegateIsBound: 0
[2018.03.15-08.05.27:731][  0]SourceControl: Source control is disabled
[2018.03.15-08.05.27:798][  0]Cmd: MAP LOAD FILE="../../../Engine/Content/Maps/Templates/Template_Default.umap" TEMPLATE=1 SHOWPROGRESS=1 FEATURELEVEL=3
[2018.03.15-08.05.27:862][  0]LightingResults: New page: Lighting Build
[2018.03.15-08.05.28:116][  0]MapCheck: New page: Map Check
[2018.03.15-08.05.28:116][  0]LightingResults: New page: Lighting Build
[2018.03.15-08.05.30:572][  0]LogAIModule: Creating AISystem for world Untitled_1
[2018.03.15-08.05.31:477][  0]LogEditorServer: Finished looking for orphan Actors (0.000 secs)
[2018.03.15-08.05.31:652][  0]Cmd: MAP CHECKDEP NOCLEARLOG
[2018.03.15-08.05.31:745][  0]MapCheck: Map check complete: 0 Error(s), 0 Warning(s), took 92.776ms to complete.
[2018.03.15-08.05.31:745][  0]LogFileHelpers: Loading map 'Template_Default' took 3.975
[2018.03.15-08.05.33:837][  0]LogCollectionManager: Loaded 0 collections in 0.017246 seconds
[2018.03.15-08.05.34:232][  0]LogFileCache: Scanning file cache for directory 'C:/Users/dancy/Documents/Unreal Projects/Level4/Saved/Collections/' took 0.01s
[2018.03.15-08.05.34:232][  0]LogFileCache: Scanning file cache for directory 'C:/Users/dancy/Documents/Unreal Projects/Level4/Content/Developers/dancy/Collections/' took 0.01s
[2018.03.15-08.05.34:232][  0]LogFileCache: Scanning file cache for directory 'C:/Users/dancy/Documents/Unreal Projects/Level4/Content/Collections/' took 0.01s
[2018.03.15-08.05.34:232][  0]LogCollectionManager: Rebuilt the GUID cache for 0 collections in 0.000000 seconds
[2018.03.15-08.05.34:281][  0]LogContentBrowser: Native class hierarchy populated in 0.0281 seconds. Added 2363 classes and 519 folders.
[2018.03.15-08.05.34:537][  0]LogContentBrowser: Native class hierarchy updated for 'WidgetCarousel' in 0.0004 seconds. Added 0 classes and 0 folders.
[2018.03.15-08.05.36:298][  0]LogContentBrowser: Native class hierarchy updated for 'AddContentDialog' in 0.0004 seconds. Added 0 classes and 0 folders.
[2018.03.15-08.05.36:459][  0]LogContentBrowser: Native class hierarchy updated for 'SceneOutliner' in 0.0005 seconds. Added 1 classes and 2 folders.
[2018.03.15-08.05.38:557][  0]LogSlate: Took 0.028255 seconds to synchronously load lazily loaded font '../../../Engine/Content/Slate/Fonts/Roboto-Regular.ttf' (155K)
[2018.03.15-08.05.38:591][  0]LogSlate: Took 0.019298 seconds to synchronously load lazily loaded font '../../../Engine/Content/Slate/Fonts/Roboto-Bold.ttf' (160K)
[2018.03.15-08.05.38:645][  0]LogSlate: Took 0.020825 seconds to synchronously load lazily loaded font '../../../Engine/Content/Editor/Slate/Fonts/FontAwesome.ttf' (139K)
[2018.03.15-08.05.39:340][  0]LogRenderer: Reallocating scene render targets to support 1208x576 Format 10 NumSamples 1 (Frame:1).
[2018.03.15-08.05.41:407][  0]LogContentBrowser: Native class hierarchy updated for 'HierarchicalLODOutliner' in 0.0004 seconds. Added 1 classes and 2 folders.
[2018.03.15-08.05.41:407][  0]LogLoad: (Engine Initialization) Total time: 160.48 seconds
[2018.03.15-08.05.41:407][  0]LogLoad: (Engine Initialization) Total Blueprint compile time: 0.00 seconds
[2018.03.15-08.05.41:419][  0]LogExternalProfiler: No external profilers were discovered.  External profiling features will not be available.
[2018.03.15-08.05.41:621][  0]LogContentStreaming: Texture pool size now 1000 MB
[2018.03.15-08.05.41:905][  1]LogAssetRegistry: Asset discovery search completed in 98.5700 seconds
[2018.03.15-08.05.41:908][  1]LogCollectionManager: Rebuilt the object cache for 0 collections in 0.000000 seconds (found 0 objects)
[2018.03.15-08.05.41:908][  1]LogCollectionManager: Fixed up redirectors for 0 collections in 0.000068 seconds (updated 0 objects)
[2018.03.15-08.05.46:054][223]LogSlate: Took 0.025248 seconds to synchronously load lazily loaded font '../../../Engine/Content/Slate/Fonts/Roboto-Light.ttf' (159K)
[2018.03.15-08.05.47:581][309]LogSlate: Took 0.000196 seconds to synchronously load lazily loaded font '../../../Engine/Content/Slate/Fonts/Roboto-Light.ttf' (159K)
[2018.03.15-08.05.47:845][309]LogLinker: Warning: Can't find file '/Game/Materials/Desactivated'
[2018.03.15-08.05.47:845][309]LoadErrors: Failed to load /Game/Materials/Desactivated.Desactivated Referenced by Sphere_GEN_VARIABLE
[2018.03.15-08.05.47:845][309]LogLinker: Warning: Can't find file for asset '/Game/Materials/Desactivated' while loading ../../../../../../Users/dancy/Documents/Unreal Projects/Level4/Content/Blueprints/Actors/BP_Box.uasset.
[2018.03.15-08.05.47:846][309]LoadErrors: Error: /Game/Blueprints/Actors/BP_Box : Can't find file for asset. /Game/Materials/Desactivated
[2018.03.15-08.05.47:848][309]LogLinker: Warning: Can't find file '/Game/Materials/Activated'
[2018.03.15-08.05.47:849][309]LogLinker: Warning: Can't find file for asset '/Game/Materials/Activated' while loading ../../../../../../Users/dancy/Documents/Unreal Projects/Level4/Content/Blueprints/Actors/BP_Box.uasset.
[2018.03.15-08.05.47:849][309]LoadErrors: Error: /Game/Blueprints/Actors/BP_Box : Can't find file for asset. /Game/Materials/Activated
[2018.03.15-08.05.47:849][309]LogLinker: Warning: Can't find file '/Game/Materials/Desactivated'
[2018.03.15-08.05.47:849][309]LogLinker: Warning: Can't find file for asset '/Game/Materials/Desactivated' while loading ../../../../../../Users/dancy/Documents/Unreal Projects/Level4/Content/Blueprints/Actors/BP_Box.uasset.
[2018.03.15-08.05.47:849][309]LogLinker: Warning: Can't find file '/Game/Materials/Activated'
[2018.03.15-08.05.47:849][309]LogLinker: Warning: Can't find file for asset '/Game/Materials/Activated' while loading ../../../../../../Users/dancy/Documents/Unreal Projects/Level4/Content/Blueprints/Actors/BP_Box.uasset.
[2018.03.15-08.05.47:849][309]LogLinker: Warning: Can't find file '/Game/Materials/Desactivated'
[2018.03.15-08.05.47:849][309]LogLinker: Warning: Can't find file for asset '/Game/Materials/Desactivated' while loading ../../../../../../Users/dancy/Documents/Unreal Projects/Level4/Content/Blueprints/Actors/BP_Box.uasset.
[2018.03.15-08.05.47:850][309]LogLinker: Warning: Can't find file '/Game/Materials/Activated'
[2018.03.15-08.05.47:850][309]LoadErrors: Failed to load /Game/Materials/Activated.Activated Referenced by K2Node_CallFunction_28
[2018.03.15-08.05.47:851][309]LogLinker: Warning: Can't find file for asset '/Game/Materials/Activated' while loading ../../../../../../Users/dancy/Documents/Unreal Projects/Level4/Content/Blueprints/Actors/BP_Box.uasset.
[2018.03.15-08.05.47:939][309]LogLinker: Warning: Can't find file '/Game/Materials/Activated'
[2018.03.15-08.05.47:939][309]LogLinker: Warning: Can't find file for asset '/Game/Materials/Activated' while loading ../../../../../../Users/dancy/Documents/Unreal Projects/Level4/Content/Blueprints/Actors/BP_Button.uasset.
[2018.03.15-08.05.47:939][309]LoadErrors: Error: /Game/Blueprints/Actors/BP_Button : Can't find file for asset. /Game/Materials/Activated
[2018.03.15-08.05.47:940][309]LogLinker: Warning: Can't find file '/Game/Materials/Desactivated'
[2018.03.15-08.05.47:940][309]LogLinker: Warning: Can't find file for asset '/Game/Materials/Desactivated' while loading ../../../../../../Users/dancy/Documents/Unreal Projects/Level4/Content/Blueprints/Actors/BP_Button.uasset.
[2018.03.15-08.05.47:940][309]LoadErrors: Error: /Game/Blueprints/Actors/BP_Button : Can't find file for asset. /Game/Materials/Desactivated
[2018.03.15-08.05.47:941][309]LogLinker: Warning: Can't find file '/Game/Materials/Activated'
[2018.03.15-08.05.47:941][309]LogLinker: Warning: Can't find file for asset '/Game/Materials/Activated' while loading ../../../../../../Users/dancy/Documents/Unreal Projects/Level4/Content/Blueprints/Actors/BP_Button.uasset.
[2018.03.15-08.05.47:941][309]LogLinker: Warning: Can't find file '/Game/Materials/Desactivated'
[2018.03.15-08.05.47:941][309]LogLinker: Warning: Can't find file for asset '/Game/Materials/Desactivated' while loading ../../../../../../Users/dancy/Documents/Unreal Projects/Level4/Content/Blueprints/Actors/BP_Button.uasset.
[2018.03.15-08.05.48:154][309]LogAIModule: Creating AISystem for world Level_004
[2018.03.15-08.05.48:234][309]Cmd: MAP LOAD FILE="../../../../../../Users/dancy/Documents/Unreal Projects/Level4/Content/_LEVELS/Level_004.umap" TEMPLATE=0 SHOWPROGRESS=1 FEATURELEVEL=3
[2018.03.15-08.05.48:234][309]LightingResults: New page: Lighting Build
[2018.03.15-08.05.48:235][309]LoadErrors: New page: Loading map: Level_004.umap
[2018.03.15-08.05.48:264][309]MapCheck: New page: Map Check
[2018.03.15-08.05.48:264][309]LightingResults: New page: Lighting Build
[2018.03.15-08.05.48:617][309]LogEditorServer: Finished looking for orphan Actors (0.000 secs)
[2018.03.15-08.05.48:679][309]Cmd: MAP CHECKDEP NOCLEARLOG
[2018.03.15-08.05.48:742][309]MapCheck: Map check complete: 0 Error(s), 0 Warning(s), took 61.838ms to complete.
[2018.03.15-08.05.48:742][309]LogFileHelpers: Loading map 'Level_004' took 0.526
[2018.03.15-08.05.50:472][408]LogEditorViewport: Clicking on Actor (LMB): BP_Sky_Sphere_C (Sky Sphere)
[2018.03.15-08.05.51:967][469]LogWindowsTextInputMethodSystem: Display: IME system now deactivated.
[2018.03.15-08.05.51:968][469]LogWindowsTextInputMethodSystem: Display: IME system now deactivated.
[2018.03.15-08.05.54:199][603]LogEditorViewport: Clicking on Actor (LMB): BP_Sky_Sphere_C (Sky Sphere)
[2018.03.15-08.05.56:465][736]LogWindowsTextInputMethodSystem: Display: IME system now deactivated.
[2018.03.15-08.05.56:465][736]LogWindowsTextInputMethodSystem: Display: IME system now deactivated.
[2018.03.15-08.05.59:489][916]LogTemp: Repeating last play command: Selected Viewport
[2018.03.15-08.05.59:603][916]LogPlayLevel: PlayLevel: No blueprints needed recompiling
[2018.03.15-08.05.59:614][916]PIE: New page: PIE session: Level_004 (15 Mar 2018 10:05:59)
[2018.03.15-08.05.59:614][916]LogPlayLevel: Creating play world package: /Game/_LEVELS/UEDPIE_0_Level_004
[2018.03.15-08.05.59:630][916]LogPlayLevel: PIE: StaticDuplicateObject took: (0.016080s)
[2018.03.15-08.05.59:631][916]LogAIModule: Creating AISystem for world Level_004
[2018.03.15-08.05.59:632][916]LogPlayLevel: PIE: World Init took: (0.001192s)
[2018.03.15-08.05.59:632][916]LogPlayLevel: PIE: Created PIE world by copying editor world from /Game/_LEVELS/Level_004.Level_004 to /Game/_LEVELS/UEDPIE_0_Level_004.Level_004 (0.017751s)
[2018.03.15-08.05.59:678][916]LogInit: XAudio2 using 'Haut-parleurs (Realtek High Definition Audio(SST))' : 2 channels at 48 kHz using 32 bits per sample (channel mask 0x3)
[2018.03.15-08.05.59:692][916]LogInit: FAudioDevice initialized.
[2018.03.15-08.05.59:836][916]LogLoad: Game class is 'GM_Main_C'
[2018.03.15-08.05.59:884][916]LogWorld: Bringing World /Game/_LEVELS/UEDPIE_0_Level_004.Level_004 up for play (max tick rate 60) at 2018.03.15-09.05.59
[2018.03.15-08.05.59:910][916]LogWorld: Bringing up level for play took: 0.027580
[2018.03.15-08.06.00:081][916]LogContentBrowser: Native class hierarchy updated for 'MovieSceneCapture' in 0.0006 seconds. Added 11 classes and 0 folders.
[2018.03.15-08.06.00:082][916]LogGameMode: Display: Match State Changed from EnteringMap to WaitingToStart
[2018.03.15-08.06.00:082][916]LogGameState: Match State Changed from EnteringMap to WaitingToStart
[2018.03.15-08.06.00:082][916]LogGameMode: Display: Match State Changed from WaitingToStart to InProgress
[2018.03.15-08.06.00:179][916]LogGameState: Match State Changed from WaitingToStart to InProgress
[2018.03.15-08.06.00:194][916]PIE: Play in editor start time for /Game/_LEVELS/UEDPIE_0_Level_004 -0.365
[2018.03.15-08.06.11:261][556]LogEditorViewport: Clicking on Actor (context menu): BP_Sky_Sphere_C (Sky Sphere)
[2018.03.15-08.06.13:263][662]LogEditorViewport: Clicking on Actor (LMB): BP_Sky_Sphere_C (Sky Sphere)
[2018.03.15-08.06.16:702][861]LogEditorViewport: Clicking on Actor (LMB): BP_Sky_Sphere_C (Sky Sphere)
[2018.03.15-08.06.17:062][881]LogEditorViewport: Clicking on Component (LMB): StaticMeshComponent (Sky Sphere mesh)
[2018.03.15-08.06.29:590][577]LogEditorViewport: Clicking on Actor (LMB): BP_Hori_PlatformFast_C (BP_Hori_PlatformFast2)
[2018.03.15-08.06.43:815][369]LogEditorViewport: Clicking on Actor (LMB): BP_Hori_Platform_C (BP_Hori_Platform2)
[2018.03.15-08.06.46:516][528]LogEditorViewport: Clicking on Actor (LMB): BP_Hori_Platform_C (BP_Hori_Platform3)
[2018.03.15-08.06.49:034][677]LogEditorViewport: Clicking on Actor (LMB): BP_Hori_PlatformFast_C (BP_Hori_PlatformFast3)
[2018.03.15-08.06.55:105][ 37]LogEditorViewport: Clicking on Actor (LMB): BP_Hori_Platform_C (BP_Hori_Platform2)
[2018.03.15-08.07.04:356][588]LogEditorViewport: Clicking on Actor (LMB): BP_Hori_Platform_C (BP_Hori_Platform3)
[2018.03.15-08.07.14:129][171]LogEditorViewport: Clicking on Actor (LMB): BP_Hori_PlatformFast_C (BP_Hori_PlatformFast3)
[2018.03.15-08.07.21:025][581]LogEditorViewport: Clicking on Actor (LMB): BP_Hori_Platform_C (BP_Hori_Platform4)
[2018.03.15-08.07.27:162][945]LogEditorViewport: Clicking on Actor (LMB): BP_Teleporter_C (BP_Teleporter2)
[2018.03.15-08.07.29:110][ 58]LogEditorViewport: Clicking on Actor (LMB): BP_Hori_PlatformFast_C (BP_Hori_PlatformFast4)
[2018.03.15-08.07.35:344][427]LogEditorViewport: Clicking on Actor (LMB): BP_Hori_Platform_C (BP_Hori_Platform6)
[2018.03.15-08.07.41:016][757]LogEditorViewport: Clicking on Actor (LMB): BP_Hori_Platform_C (BP_Hori_Platform15)
[2018.03.15-08.07.47:700][154]LogEditorViewport: Clicking on Actor (LMB): BP_Hori_Platform_C (BP_Hori_Platform8)
[2018.03.15-08.07.55:840][638]LogEditorViewport: Clicking on Actor (LMB): BP_Hori_Platform_C (BP_Hori_Platform9)
[2018.03.15-08.08.01:265][960]LogEditorViewport: Clicking on Actor (LMB): BP_Hori_Platform_C (BP_Hori_Platform11)
[2018.03.15-08.08.08:145][369]LogEditorViewport: Clicking on Actor (LMB): BP_Hori_Platform_C (BP_Hori_Platform12)
[2018.03.15-08.08.14:296][734]LogEditorViewport: Clicking on Actor (LMB): BP_Hori_Platform_C (BP_Hori_Platform16)
[2018.03.15-08.08.19:537][ 39]LogEditorViewport: Clicking on Actor (LMB): BP_Hori_Platform_C (BP_Hori_Platform14)
[2018.03.15-08.08.31:341][743]LogEditorViewport: Clicking on Actor (LMB): BP_Teleporter_C (BP_Teleporter3)
[2018.03.15-08.08.33:663][880]LogTemp: Repeating last play command: Selected Viewport
[2018.03.15-08.08.33:684][880]LogPlayLevel: PlayLevel: No blueprints needed recompiling
[2018.03.15-08.08.33:684][880]PIE: New page: PIE session: Level_004 (15 Mar 2018 10:08:33)
[2018.03.15-08.08.33:684][880]LogPlayLevel: Creating play world package: /Game/_LEVELS/UEDPIE_0_Level_004
[2018.03.15-08.08.33:695][880]LogPlayLevel: PIE: StaticDuplicateObject took: (0.009925s)
[2018.03.15-08.08.33:696][880]LogAIModule: Creating AISystem for world Level_004
[2018.03.15-08.08.33:696][880]LogPlayLevel: PIE: World Init took: (0.000970s)
[2018.03.15-08.08.33:696][880]LogPlayLevel: PIE: Created PIE world by copying editor world from /Game/_LEVELS/Level_004.Level_004 to /Game/_LEVELS/UEDPIE_0_Level_004.Level_004 (0.011298s)
[2018.03.15-08.08.33:711][880]LogInit: XAudio2 using 'Haut-parleurs (Realtek High Definition Audio(SST))' : 2 channels at 48 kHz using 32 bits per sample (channel mask 0x3)
[2018.03.15-08.08.33:729][880]LogInit: FAudioDevice initialized.
[2018.03.15-08.08.33:764][880]LogLoad: Game class is 'GM_Main_C'
[2018.03.15-08.08.33:766][880]LogWorld: Bringing World /Game/_LEVELS/UEDPIE_0_Level_004.Level_004 up for play (max tick rate 60) at 2018.03.15-09.08.33
[2018.03.15-08.08.33:766][880]LogWorld: Bringing up level for play took: 0.001654
[2018.03.15-08.08.33:767][880]LogGameMode: Display: Match State Changed from EnteringMap to WaitingToStart
[2018.03.15-08.08.33:767][880]LogGameState: Match State Changed from EnteringMap to WaitingToStart
[2018.03.15-08.08.33:767][880]LogGameMode: Display: Match State Changed from WaitingToStart to InProgress
[2018.03.15-08.08.33:768][880]LogGameState: Match State Changed from WaitingToStart to InProgress
[2018.03.15-08.08.33:768][880]PIE: Play in editor start time for /Game/_LEVELS/UEDPIE_0_Level_004 -0.79
[2018.03.15-08.09.18:312][541]LogEditorViewport: Clicking on Actor (LMB): BP_Hori_Platform_C (BP_Hori_Platform15)
[2018.03.15-08.09.25:295][953]LogEditorViewport: Clicking on Actor (LMB): BP_Hori_Platform_C (BP_Hori_Platform7)
[2018.03.15-08.09.26:425][ 18]Cmd: DELETE
[2018.03.15-08.09.26:425][ 18]Cmd: ACTOR DELETE
[2018.03.15-08.09.26:659][ 18]LogEditorActor: Deleted Actor: BP_Hori_Platform_C
[2018.03.15-08.09.26:670][ 18]LogEditorActor: Deleted 1 Actors (0.047 secs)
[2018.03.15-08.09.27:837][ 88]LogEditorViewport: Clicking on Actor (LMB): BP_Hori_Platform_C (BP_Hori_Platform15)
[2018.03.15-08.09.45:271][121]Cmd: OBJ SAVEPACKAGE PACKAGE="/Game/_LEVELS/Level_004" FILE="../../../../../../Users/dancy/Documents/Unreal Projects/Level4/Content/_LEVELS/Level_004.umap" SILENT=true AUTOSAVING=false KEEPDIRTY=false
[2018.03.15-08.09.45:489][121]LogSavePackage: Save=130.96ms
[2018.03.15-08.09.45:489][121]LogSavePackage: Moving '../../../../../../Users/dancy/Documents/Unreal Projects/Level4/Saved/Level_004E7F07433439AEC2A8CC053BC31213FEB.tmp' to '../../../../../../Users/dancy/Documents/Unreal Projects/Level4/Content/_LEVELS/Level_004.umap'
[2018.03.15-08.09.45:509][121]LogSavePackage: Display: Finished SavePackage ../../../../../../Users/dancy/Documents/Unreal Projects/Level4/Content/_LEVELS/Level_004.umap
[2018.03.15-08.09.45:542][121]Cmd: OBJ SAVEPACKAGE PACKAGE="/Game/_LEVELS/Level_004_BuiltData" FILE="../../../../../../Users/dancy/Documents/Unreal Projects/Level4/Content/_LEVELS/Level_004_BuiltData.uasset" SILENT=true
[2018.03.15-08.09.45:615][121]LogSavePackage: Save=60.46ms
[2018.03.15-08.09.45:615][121]LogSavePackage: Moving '../../../../../../Users/dancy/Documents/Unreal Projects/Level4/Saved/Level_004_BuiltData4FA4089A40F5BD892B1D1AAAECFEA3D0.tmp' to '../../../../../../Users/dancy/Documents/Unreal Projects/Level4/Content/_LEVELS/Level_004_BuiltData.uasset'
[2018.03.15-08.09.45:616][121]LogSavePackage: Display: Finished SavePackage ../../../../../../Users/dancy/Documents/Unreal Projects/Level4/Content/_LEVELS/Level_004_BuiltData.uasset
[2018.03.15-08.09.52:734][547]LogEditorViewport: Clicking on Actor (LMB): BP_Hori_PlatformFast_C (BP_Hori_PlatformFast2)
[2018.03.15-08.09.57:939][857]LogEditorViewport: Clicking on Actor (LMB): BP_Sky_Sphere_C (Sky Sphere)
[2018.03.15-08.09.58:868][909]Cmd: OBJ SAVEPACKAGE PACKAGE="/Game/_LEVELS/Level_004" FILE="../../../../../../Users/dancy/Documents/Unreal Projects/Level4/Content/_LEVELS/Level_004.umap" SILENT=true AUTOSAVING=false KEEPDIRTY=false
[2018.03.15-08.09.59:003][909]LogSavePackage: Save=96.31ms
[2018.03.15-08.09.59:004][909]LogSavePackage: Moving '../../../../../../Users/dancy/Documents/Unreal Projects/Level4/Saved/Level_00461B36E9540B9CD3E2CFE3F9955C3316B.tmp' to '../../../../../../Users/dancy/Documents/Unreal Projects/Level4/Content/_LEVELS/Level_004.umap'
[2018.03.15-08.09.59:006][909]LogSavePackage: Display: Finished SavePackage ../../../../../../Users/dancy/Documents/Unreal Projects/Level4/Content/_LEVELS/Level_004.umap
[2018.03.15-08.09.59:040][909]Cmd: OBJ SAVEPACKAGE PACKAGE="/Game/_LEVELS/Level_004_BuiltData" FILE="../../../../../../Users/dancy/Documents/Unreal Projects/Level4/Content/_LEVELS/Level_004_BuiltData.uasset" SILENT=true
[2018.03.15-08.09.59:059][909]LogSavePackage: Save=15.86ms
[2018.03.15-08.09.59:059][909]LogSavePackage: Moving '../../../../../../Users/dancy/Documents/Unreal Projects/Level4/Saved/Level_004_BuiltDataE3D8EEC1410824D22040FCA5D7196F23.tmp' to '../../../../../../Users/dancy/Documents/Unreal Projects/Level4/Content/_LEVELS/Level_004_BuiltData.uasset'
[2018.03.15-08.09.59:060][909]LogSavePackage: Display: Finished SavePackage ../../../../../../Users/dancy/Documents/Unreal Projects/Level4/Content/_LEVELS/Level_004_BuiltData.uasset
[2018.03.15-08.10.02:251][ 91]LogWindowsTextInputMethodSystem: Display: IME system now deactivated.
[2018.03.15-08.10.02:631][ 92]Cmd: QUIT_EDITOR
[2018.03.15-08.10.03:024][ 92]LogExit: Preparing to exit.
[2018.03.15-08.10.03:517][ 92]LogDirectoryWatcher: A directory notification for 'C:/Users/dancy/Documents/Unreal Projects/Level4/Content/' was aborted.
[2018.03.15-08.10.03:570][ 92]LogExit: Editor shut down
[2018.03.15-08.10.03:576][ 92]LogExit: Transaction tracking system shut down
[2018.03.15-08.10.03:790][ 92]LogDirectoryWatcher: A directory notification for '../../../Engine/Content/' was aborted.
[2018.03.15-08.10.03:790][ 92]LogDirectoryWatcher: A directory notification for '../../../../../../Users/dancy/Documents/Unreal Projects/Level4/Content/' was aborted.
[2018.03.15-08.10.03:790][ 92]LogDirectoryWatcher: A directory notification for '../../../Engine/Plugins/2D/Paper2D/Content/' was aborted.
[2018.03.15-08.10.03:790][ 92]LogDirectoryWatcher: A directory notification for '../../../Engine/Plugins/Media/MediaCompositing/Content/' was aborted.
[2018.03.15-08.10.03:790][ 92]LogDirectoryWatcher: A directory notification for '../../../Engine/Plugins/Runtime/AppleARKit/Content/' was aborted.
[2018.03.15-08.10.03:791][ 92]LogDirectoryWatcher: A directory notification for '../../../Engine/Plugins/Runtime/Oculus/OculusVR/Content/' was aborted.
[2018.03.15-08.10.03:791][ 92]LogDirectoryWatcher: A directory notification for '../../../Engine/Plugins/Runtime/Steam/SteamVR/Content/' was aborted.
[2018.03.15-08.10.04:154][ 92]LogExit: Object subsystem successfully closed.
[2018.03.15-08.10.04:228][ 92]LogD3D11RHI: Shutdown
[2018.03.15-08.10.04:229][ 92]LogD3D11RHI: CleanupD3DDevice
[2018.03.15-08.10.04:234][ 92]LogD3D11RHI: ~FD3D11DynamicRHI
[2018.03.15-08.10.04:493][ 92]LogModuleManager: Shutting down and abandoning module MovieSceneCapture (552)
[2018.03.15-08.10.04:493][ 92]LogModuleManager: Shutting down and abandoning module HierarchicalLODOutliner (550)
[2018.03.15-08.10.04:493][ 92]LogModuleManager: Shutting down and abandoning module SceneOutliner (548)
[2018.03.15-08.10.04:503][ 92]LogModuleManager: Shutting down and abandoning module AddContentDialog (546)
[2018.03.15-08.10.04:503][ 92]LogDirectoryWatcher: A directory notification for 'C:/Program Files/Epic Games/UE_4.18/FeaturePacks/' was aborted.
[2018.03.15-08.10.04:506][ 92]LogModuleManager: Shutting down and abandoning module WidgetCarousel (545)
[2018.03.15-08.10.04:506][ 92]LogModuleManager: Shutting down and abandoning module EditorWidgets (542)
[2018.03.15-08.10.04:506][ 92]LogModuleManager: Shutting down and abandoning module CollectionManager (540)
[2018.03.15-08.10.04:506][ 92]LogDirectoryWatcher: A directory notification for 'C:/Users/dancy/Documents/Unreal Projects/Level4/Content/Collections/' was aborted.
[2018.03.15-08.10.04:507][ 92]LogDirectoryWatcher: A directory notification for 'C:/Users/dancy/Documents/Unreal Projects/Level4/Content/Developers/dancy/Collections/' was aborted.
[2018.03.15-08.10.04:507][ 92]LogDirectoryWatcher: A directory notification for 'C:/Users/dancy/Documents/Unreal Projects/Level4/Saved/Collections/' was aborted.
[2018.03.15-08.10.04:507][ 92]LogModuleManager: Shutting down and abandoning module HierarchicalLODUtilities (538)
[2018.03.15-08.10.04:507][ 92]LogModuleManager: Shutting down and abandoning module StatsViewer (536)
[2018.03.15-08.10.04:507][ 92]LogModuleManager: Shutting down and abandoning module FoliageEdit (534)
[2018.03.15-08.10.04:507][ 92]LogModuleManager: Shutting down and abandoning module LandscapeEditor (532)
[2018.03.15-08.10.04:520][ 92]LogModuleManager: Shutting down and abandoning module MeshPaintMode (530)
[2018.03.15-08.10.04:520][ 92]LogModuleManager: Shutting down and abandoning module SceneDepthPickerMode (528)
[2018.03.15-08.10.04:520][ 92]LogModuleManager: Shutting down and abandoning module ActorPickerMode (526)
[2018.03.15-08.10.04:520][ 92]LogModuleManager: Shutting down and abandoning module GeometryMode (524)
[2018.03.15-08.10.04:521][ 92]LogModuleManager: Shutting down and abandoning module TextureAlignMode (522)
[2018.03.15-08.10.04:521][ 92]LogModuleManager: Shutting down and abandoning module BspMode (520)
[2018.03.15-08.10.04:521][ 92]LogModuleManager: Shutting down and abandoning module PIEPreviewDeviceProfileSelector (518)
[2018.03.15-08.10.04:521][ 92]LogModuleManager: Shutting down and abandoning module HardwareSurvey (516)
[2018.03.15-08.10.04:521][ 92]LogModuleManager: Shutting down and abandoning module SequenceRecorderSections (514)
[2018.03.15-08.10.04:521][ 92]LogModuleManager: Shutting down and abandoning module AutomationWorker (512)
[2018.03.15-08.10.04:521][ 92]LogModuleManager: Shutting down and abandoning module MatineeToLevelSequence (510)
[2018.03.15-08.10.04:521][ 92]LogModuleManager: Shutting down and abandoning module LevelSequenceEditor (508)
[2018.03.15-08.10.04:544][ 92]LogModuleManager: Shutting down and abandoning module PlacementMode (507)
[2018.03.15-08.10.04:544][ 92]LogModuleManager: Shutting down and abandoning module WmfMediaFactory (504)
[2018.03.15-08.10.04:544][ 92]LogModuleManager: Shutting down and abandoning module WmfMediaEditor (502)
[2018.03.15-08.10.04:544][ 92]LogModuleManager: Shutting down and abandoning module OpenExrWrapper (500)
[2018.03.15-08.10.04:544][ 92]LogModuleManager: Shutting down and abandoning module ImgMediaFactory (498)
[2018.03.15-08.10.04:544][ 92]LogModuleManager: Shutting down and abandoning module ImgMediaEditor (496)
[2018.03.15-08.10.04:544][ 92]LogModuleManager: Shutting down and abandoning module AvfMediaFactory (494)
[2018.03.15-08.10.04:544][ 92]LogModuleManager: Shutting down and abandoning module AvfMediaEditor (492)
[2018.03.15-08.10.04:544][ 92]LogModuleManager: Shutting down and abandoning module AndroidMediaFactory (490)
[2018.03.15-08.10.04:544][ 92]LogModuleManager: Shutting down and abandoning module AndroidMediaEditor (488)
[2018.03.15-08.10.04:544][ 92]LogModuleManager: Shutting down and abandoning module CharacterAI (486)
[2018.03.15-08.10.04:544][ 92]LogModuleManager: Shutting down and abandoning module AudioCapture (484)
[2018.03.15-08.10.04:544][ 92]LogModuleManager: Shutting down and abandoning module SequenceRecorder (483)
[2018.03.15-08.10.04:544][ 92]LogModuleManager: Shutting down and abandoning module SmartSnapping (480)
[2018.03.15-08.10.04:545][ 92]LogModuleManager: Shutting down and abandoning module SessionServices (478)
[2018.03.15-08.10.04:545][ 92]LogModuleManager: Shutting down and abandoning module ViewportSnapping (476)
[2018.03.15-08.10.04:545][ 92]LogModuleManager: Shutting down and abandoning module ViewportInteraction (474)
[2018.03.15-08.10.04:545][ 92]LogModuleManager: Shutting down and abandoning module ClothPainter (472)
[2018.03.15-08.10.04:553][ 92]LogModuleManager: Shutting down and abandoning module SkeletalMeshEditor (471)
[2018.03.15-08.10.04:570][ 92]LogModuleManager: Shutting down and abandoning module LogVisualizer (468)
[2018.03.15-08.10.04:570][ 92]LogModuleManager: Shutting down and abandoning module IntroTutorials (466)
[2018.03.15-08.10.04:570][ 92]LogModuleManager: Shutting down and abandoning module GameProjectGeneration (465)
[2018.03.15-08.10.04:598][ 92]LogModuleManager: Shutting down and abandoning module IOSPlatformEditor (462)
[2018.03.15-08.10.04:598][ 92]LogModuleManager: Shutting down and abandoning module HTML5PlatformEditor (460)
[2018.03.15-08.10.04:598][ 92]LogModuleManager: Shutting down and abandoning module AndroidPlatformEditor (458)
[2018.03.15-08.10.04:598][ 92]LogModuleManager: Shutting down and abandoning module AndroidDeviceDetection (457)
[2018.03.15-08.10.05:447][ 92]LogModuleManager: Shutting down and abandoning module WindowsPlatformEditor (454)
[2018.03.15-08.10.05:447][ 92]LogModuleManager: Shutting down and abandoning module IOSRuntimeSettings (452)
[2018.03.15-08.10.05:448][ 92]LogModuleManager: Shutting down and abandoning module AndroidRuntimeSettings (450)
[2018.03.15-08.10.05:448][ 92]LogModuleManager: Shutting down and abandoning module InputBindingEditor (448)
[2018.03.15-08.10.05:448][ 92]LogModuleManager: Shutting down and abandoning module MergeActors (446)
[2018.03.15-08.10.05:459][ 92]LogModuleManager: Shutting down and abandoning module SizeMap (444)
[2018.03.15-08.10.05:459][ 92]LogModuleManager: Shutting down and abandoning module TreeMap (442)
[2018.03.15-08.10.05:459][ 92]LogModuleManager: Shutting down and abandoning module ReferenceViewer (440)
[2018.03.15-08.10.05:459][ 92]LogModuleManager: Shutting down and abandoning module LocalizationDashboard (438)
[2018.03.15-08.10.05:471][ 92]LogModuleManager: Shutting down and abandoning module LocalizationService (437)
[2018.03.15-08.10.05:471][ 92]LogModuleManager: Shutting down and abandoning module HardwareTargeting (434)
[2018.03.15-08.10.05:471][ 92]LogModuleManager: Shutting down and abandoning module DeviceProfileEditor (432)
[2018.03.15-08.10.05:471][ 92]LogModuleManager: Shutting down and abandoning module UndoHistory (430)
[2018.03.15-08.10.05:471][ 92]LogModuleManager: Shutting down and abandoning module XmlParser (428)
[2018.03.15-08.10.05:471][ 92]LogModuleManager: Shutting down and abandoning module Blutility (426)
[2018.03.15-08.10.05:471][ 92]LogModuleManager: Shutting down and abandoning module ProjectSettingsViewer (424)
[2018.03.15-08.10.05:471][ 92]LogModuleManager: Shutting down and abandoning module ProjectTargetPlatformEditor (423)
[2018.03.15-08.10.05:471][ 92]LogModuleManager: Shutting down and abandoning module EditorSettingsViewer (420)
[2018.03.15-08.10.05:471][ 92]LogModuleManager: Shutting down and abandoning module SettingsEditor (418)
[2018.03.15-08.10.05:497][ 92]LogModuleManager: Shutting down and abandoning module ProjectLauncher (416)
[2018.03.15-08.10.05:501][ 92]LogModuleManager: Shutting down and abandoning module SessionFrontend (414)
[2018.03.15-08.10.05:501][ 92]LogModuleManager: Shutting down and abandoning module ProfilerClient (412)
[2018.03.15-08.10.05:507][ 92]LogModuleManager: Shutting down and abandoning module DeviceManager (410)
[2018.03.15-08.10.05:507][ 92]LogModuleManager: Shutting down and abandoning module TargetDeviceServices (409)
[2018.03.15-08.10.05:571][ 92]LogModuleManager: Shutting down and abandoning module AutomationController (406)
[2018.03.15-08.10.05:596][ 92]LogModuleManager: Shutting down and abandoning module AutomationWindow (404)
[2018.03.15-08.10.05:624][ 92]LogModuleManager: Shutting down and abandoning module Layers (402)
[2018.03.15-08.10.05:656][ 92]LogModuleManager: Shutting down and abandoning module ComponentVisualizers (400)
[2018.03.15-08.10.05:656][ 92]LogModuleManager: Shutting down and abandoning module DetailCustomizations (398)
[2018.03.15-08.10.05:656][ 92]LogModuleManager: Shutting down and abandoning module PackagesDialog (396)
[2018.03.15-08.10.05:656][ 92]LogModuleManager: Shutting down and abandoning module Persona (394)
[2018.03.15-08.10.05:700][ 92]LogModuleManager: Shutting down and abandoning module AdvancedPreviewScene (393)
[2018.03.15-08.10.05:700][ 92]LogModuleManager: Shutting down and abandoning module AnimGraph (391)
[2018.03.15-08.10.05:700][ 92]LogModuleManager: Shutting down and abandoning module Kismet (388)
[2018.03.15-08.10.05:701][ 92]LogModuleManager: Shutting down and abandoning module ClassViewer (386)
[2018.03.15-08.10.05:701][ 92]LogModuleManager: Shutting down and abandoning module Toolbox (384)
[2018.03.15-08.10.05:701][ 92]LogModuleManager: Shutting down and abandoning module ModuleUI (382)
[2018.03.15-08.10.05:711][ 92]LogModuleManager: Shutting down and abandoning module MovieSceneTools (380)
[2018.03.15-08.10.05:724][ 92]LogModuleManager: Shutting down and abandoning module OutputLog (378)
[2018.03.15-08.10.05:724][ 92]LogModuleManager: Shutting down and abandoning module GammaUI (376)
[2018.03.15-08.10.05:732][ 92]LogModuleManager: Shutting down and abandoning module Documentation (374)
[2018.03.15-08.10.05:732][ 92]LogModuleManager: Shutting down and abandoning module MovieSceneTracks (372)
[2018.03.15-08.10.05:732][ 92]LogModuleManager: Shutting down and abandoning module MovieScene (370)
[2018.03.15-08.10.05:732][ 92]LogModuleManager: Shutting down and abandoning module StreamingPauseRendering (368)
[2018.03.15-08.10.05:733][ 92]LogModuleManager: Shutting down and abandoning module LauncherPlatform (366)
[2018.03.15-08.10.05:733][ 92]LogModuleManager: Shutting down and abandoning module AnalyticsET (364)
[2018.03.15-08.10.05:733][ 92]LogModuleManager: Shutting down and abandoning module PortalServices (362)
[2018.03.15-08.10.05:733][ 92]LogModuleManager: Shutting down and abandoning module PortalRpc (360)
[2018.03.15-08.10.05:733][ 92]LogModuleManager: Shutting down and abandoning module MessagingRpc (358)
[2018.03.15-08.10.05:733][ 92]LogModuleManager: Shutting down and abandoning module AIModule (356)
[2018.03.15-08.10.05:746][ 92]LogModuleManager: Shutting down and abandoning module GameplayDebugger (355)
[2018.03.15-08.10.05:746][ 92]LogModuleManager: Shutting down and abandoning module AITestSuite (353)
[2018.03.15-08.10.05:746][ 92]LogModuleManager: Shutting down and abandoning module DesktopPlatform (350)
[2018.03.15-08.10.05:746][ 92]LogModuleManager: Shutting down and abandoning module ProfilerService (348)
[2018.03.15-08.10.05:748][ 92]LogModuleManager: Shutting down and abandoning module TaskGraph (346)
[2018.03.15-08.10.05:748][ 92]LogModuleManager: Shutting down and abandoning module SteamVRController (344)
[2018.03.15-08.10.05:748][ 92]LogModuleManager: Shutting down and abandoning module ProceduralMeshComponentEditor (342)
[2018.03.15-08.10.05:748][ 92]LogModuleManager: Shutting down and abandoning module ProceduralMeshComponent (340)
[2018.03.15-08.10.05:749][ 92]LogModuleManager: Shutting down and abandoning module OculusInput (338)
[2018.03.15-08.10.05:749][ 92]LogModuleManager: Shutting down and abandoning module MobilePatchingUtils (336)
[2018.03.15-08.10.05:749][ 92]LogModuleManager: Shutting down and abandoning module CustomMeshComponent (334)
[2018.03.15-08.10.05:749][ 92]LogModuleManager: Shutting down and abandoning module CableComponent (332)
[2018.03.15-08.10.05:749][ 92]LogModuleManager: Shutting down and abandoning module ArchVisCharacter (330)
[2018.03.15-08.10.05:749][ 92]LogModuleManager: Shutting down and abandoning module AndroidPermission (328)
[2018.03.15-08.10.05:749][ 92]LogModuleManager: Shutting down and abandoning module ActorSequence (324)
[2018.03.15-08.10.05:749][ 92]LogModuleManager: Shutting down and abandoning module MediaPlayerEditor (322)
[2018.03.15-08.10.05:754][ 92]LogModuleManager: Shutting down and abandoning module MediaCompositingEditor (320)
[2018.03.15-08.10.05:754][ 92]LogModuleManager: Shutting down and abandoning module MediaCompositing (318)
[2018.03.15-08.10.05:754][ 92]LogModuleManager: Shutting down and abandoning module HTML5Networking (316)
[2018.03.15-08.10.05:754][ 92]LogModuleManager: Shutting down and abandoning module AlembicImporter (314)
[2018.03.15-08.10.05:762][ 92]LogModuleManager: Shutting down and abandoning module AlembicLibrary (313)
[2018.03.15-08.10.05:762][ 92]LogModuleManager: Shutting down and abandoning module GeometryCache (312)
[2018.03.15-08.10.05:762][ 92]LogModuleManager: Shutting down and abandoning module GeometryCacheEd (311)
[2018.03.15-08.10.05:762][ 92]LogModuleManager: Shutting down and abandoning module SpeedTreeImporter (306)
[2018.03.15-08.10.05:762][ 92]LogModuleManager: Shutting down and abandoning module PluginBrowser (304)
[2018.03.15-08.10.05:772][ 92]LogModuleManager: Shutting down and abandoning module MobileLauncherProfileWizard (302)
[2018.03.15-08.10.05:778][ 92]LogModuleManager: Shutting down and abandoning module VisualStudioSourceCodeAccess (300)
[2018.03.15-08.10.05:778][ 92]LogModuleManager: Shutting down and abandoning module VisualStudioCodeSourceCodeAccess (298)
[2018.03.15-08.10.05:778][ 92]LogModuleManager: Shutting down and abandoning module UObjectPlugin (296)
[2018.03.15-08.10.05:778][ 92]LogModuleManager: Shutting down and abandoning module SubversionSourceControl (294)
[2018.03.15-08.10.05:778][ 92]LogModuleManager: Shutting down and abandoning module PerforceSourceControl (292)
[2018.03.15-08.10.05:794][ 92]LogModuleManager: Shutting down and abandoning module GitSourceControl (290)
[2018.03.15-08.10.05:794][ 92]LogModuleManager: Shutting down and abandoning module SourceControl (289)
[2018.03.15-08.10.05:794][ 92]LogModuleManager: Shutting down and abandoning module LightPropagationVolumeEditor (286)
[2018.03.15-08.10.05:794][ 92]LogModuleManager: Shutting down and abandoning module PaperTiledImporter (284)
[2018.03.15-08.10.05:794][ 92]LogModuleManager: Shutting down and abandoning module PaperSpriteSheetImporter (282)
[2018.03.15-08.10.05:794][ 92]LogModuleManager: Shutting down and abandoning module Paper2DEditor (280)
[2018.03.15-08.10.05:800][ 92]LogModuleManager: Shutting down and abandoning module MeshPaint (279)
[2018.03.15-08.10.05:800][ 92]LogModuleManager: Shutting down and abandoning module LevelEditor (277)
[2018.03.15-08.10.05:801][ 92]LogModuleManager: Shutting down and abandoning module PixelInspectorModule (276)
[2018.03.15-08.10.05:801][ 92]LogModuleManager: Shutting down and abandoning module MainFrame (274)
[2018.03.15-08.10.05:801][ 92]LogModuleManager: Shutting down and abandoning module HotReload (273)
[2018.03.15-08.10.05:802][ 92]LogModuleManager: Shutting down and abandoning module RuntimePhysXCooking (268)
[2018.03.15-08.10.05:802][ 92]LogModuleManager: Shutting down and abandoning module PhysXVehiclesEditor (266)
[2018.03.15-08.10.05:802][ 92]LogModuleManager: Shutting down and abandoning module PhysXVehicles (264)
[2018.03.15-08.10.05:802][ 92]LogModuleManager: Shutting down and abandoning module OculusEditor (262)
[2018.03.15-08.10.05:802][ 92]LogModuleManager: Shutting down and abandoning module LocationServicesBPLibrary (260)
[2018.03.15-08.10.05:802][ 92]LogModuleManager: Shutting down and abandoning module ImmediatePhysicsEditor (258)
[2018.03.15-08.10.05:802][ 92]LogModuleManager: Shutting down and abandoning module ImmediatePhysics (256)
[2018.03.15-08.10.05:802][ 92]LogModuleManager: Shutting down and abandoning module UdpMessaging (254)
[2018.03.15-08.10.05:903][ 92]LogModuleManager: Shutting down and abandoning module TcpMessaging (252)
[2018.03.15-08.10.06:003][ 92]LogModuleManager: Shutting down and abandoning module GameplayTagsEditor (250)
[2018.03.15-08.10.06:003][ 92]LogModuleManager: Shutting down and abandoning module FacialAnimationEditor (248)
[2018.03.15-08.10.06:003][ 92]LogModuleManager: Shutting down and abandoning module FacialAnimation (246)
[2018.03.15-08.10.06:003][ 92]LogModuleManager: Shutting down and abandoning module AssetManagerEditor (244)
[2018.03.15-08.10.06:003][ 92]LogModuleManager: Shutting down and abandoning module GraphEditor (243)
[2018.03.15-08.10.06:040][ 92]LogModuleManager: Shutting down and abandoning module ContentBrowser (241)
[2018.03.15-08.10.06:041][ 92]LogModuleManager: Shutting down and abandoning module LightPropagationVolumeRuntime (238)
[2018.03.15-08.10.06:041][ 92]LogModuleManager: Shutting down and abandoning module Paper2D (236)
[2018.03.15-08.10.06:041][ 92]LogModuleManager: Shutting down and abandoning module WindowsMoviePlayer (234)
[2018.03.15-08.10.06:041][ 92]LogModuleManager: Shutting down and abandoning module WmfMedia (232)
[2018.03.15-08.10.06:056][ 92]LogModuleManager: Shutting down and abandoning module ImgMedia (230)
[2018.03.15-08.10.06:057][ 92]LogModuleManager: Shutting down and abandoning module PacketHandler (228)
[2018.03.15-08.10.06:057][ 92]LogModuleManager: Shutting down and abandoning module ClothingSystemEditor (226)
[2018.03.15-08.10.06:057][ 92]LogModuleManager: Shutting down and abandoning module ClothingSystemRuntime (224)
[2018.03.15-08.10.06:088][ 92]LogModuleManager: Shutting down and abandoning module MediaAssets (222)
[2018.03.15-08.10.06:088][ 92]LogModuleManager: Shutting down and abandoning module Media (221)
[2018.03.15-08.10.06:094][ 92]LogModuleManager: Shutting down and abandoning module Overlay (218)
[2018.03.15-08.10.06:094][ 92]LogModuleManager: Shutting down and abandoning module OverlayEditor (217)
[2018.03.15-08.10.06:094][ 92]LogModuleManager: Shutting down and abandoning module VREditor (214)
[2018.03.15-08.10.06:106][ 92]LogModuleManager: Shutting down and abandoning module StringTableEditor (212)
[2018.03.15-08.10.06:106][ 92]LogModuleManager: Shutting down and abandoning module GameplayTasksEditor (210)
[2018.03.15-08.10.06:106][ 92]LogModuleManager: Shutting down and abandoning module BehaviorTreeEditor (208)
[2018.03.15-08.10.06:124][ 92]LogModuleManager: Shutting down and abandoning module FunctionalTesting (206)
[2018.03.15-08.10.06:124][ 92]LogModuleManager: Shutting down and abandoning module CollisionAnalyzer (204)
[2018.03.15-08.10.06:124][ 92]LogModuleManager: Shutting down and abandoning module WorkspaceMenuStructure (203)
[2018.03.15-08.10.06:124][ 92]LogModuleManager: Shutting down and abandoning module UMG (200)
[2018.03.15-08.10.06:136][ 92]LogModuleManager: Shutting down and abandoning module UMGEditor (199)
[2018.03.15-08.10.06:170][ 92]LogModuleManager: Shutting down and abandoning module Sequencer (198)
[2018.03.15-08.10.06:196][ 92]LogModuleManager: Shutting down and abandoning module MessageLog (195)
[2018.03.15-08.10.06:196][ 92]LogModuleManager: Shutting down and abandoning module SlateReflector (190)
[2018.03.15-08.10.06:202][ 92]LogModuleManager: Shutting down and abandoning module Slate (188)
[2018.03.15-08.10.06:202][ 92]LogModuleManager: Shutting down and abandoning module EditorStyle (186)
[2018.03.15-08.10.06:205][ 92]LogModuleManager: Shutting down and abandoning module MRMesh (184)
[2018.03.15-08.10.06:205][ 92]LogModuleManager: Shutting down and abandoning module SourceCodeAccess (182)
[2018.03.15-08.10.06:205][ 92]LogModuleManager: Shutting down and abandoning module HeadMountedDisplay (180)
[2018.03.15-08.10.06:205][ 92]LogModuleManager: Shutting down and abandoning module XAudio2 (178)
[2018.03.15-08.10.06:205][ 92]LogModuleManager: Shutting down and abandoning module Networking (176)
[2018.03.15-08.10.06:205][ 92]LogModuleManager: Shutting down and abandoning module Core (172)
[2018.03.15-08.10.06:205][ 92]LogModuleManager: Shutting down and abandoning module LevelSequence (168)
[2018.03.15-08.10.06:205][ 92]LogModuleManager: Shutting down and abandoning module DirectoryWatcher (166)
[2018.03.15-08.10.06:206][ 92]LogModuleManager: Shutting down and abandoning module KismetCompiler (164)
[2018.03.15-08.10.06:206][ 92]LogModuleManager: Shutting down and abandoning module MeshUtilities (162)
[2018.03.15-08.10.06:213][ 92]LogModuleManager: Shutting down and abandoning module MeshMergeUtilities (161)
[2018.03.15-08.10.06:214][ 92]LogModuleManager: Shutting down and abandoning module MeshReductionInterface (160)
[2018.03.15-08.10.06:214][ 92]LogModuleManager: Shutting down and abandoning module SimplygonSwarm (159)
[2018.03.15-08.10.06:220][ 92]LogModuleManager: Shutting down and abandoning module SimplygonMeshReduction (157)
[2018.03.15-08.10.06:220][ 92]LogModuleManager: Shutting down and abandoning module QuadricMeshReduction (155)
[2018.03.15-08.10.06:220][ 92]LogModuleManager: Shutting down and abandoning module MaterialBaking (151)
[2018.03.15-08.10.06:220][ 92]LogModuleManager: Shutting down and abandoning module DerivedDataCache (148)
[2018.03.15-08.10.06:316][ 92]LogDerivedDataCache: Shutdown
[2018.03.15-08.10.06:316][ 92]LogModuleManager: Shutting down and abandoning module TargetPlatform (146)
[2018.03.15-08.10.06:316][ 92]LogModuleManager: Shutting down and abandoning module VulkanShaderFormat (145)
[2018.03.15-08.10.06:316][ 92]LogModuleManager: Shutting down and abandoning module ShaderFormatVectorVM (143)
[2018.03.15-08.10.06:338][ 92]LogModuleManager: Shutting down and abandoning module ShaderFormatOpenGL (141)
[2018.03.15-08.10.06:348][ 92]LogModuleManager: Shutting down and abandoning module ShaderFormatD3D (139)
[2018.03.15-08.10.06:348][ 92]LogModuleManager: Shutting down and abandoning module MetalShaderFormat (137)
[2018.03.15-08.10.06:377][ 92]LogModuleManager: Shutting down and abandoning module TextureFormatUncompressed (135)
[2018.03.15-08.10.06:377][ 92]LogModuleManager: Shutting down and abandoning module TextureFormatPVR (133)
[2018.03.15-08.10.06:377][ 92]LogModuleManager: Shutting down and abandoning module TextureFormatDXT (131)
[2018.03.15-08.10.06:377][ 92]LogModuleManager: Shutting down and abandoning module TextureFormatIntelISPCTexComp (129)
[2018.03.15-08.10.06:378][ 92]LogModuleManager: Shutting down and abandoning module TextureFormatASTC (127)
[2018.03.15-08.10.06:378][ 92]LogModuleManager: Shutting down and abandoning module ImageWrapper (126)
[2018.03.15-08.10.06:378][ 92]LogModuleManager: Shutting down and abandoning module TextureFormatAndroid (123)
[2018.03.15-08.10.06:378][ 92]LogModuleManager: Shutting down and abandoning module AudioFormatOpus (121)
[2018.03.15-08.10.06:378][ 92]LogModuleManager: Shutting down and abandoning module AudioFormatOgg (119)
[2018.03.15-08.10.06:378][ 92]LogModuleManager: Shutting down and abandoning module AudioFormatADPCM (117)
[2018.03.15-08.10.06:378][ 92]LogModuleManager: Shutting down and abandoning module LinuxTargetPlatform (115)
[2018.03.15-08.10.06:378][ 92]LogModuleManager: Shutting down and abandoning module LinuxServerTargetPlatform (113)
[2018.03.15-08.10.06:378][ 92]LogModuleManager: Shutting down and abandoning module LinuxNoEditorTargetPlatform (111)
[2018.03.15-08.10.06:378][ 92]LogModuleManager: Shutting down and abandoning module LinuxClientTargetPlatform (109)
[2018.03.15-08.10.06:378][ 92]LogModuleManager: Shutting down and abandoning module TVOSTargetPlatform (107)
[2018.03.15-08.10.06:378][ 92]LogModuleManager: Shutting down and abandoning module Messaging (105)
[2018.03.15-08.10.06:378][ 92]LogModuleManager: Shutting down and abandoning module IOSTargetPlatform (103)
[2018.03.15-08.10.06:378][ 92]LogModuleManager: Shutting down and abandoning module HTML5TargetPlatform (101)
[2018.03.15-08.10.06:378][ 92]LogModuleManager: Shutting down and abandoning module AndroidTargetPlatform (99)
[2018.03.15-08.10.06:378][ 92]LogModuleManager: Shutting down and abandoning module Android_PVRTCTargetPlatform (97)
[2018.03.15-08.10.06:378][ 92]LogModuleManager: Shutting down and abandoning module Android_MultiTargetPlatform (95)
[2018.03.15-08.10.06:378][ 92]LogModuleManager: Shutting down and abandoning module Android_ETC2TargetPlatform (93)
[2018.03.15-08.10.06:378][ 92]LogModuleManager: Shutting down and abandoning module Android_ETC1TargetPlatform (91)
[2018.03.15-08.10.06:378][ 92]LogModuleManager: Shutting down and abandoning module Android_DXTTargetPlatform (89)
[2018.03.15-08.10.06:378][ 92]LogModuleManager: Shutting down and abandoning module Android_ATCTargetPlatform (87)
[2018.03.15-08.10.06:378][ 92]LogModuleManager: Shutting down and abandoning module Android_ASTCTargetPlatform (85)
[2018.03.15-08.10.06:378][ 92]LogModuleManager: Shutting down and abandoning module WindowsTargetPlatform (83)
[2018.03.15-08.10.06:378][ 92]LogModuleManager: Shutting down and abandoning module WindowsServerTargetPlatform (81)
[2018.03.15-08.10.06:378][ 92]LogModuleManager: Shutting down and abandoning module WindowsNoEditorTargetPlatform (79)
[2018.03.15-08.10.06:378][ 92]LogModuleManager: Shutting down and abandoning module WindowsClientTargetPlatform (77)
[2018.03.15-08.10.06:378][ 92]LogModuleManager: Shutting down and abandoning module MacTargetPlatform (75)
[2018.03.15-08.10.06:378][ 92]LogModuleManager: Shutting down and abandoning module MacServerTargetPlatform (73)
[2018.03.15-08.10.06:378][ 92]LogModuleManager: Shutting down and abandoning module MacNoEditorTargetPlatform (71)
[2018.03.15-08.10.06:378][ 92]LogModuleManager: Shutting down and abandoning module MacClientTargetPlatform (69)
[2018.03.15-08.10.06:378][ 92]LogModuleManager: Shutting down and abandoning module AllDesktopTargetPlatform (67)
[2018.03.15-08.10.06:378][ 92]LogModuleManager: Shutting down and abandoning module InputCore (64)
[2018.03.15-08.10.06:378][ 92]LogModuleManager: Shutting down and abandoning module Settings (62)
[2018.03.15-08.10.06:379][ 92]LogModuleManager: Shutting down and abandoning module PhysXCooking (60)
[2018.03.15-08.10.06:379][ 92]LogModuleManager: Shutting down and abandoning module SteamVR (58)
[2018.03.15-08.10.06:379][ 92]LogModuleManager: Shutting down and abandoning module OculusHMD (56)
[2018.03.15-08.10.06:379][ 92]LogModuleManager: Shutting down and abandoning module ExampleDeviceProfileSelector (54)
[2018.03.15-08.10.06:379][ 92]LogModuleManager: Shutting down and abandoning module AppleARKit (52)
[2018.03.15-08.10.06:379][ 92]LogModuleManager: Shutting down and abandoning module AugmentedReality (51)
[2018.03.15-08.10.06:379][ 92]LogModuleManager: Shutting down and abandoning module OnlineBlueprintSupport (48)
[2018.03.15-08.10.06:379][ 92]LogModuleManager: Shutting down and abandoning module OnlineSubsystem (44)
[2018.03.15-08.10.06:390][ 92]LogModuleManager: Shutting down and abandoning module XMPP (43)
[2018.03.15-08.10.06:399][ 92]LogModuleManager: Shutting down and abandoning module HTTP (41)
[2018.03.15-08.10.06:399][ 92]LogHttp: Display: Http module shutting down, but needs to wait on 1 outstanding Http requests:
[2018.03.15-08.10.06:399][ 92]LogHttp: Display: 	verb=[POST] url=[https://datarouter.ol.epicgames.com/datarouter/api/v1/public/data?SessionID=%7B9E294B6B-4D5D-7429-5BBF-3E8497F98F42%7D&AppID=UEEditor.Rocket.Release&AppVersion=4.18.1-3754814%2B%2B%2BUE4%2BRelease-4.18&UserID=5f83dcdc4ba72f9e8f9ad8a8c0edf264%7Ca72ba477aae54cda8e23885bae1f4f21%7C49b0afe5-ab0e-4389-abe8-bcec5c700e02&AppEnvironment=datacollector-binary&UploadType=eteventstream] status=Processing
[2018.03.15-08.10.06:425][ 92]LogModuleManager: Shutting down and abandoning module SSL (40)
[2018.03.15-08.10.06:428][ 92]LogModuleManager: Shutting down and abandoning module AnimationModifiers (36)
[2018.03.15-08.10.06:428][ 92]LogModuleManager: Shutting down and abandoning module PropertyEditor (35)
[2018.03.15-08.10.06:428][ 92]LogModuleManager: Shutting down and abandoning module AudioEditor (32)
[2018.03.15-08.10.06:457][ 92]LogModuleManager: Shutting down and abandoning module TextureCompressor (30)
[2018.03.15-08.10.06:473][ 92]LogModuleManager: Shutting down and abandoning module ShaderCore (28)
[2018.03.15-08.10.06:473][ 92]LogModuleManager: Shutting down and abandoning module Landscape (26)
[2018.03.15-08.10.06:473][ 92]LogModuleManager: Shutting down and abandoning module SlateRHIRenderer (24)
[2018.03.15-08.10.06:487][ 92]LogModuleManager: Shutting down and abandoning module OpenGLDrv (22)
[2018.03.15-08.10.06:503][ 92]LogModuleManager: Shutting down and abandoning module D3D11RHI (20)
[2018.03.15-08.10.06:503][ 92]LogModuleManager: Shutting down and abandoning module AnimGraphRuntime (18)
[2018.03.15-08.10.06:503][ 92]LogModuleManager: Shutting down and abandoning module Renderer (16)
[2018.03.15-08.10.06:503][ 92]LogModuleManager: Shutting down and abandoning module Engine (14)
[2018.03.15-08.10.06:503][ 92]LogModuleManager: Shutting down and abandoning module CoreUObject (12)
[2018.03.15-08.10.06:503][ 92]LogModuleManager: Shutting down and abandoning module NetworkFile (10)
[2018.03.15-08.10.06:503][ 92]LogModuleManager: Shutting down and abandoning module CookedIterativeFile (8)
[2018.03.15-08.10.06:503][ 92]LogModuleManager: Shutting down and abandoning module StreamingFile (6)
[2018.03.15-08.10.06:503][ 92]LogModuleManager: Shutting down and abandoning module SandboxFile (4)
[2018.03.15-08.10.06:503][ 92]LogModuleManager: Shutting down and abandoning module PakFile (2)
[2018.03.15-08.10.06:518][ 92]LogExit: Exiting.
[2018.03.15-08.10.06:535][ 92]Log file closed, 03/15/18 09:10:06
